#
# There is insufficient memory for the Java Runtime Environment to continue.
# Native memory allocation (mmap) failed to map 65536 bytes for Failed to commit metaspace.
# Possible reasons:
#   The system is out of physical RAM or swap space
#   The process is running with CompressedOops enabled, and the Java Heap may be blocking the growth of the native heap
# Possible solutions:
#   Reduce memory load on the system
#   Increase physical memory or swap space
#   Check if swap backing store is full
#   Decrease Java heap size (-Xmx/-Xms)
#   Decrease number of Java threads
#   Decrease Java thread stack sizes (-Xss)
#   Set larger code cache with -XX:ReservedCodeCacheSize=
#   JVM is running with Unscaled Compressed Oops mode in which the Java heap is
#     placed in the first 4GB address space. The Java Heap base address is the
#     maximum limit for the native heap growth. Please use -XX:HeapBaseMinAddress
#     to set the Java Heap base and to place the Java Heap above 4GB virtual address.
# This output file may be truncated or incomplete.
#
#  Out of Memory Error (virtualSpaceNode.cpp:110), pid=4968, tid=17336
#
# JRE version: OpenJDK Runtime Environment Temurin-17.0.10+7 (17.0.10+7) (build 17.0.10+7)
# Java VM: OpenJDK 64-Bit Server VM Temurin-17.0.10+7 (17.0.10+7, mixed mode, tiered, compressed oops, compressed class ptrs, parallel gc, windows-amd64)
# No core dump will be written. Minidumps are not enabled by default on client versions of Windows
#

---------------  S U M M A R Y ------------

Command Line: --add-modules=ALL-SYSTEM --add-opens=java.base/java.util=ALL-UNNAMED --add-opens=java.base/java.lang=ALL-UNNAMED --add-opens=java.base/sun.nio.fs=ALL-UNNAMED -Declipse.application=org.eclipse.jdt.ls.core.id1 -Dosgi.bundles.defaultStartLevel=4 -Declipse.product=org.eclipse.jdt.ls.core.product -Djava.import.generatesMetadataFilesAtProjectRoot=false -DDetectVMInstallationsJob.disabled=true -Dfile.encoding=utf8 -XX:+UseParallelGC -XX:GCTimeRatio=4 -XX:AdaptiveSizePolicyWeight=90 -Dsun.zip.disableMemoryMapping=true -Xmx1G -Xms100m -Xlog:disable -javaagent:c:\Users\Admin\.vscode\extensions\redhat.java-1.28.1-win32-x64\lombok\lombok-1.18.31.jar -XX:+HeapDumpOnOutOfMemoryError -XX:HeapDumpPath=c:\Users\Admin\AppData\Roaming\Code\User\workspaceStorage\75a972a0f1d3fe6770d3baea9a49ca71\redhat.java -Daether.dependencyCollector.impl=bf c:\Users\Admin\.vscode\extensions\redhat.java-1.28.1-win32-x64\server\plugins\org.eclipse.equinox.launcher_1.6.700.v20231214-2017.jar -configuration c:\Users\Admin\AppData\Roaming\Code\User\globalStorage\redhat.java\1.28.1\config_win -data c:\Users\Admin\AppData\Roaming\Code\User\workspaceStorage\75a972a0f1d3fe6770d3baea9a49ca71\redhat.java\jdt_ws --stdio

Host: AMD Ryzen 5 5600G with Radeon Graphics         , 12 cores, 15G,  Windows 11 , 64 bit Build 22621 (10.0.22621.3085)
Time: Thu Mar 21 22:51:48 2024 Malay Peninsula Standard Time elapsed time: 1.564068 seconds (0d 0h 0m 1s)

---------------  T H R E A D  ---------------

Current thread (0x000001dcc9b68060):  JavaThread "Start Level: Equinox Container: e1f8a66c-a158-4ba0-9e9c-11bd79960fcf" daemon [_thread_in_vm, id=17336, stack(0x0000005ab1300000,0x0000005ab1400000)]

Stack: [0x0000005ab1300000,0x0000005ab1400000]
Native frames: (J=compiled Java code, j=interpreted, Vv=VM code, C=native code)
V  [jvm.dll+0x67d2c9]
V  [jvm.dll+0x834afa]
V  [jvm.dll+0x8365be]
V  [jvm.dll+0x836c23]
V  [jvm.dll+0x2477ff]
V  [jvm.dll+0x8307bb]
V  [jvm.dll+0x621d16]
V  [jvm.dll+0x621d7a]
V  [jvm.dll+0x6245aa]
V  [jvm.dll+0x6226b6]
V  [jvm.dll+0x23d160]
V  [jvm.dll+0x1ec25b]
V  [jvm.dll+0x1e1c01]
V  [jvm.dll+0x5427ce]
V  [jvm.dll+0x1f2647]
V  [jvm.dll+0x7adf9b]
V  [jvm.dll+0x7af36c]
V  [jvm.dll+0x7af6b8]
V  [jvm.dll+0x23face]
V  [jvm.dll+0x38260e]
C  0x000001dcb8b3ae1b

The last pc belongs to new (printed below).
Java frames: (J=compiled Java code, j=interpreted, Vv=VM code)
j  java.util.Formatter.parse(Ljava/lang/String;)Ljava/util/List;+175 java.base@17.0.10
j  java.util.Formatter.format(Ljava/util/Locale;Ljava/lang/String;[Ljava/lang/Object;)Ljava/util/Formatter;+12 java.base@17.0.10
j  java.util.Formatter.format(Ljava/lang/String;[Ljava/lang/Object;)Ljava/util/Formatter;+7 java.base@17.0.10
j  java.lang.String.format(Ljava/lang/String;[Ljava/lang/Object;)Ljava/lang/String;+9 java.base@17.0.10
j  java.util.logging.SimpleFormatter.format(Ljava/util/logging/LogRecord;)Ljava/lang/String;+157 java.logging@17.0.10
j  java.util.logging.StreamHandler.publish(Ljava/util/logging/LogRecord;)V+14 java.logging@17.0.10
j  java.util.logging.ConsoleHandler.publish(Ljava/util/logging/LogRecord;)V+2 java.logging@17.0.10
j  java.util.logging.Logger.log(Ljava/util/logging/LogRecord;)V+90 java.logging@17.0.10
j  java.util.logging.Logger.doLog(Ljava/util/logging/LogRecord;)V+46 java.logging@17.0.10
j  java.util.logging.Logger.log(Ljava/util/logging/Level;Ljava/lang/String;Ljava/lang/Throwable;)V+29 java.logging@17.0.10
j  org.apache.aries.spifly.BaseActivator.log(Ljava/util/logging/Level;Ljava/lang/String;Ljava/lang/Throwable;)V+16
j  org.apache.aries.spifly.BaseActivator.log(Ljava/util/logging/Level;Ljava/lang/String;)V+4
j  org.apache.aries.spifly.ProviderBundleTrackerCustomizer.log(Ljava/util/logging/Level;Ljava/lang/String;)V+6
j  org.apache.aries.spifly.ProviderBundleTrackerCustomizer.addingBundle(Lorg/osgi/framework/Bundle;Lorg/osgi/framework/BundleEvent;)Ljava/util/List;+829
j  org.apache.aries.spifly.ProviderBundleTrackerCustomizer.addingBundle(Lorg/osgi/framework/Bundle;Lorg/osgi/framework/BundleEvent;)Ljava/lang/Object;+3
j  org.osgi.util.tracker.BundleTracker$Tracked.customizerAdding(Lorg/osgi/framework/Bundle;Lorg/osgi/framework/BundleEvent;)Ljava/lang/Object;+9
j  org.osgi.util.tracker.BundleTracker$Tracked.customizerAdding(Ljava/lang/Object;Ljava/lang/Object;)Ljava/lang/Object;+9
j  org.osgi.util.tracker.AbstractTracked.trackAdding(Ljava/lang/Object;Ljava/lang/Object;)V+8
j  org.osgi.util.tracker.AbstractTracked.trackInitial()V+90
j  org.osgi.util.tracker.BundleTracker.open()V+130
j  org.apache.aries.spifly.BaseActivator.start(Lorg/osgi/framework/BundleContext;Ljava/lang/String;)V+105
j  org.apache.aries.spifly.dynamic.DynamicWeavingActivator.start(Lorg/osgi/framework/BundleContext;)V+31
j  org.eclipse.osgi.internal.framework.BundleContextImpl$2.run()Ljava/lang/Void;+23
j  org.eclipse.osgi.internal.framework.BundleContextImpl$2.run()Ljava/lang/Object;+1
J 903 c1 java.security.AccessController.executePrivileged(Ljava/security/PrivilegedExceptionAction;Ljava/security/AccessControlContext;Ljava/lang/Class;)Ljava/lang/Object; java.base@17.0.10 (65 bytes) @ 0x000001dcb176d334 [0x000001dcb176d1e0+0x0000000000000154]
j  java.security.AccessController.doPrivileged(Ljava/security/PrivilegedExceptionAction;)Ljava/lang/Object;+9 java.base@17.0.10
j  org.eclipse.osgi.internal.framework.BundleContextImpl.startActivator(Lorg/osgi/framework/BundleActivator;)V+9
j  org.eclipse.osgi.internal.framework.BundleContextImpl.start()V+134
j  org.eclipse.osgi.internal.framework.EquinoxBundle.startWorker0()V+35
j  org.eclipse.osgi.internal.framework.EquinoxBundle$EquinoxModule.startWorker()V+4
j  org.eclipse.osgi.container.Module.doStart([Lorg/eclipse/osgi/container/Module$StartOptions;)Lorg/eclipse/osgi/container/ModuleContainerAdaptor$ModuleEvent;+190
j  org.eclipse.osgi.container.Module.start([Lorg/eclipse/osgi/container/Module$StartOptions;)V+460
j  org.eclipse.osgi.container.ModuleContainer$ContainerStartLevel$2.run()V+71
j  org.eclipse.osgi.internal.framework.EquinoxContainerAdaptor$1$1.execute(Ljava/lang/Runnable;)V+1
j  org.eclipse.osgi.container.ModuleContainer$ContainerStartLevel.incStartLevel(ILjava/util/List;Z)V+193
j  org.eclipse.osgi.container.ModuleContainer$ContainerStartLevel.incStartLevel(ILjava/util/List;Ljava/util/List;Ljava/util/List;Ljava/util/List;)V+19
j  org.eclipse.osgi.container.ModuleContainer$ContainerStartLevel.doContainerStartLevel(Lorg/eclipse/osgi/container/Module;I[Lorg/osgi/framework/FrameworkListener;)V+349
j  org.eclipse.osgi.container.ModuleContainer$ContainerStartLevel.dispatchEvent(Lorg/eclipse/osgi/container/Module;[Lorg/osgi/framework/FrameworkListener;ILjava/lang/Integer;)V+32
j  org.eclipse.osgi.container.ModuleContainer$ContainerStartLevel.dispatchEvent(Ljava/lang/Object;Ljava/lang/Object;ILjava/lang/Object;)V+15
j  org.eclipse.osgi.framework.eventmgr.EventManager.dispatchEvent(Ljava/util/Set;Lorg/eclipse/osgi/framework/eventmgr/EventDispatcher;ILjava/lang/Object;)V+48
j  org.eclipse.osgi.framework.eventmgr.EventManager$EventThread.run()V+26
v  ~StubRoutines::call_stub
new  187 new  [0x000001dcb8b3ac80, 0x000001dcb8b3aea0]  544 bytes
[MachCode]
  0x000001dcb8b3ac80: 4883 ec08 | c5fa 1104 | 24eb 1f48 | 83ec 10c5 | fb11 0424 | eb14 4883 | ec10 4889 | 0424 48c7 
  0x000001dcb8b3aca0: 4424 0800 | 0000 00eb | 0150 410f | b755 010f | cac1 ea10 | 488b 4de8 | 488b 4908 | 488b 4908 
  0x000001dcb8b3acc0: 488b 4108 | 807c 1004 | 070f 85d6 | 0000 0066 | 8b54 d148 | 488b 4928 | 488b 4cd1 | 0851 80b9 
  0x000001dcb8b3ace0: 3301 0000 | 040f 85b9 | 0000 008b | 5108 f7c2 | 0100 0000 | 0f85 aa00 | 0000 498b | 8708 0100 
  0x000001dcb8b3ad00: 0048 8d1c | 1049 3b9f | 1801 0000 | 0f87 9200 | 0000 4989 | 9f08 0100 | 00e9 0000 | 0000 4883 
  0x000001dcb8b3ad20: ea10 0f84 | 0f00 0000 | 33c9 c1ea | 0348 894c | d008 48ff | ca75 f648 | c700 0100 | 0000 5933 
  0x000001dcb8b3ad40: f689 700c | 48c1 e903 | 8948 0849 | ba7a 35fd | b5f8 7f00 | 0041 803a | 000f 8440 | 0000 0050 
  0x000001dcb8b3ad60: 488b c848 | 83ec 20f7 | c40f 0000 | 000f 841a | 0000 0048 | 83ec 0849 | ba20 30b3 | b5f8 7f00 
  0x000001dcb8b3ad80: 0041 ffd2 | 4883 c408 | e90d 0000 | 0049 ba20 | 30b3 b5f8 | 7f00 0041 | ffd2 4883 | c420 58e9 
  0x000001dcb8b3ada0: cd00 0000 | 5948 8b55 | e848 8b52 | 0848 8b52 | 0845 0fb7 | 4501 410f | c841 c1e8 | 10e8 0500 
  0x000001dcb8b3adc0: 0000 e9aa | 0000 0048 | 8d44 2408 | 4c89 6dc0 | 498b cfc5 | f877 4989 | afa8 0200 | 0049 8987 
  0x000001dcb8b3ade0: 9802 0000 | 4883 ec20 | f7c4 0f00 | 0000 0f84 | 1a00 0000 | 4883 ec08 | 49ba c025 | 7db5 f87f 
  0x000001dcb8b3ae00: 0000 41ff | d248 83c4 | 08e9 0d00 | 0000 49ba | c025 7db5 | f87f 0000 | 41ff d248 | 83c4 2049 
  0x000001dcb8b3ae20: c787 9802 | 0000 0000 | 0000 49c7 | 87a8 0200 | 0000 0000 | 0049 c787 | a002 0000 | 0000 0000 
  0x000001dcb8b3ae40: c5f8 7749 | 817f 0800 | 0000 000f | 8405 0000 | 00e9 aa60 | feff 498b | 87f0 0200 | 0049 c787 
  0x000001dcb8b3ae60: f002 0000 | 0000 0000 | 4c8b 6dc0 | 4c8b 75c8 | c341 0fb6 | 5d03 4983 | c503 49ba | 90a1 ffb5 
  0x000001dcb8b3ae80: f87f 0000 | 41ff 24da | 0000 0000 | 0000 0000 | 0000 0000 | 0000 0000 | 0000 0000 | 0000 0000 
[/MachCode]

Compiled method (c1)    1603  903       3       java.security.AccessController::executePrivileged (65 bytes)
 total in heap  [0x000001dcb176d010,0x000001dcb176d5f8] = 1512
 relocation     [0x000001dcb176d168,0x000001dcb176d1c8] = 96
 main code      [0x000001dcb176d1e0,0x000001dcb176d480] = 672
 stub code      [0x000001dcb176d480,0x000001dcb176d4d8] = 88
 metadata       [0x000001dcb176d4d8,0x000001dcb176d4e8] = 16
 scopes data    [0x000001dcb176d4e8,0x000001dcb176d560] = 120
 scopes pcs     [0x000001dcb176d560,0x000001dcb176d5e0] = 128
 dependencies   [0x000001dcb176d5e0,0x000001dcb176d5e8] = 8
 nul chk table  [0x000001dcb176d5e8,0x000001dcb176d5f8] = 16

[Constant Pool (empty)]

[MachCode]
[Verified Entry Point]
  # {method} {0x000001dcc3030fe8} 'executePrivileged' '(Ljava/security/PrivilegedExceptionAction;Ljava/security/AccessControlContext;Ljava/lang/Class;)Ljava/lang/Object;' in 'java/security/AccessController'
  # parm0:    rdx:rdx   = 'java/security/PrivilegedExceptionAction'
  # parm1:    r8:r8     = 'java/security/AccessControlContext'
  # parm2:    r9:r9     = 'java/lang/Class'
  #           [sp+0x50]  (sp of caller)
  0x000001dcb176d1e0: 8984 2400 | 90ff ff55 | 4883 ec40 | 4c89 4424 

  0x000001dcb176d1f0: ;   {metadata(method data for {method} {0x000001dcc3030fe8} 'executePrivileged' '(Ljava/security/PrivilegedExceptionAction;Ljava/security/AccessControlContext;Ljava/lang/Class;)Ljava/lang/Object;' in 'java/security/AccessController')}
  0x000001dcb176d1f0: 3048 be60 | 0a9b c3dc | 0100 008b | becc 0000 | 0083 c702 | 89be cc00 | 0000 81e7 | fe07 0000 
  0x000001dcb176d210: 83ff 000f | 84b7 0100 | 0049 83f8 

  0x000001dcb176d21c: ;   {metadata(method data for {method} {0x000001dcc3030fe8} 'executePrivileged' '(Ljava/security/PrivilegedExceptionAction;Ljava/security/AccessControlContext;Ljava/lang/Class;)Ljava/lang/Object;' in 'java/security/AccessController')}
  0x000001dcb176d21c: 0048 be60 | 0a9b c3dc | 0100 0048 | bf10 0100 | 0000 0000 | 000f 840a | 0000 0048 | bf20 0100 
  0x000001dcb176d23c: 0000 0000 | 0048 8b1c | 3e48 8d5b | 0148 891c | 3e4c 894c | 2428 4889 | 5424 200f | 841f 0000 
  0x000001dcb176d25c: ;   {metadata(method data for {method} {0x000001dcc3030fe8} 'executePrivileged' '(Ljava/security/PrivilegedExceptionAction;Ljava/security/AccessControlContext;Ljava/lang/Class;)Ljava/lang/Object;' in 'java/security/AccessController')}
  0x000001dcb176d25c: 0048 be60 | 0a9b c3dc | 0100 0048 | 8386 3001 | 0000 0149 | 8bd0 0f1f 

  0x000001dcb176d274: ;   {static_call}
  0x000001dcb176d274: 4400 00e8 

  0x000001dcb176d278: ; ImmutableOopMap {[32]=Oop [40]=Oop [48]=Oop }
                      ;*invokestatic ensureMaterializedForStackWalk {reexecute=0 rethrow=0 return_oop=0}
                      ; - java.security.AccessController::executePrivileged@5
  0x000001dcb176d278: 0902 0000 

  0x000001dcb176d27c: ;   {metadata(method data for {method} {0x000001dcc3030fe8} 'executePrivileged' '(Ljava/security/PrivilegedExceptionAction;Ljava/security/AccessControlContext;Ljava/lang/Class;)Ljava/lang/Object;' in 'java/security/AccessController')}
  0x000001dcb176d27c: 48ba 600a | 9bc3 dc01 | 0000 ff82 | 4001 0000 | 488b 5424 | 2048 3b02 

  0x000001dcb176d294: ;   {metadata(method data for {method} {0x000001dcc3030fe8} 'executePrivileged' '(Ljava/security/PrivilegedExceptionAction;Ljava/security/AccessControlContext;Ljava/lang/Class;)Ljava/lang/Object;' in 'java/security/AccessController')}
  0x000001dcb176d294: 488b f248 | bf60 0a9b | c3dc 0100 | 008b 7608 | 48c1 e603 | 483b b7b0 | 0100 0075 | 0d48 8387 
  0x000001dcb176d2b4: b801 0000 | 01e9 6600 | 0000 483b | b7c0 0100 | 0075 0d48 | 8387 c801 | 0000 01e9 | 5000 0000 
  0x000001dcb176d2d4: 4881 bfb0 | 0100 0000 | 0000 0075 | 1748 89b7 | b001 0000 | 48c7 87b8 | 0100 0001 | 0000 00e9 
  0x000001dcb176d2f4: 2c00 0000 | 4881 bfc0 | 0100 0000 | 0000 0075 | 1748 89b7 | c001 0000 | 48c7 87c8 | 0100 0001 
  0x000001dcb176d314: 0000 00e9 | 0800 0000 | 4883 87a0 | 0100 0001 | 9048 b8a0 | fb96 c9dc 

  0x000001dcb176d32c: ;   {virtual_call}
  0x000001dcb176d32c: 0100 00e8 

  0x000001dcb176d330: ; ImmutableOopMap {[40]=Oop [48]=Oop }
                      ;*invokeinterface run {reexecute=0 rethrow=0 return_oop=0}
                      ; - java.security.AccessController::executePrivileged@29
  0x000001dcb176d330: d430 4b07 

  0x000001dcb176d334: ;   {metadata(method data for {method} {0x000001dcc3030fe8} 'executePrivileged' '(Ljava/security/PrivilegedExceptionAction;Ljava/security/AccessControlContext;Ljava/lang/Class;)Ljava/lang/Object;' in 'java/security/AccessController')}
  0x000001dcb176d334: 48be 600a | 9bc3 dc01 | 0000 ff86 | d801 0000 | 4c8b 4c24 

  0x000001dcb176d348: ;   {metadata(method data for {method} {0x000001dcc3030fe8} 'executePrivileged' '(Ljava/security/PrivilegedExceptionAction;Ljava/security/AccessControlContext;Ljava/lang/Class;)Ljava/lang/Object;' in 'java/security/AccessController')}
  0x000001dcb176d348: 2848 be60 | 0a9b c3dc | 0100 0048 | 8386 3802 

  0x000001dcb176d358: ;   {metadata(method data for {method} {0x000001dcc3035da8} 'reachabilityFence' '(Ljava/lang/Object;)V' in 'java/lang/ref/Reference')}
  0x000001dcb176d358: 0000 0148 | be58 575e | c3dc 0100 | 008b becc | 0000 0083 | c702 89be | cc00 0000 | 81e7 feff 
  0x000001dcb176d378: 1f00 83ff | 000f 8473 

  0x000001dcb176d380: ;   {metadata(method data for {method} {0x000001dcc3030fe8} 'executePrivileged' '(Ljava/security/PrivilegedExceptionAction;Ljava/security/AccessControlContext;Ljava/lang/Class;)Ljava/lang/Object;' in 'java/security/AccessController')}
  0x000001dcb176d380: 0000 0048 | be60 0a9b | c3dc 0100 | 0048 8386 | 4802 0000 

  0x000001dcb176d394: ;   {metadata(method data for {method} {0x000001dcc3035da8} 'reachabilityFence' '(Ljava/lang/Object;)V' in 'java/lang/ref/Reference')}
  0x000001dcb176d394: 0148 be58 | 575e c3dc | 0100 008b | becc 0000 | 0083 c702 | 89be cc00 | 0000 81e7 | feff 1f00 
  0x000001dcb176d3b4: 83ff 000f | 845a 0000 | 0048 83c4 

  0x000001dcb176d3c0: ;   {poll_return}
  0x000001dcb176d3c0: 405d 493b | a750 0300 | 000f 8766 | 0000 00c3 

  0x000001dcb176d3d0: ;   {metadata({method} {0x000001dcc3030fe8} 'executePrivileged' '(Ljava/security/PrivilegedExceptionAction;Ljava/security/AccessControlContext;Ljava/lang/Class;)Ljava/lang/Object;' in 'java/security/AccessController')}
  0x000001dcb176d3d0: 49ba e00f | 03c3 dc01 | 0000 4c89 | 5424 0848 | c704 24ff 

  0x000001dcb176d3e4: ;   {runtime_call counter_overflow Runtime1 stub}
  0x000001dcb176d3e4: ffff ffe8 

  0x000001dcb176d3e8: ; ImmutableOopMap {rdx=Oop r8=Oop [48]=Oop r9=Oop }
                      ;*synchronization entry
                      ; - java.security.AccessController::executePrivileged@-1
  0x000001dcb176d3e8: 94a5 4a07 | e928 feff 

  0x000001dcb176d3f0: ;   {runtime_call throw_null_pointer_exception Runtime1 stub}
  0x000001dcb176d3f0: ffe8 aa54 

  0x000001dcb176d3f4: ; ImmutableOopMap {[40]=Oop rdx=Oop [48]=Oop }
                      ;*invokeinterface run {reexecute=0 rethrow=0 return_oop=0}
                      ; - java.security.AccessController::executePrivileged@29
                      ;   {metadata({method} {0x000001dcc3035da8} 'reachabilityFence' '(Ljava/lang/Object;)V' in 'java/lang/ref/Reference')}
  0x000001dcb176d3f4: 4a07 49ba | a05d 03c3 | dc01 0000 | 4c89 5424 | 0848 c704 | 24ff ffff 

  0x000001dcb176d40c: ;   {runtime_call counter_overflow Runtime1 stub}
  0x000001dcb176d40c: ffe8 6ea5 

  0x000001dcb176d410: ; ImmutableOopMap {rax=Oop r9=Oop }
                      ;*synchronization entry
                      ; - java.lang.ref.Reference::reachabilityFence@-1
                      ; - java.security.AccessController::executePrivileged@56
  0x000001dcb176d410: 4a07 e96c 

  0x000001dcb176d414: ;   {metadata({method} {0x000001dcc3035da8} 'reachabilityFence' '(Ljava/lang/Object;)V' in 'java/lang/ref/Reference')}
  0x000001dcb176d414: ffff ff49 | baa0 5d03 | c3dc 0100 | 004c 8954 | 2408 48c7 | 0424 ffff 

  0x000001dcb176d42c: ;   {runtime_call counter_overflow Runtime1 stub}
  0x000001dcb176d42c: ffff e84d 

  0x000001dcb176d430: ; ImmutableOopMap {rax=Oop }
                      ;*synchronization entry
                      ; - java.lang.ref.Reference::reachabilityFence@-1
                      ; - java.security.AccessController::executePrivileged@60
  0x000001dcb176d430: a54a 07eb 

  0x000001dcb176d434: ;   {internal_word}
  0x000001dcb176d434: 8849 bac2 | d376 b1dc | 0100 004d | 8997 6803 

  0x000001dcb176d444: ;   {runtime_call SafepointBlob}
  0x000001dcb176d444: 0000 e9b5 | a240 0790 | 9049 8b87 | e003 0000 | 49c7 87e0 | 0300 0000 | 0000 0049 | c787 e803 
  0x000001dcb176d464: 0000 0000 | 0000 4883 

  0x000001dcb176d46c: ;   {runtime_call unwind_exception Runtime1 stub}
  0x000001dcb176d46c: c440 5de9 | 8c74 4107 | f4f4 f4f4 | f4f4 f4f4 | f4f4 f4f4 
[Stub Code]
  0x000001dcb176d480: ;   {no_reloc}
  0x000001dcb176d480: 0f1f 4400 

  0x000001dcb176d484: ;   {static_stub}
  0x000001dcb176d484: 0048 bb58 | 0d03 c3dc 

  0x000001dcb176d48c: ;   {runtime_call I2C/C2I adapters}
  0x000001dcb176d48c: 0100 00e9 | bc85 4007 

  0x000001dcb176d494: ;   {static_stub}
  0x000001dcb176d494: 9048 bb00 | 0000 0000 

  0x000001dcb176d49c: ;   {runtime_call}
  0x000001dcb176d49c: 0000 00e9 | fbff ffff 
[Exception Handler]
  0x000001dcb176d4a4: ;   {runtime_call handle_exception_from_callee Runtime1 stub}
  0x000001dcb176d4a4: e8d7 714a 

  0x000001dcb176d4a8: ;   {external_word}
  0x000001dcb176d4a8: 0748 b940 | 9ad7 b5f8 | 7f00 0048 

  0x000001dcb176d4b4: ;   {runtime_call}
  0x000001dcb176d4b4: 83e4 f049 | ba60 2da0 | b5f8 7f00 | 0041 ffd2 

  0x000001dcb176d4c4: ;   {section_word}
  0x000001dcb176d4c4: f449 bac5 | d476 b1dc | 0100 0041 

  0x000001dcb176d4d0: ;   {runtime_call DeoptimizationBlob}
  0x000001dcb176d4d0: 52e9 ca94 | 4007 f4f4 
[/MachCode]


---------------  P R O C E S S  ---------------

Threads class SMR info:
_java_thread_list=0x000001dcc998d220, length=17, elements={
0x000001dcae9619a0, 0x000001dcc27e1010, 0x000001dcc27e2db0, 0x000001dcc27ed000,
0x000001dcc27edc90, 0x000001dcc7958ad0, 0x000001dcc7959e80, 0x000001dcc796cfe0,
0x000001dcc796f5c0, 0x000001dcc7977ce0, 0x000001dcc7ab4800, 0x000001dcc9168960,
0x000001dcc7b0dd50, 0x000001dcc9a3e1f0, 0x000001dcc9a73770, 0x000001dcc9a73e70,
0x000001dcc9b68060
}

Java Threads: ( => current thread )
  0x000001dcae9619a0 JavaThread "main" [_thread_blocked, id=26868, stack(0x0000005aafa00000,0x0000005aafb00000)]
  0x000001dcc27e1010 JavaThread "Reference Handler" daemon [_thread_blocked, id=12528, stack(0x0000005aafd00000,0x0000005aafe00000)]
  0x000001dcc27e2db0 JavaThread "Finalizer" daemon [_thread_blocked, id=28364, stack(0x0000005aafe00000,0x0000005aaff00000)]
  0x000001dcc27ed000 JavaThread "Signal Dispatcher" daemon [_thread_blocked, id=9876, stack(0x0000005aaff00000,0x0000005ab0000000)]
  0x000001dcc27edc90 JavaThread "Attach Listener" daemon [_thread_blocked, id=19796, stack(0x0000005ab0000000,0x0000005ab0100000)]
  0x000001dcc7958ad0 JavaThread "Service Thread" daemon [_thread_blocked, id=17184, stack(0x0000005ab0100000,0x0000005ab0200000)]
  0x000001dcc7959e80 JavaThread "Monitor Deflation Thread" daemon [_thread_blocked, id=15568, stack(0x0000005ab0200000,0x0000005ab0300000)]
  0x000001dcc796cfe0 JavaThread "C2 CompilerThread0" daemon [_thread_blocked, id=28420, stack(0x0000005ab0300000,0x0000005ab0400000)]
  0x000001dcc796f5c0 JavaThread "C1 CompilerThread0" daemon [_thread_blocked, id=340, stack(0x0000005ab0400000,0x0000005ab0500000)]
  0x000001dcc7977ce0 JavaThread "Sweeper thread" daemon [_thread_blocked, id=20504, stack(0x0000005ab0500000,0x0000005ab0600000)]
  0x000001dcc7ab4800 JavaThread "Common-Cleaner" daemon [_thread_blocked, id=11488, stack(0x0000005ab0600000,0x0000005ab0700000)]
  0x000001dcc9168960 JavaThread "Notification Thread" daemon [_thread_blocked, id=3984, stack(0x0000005ab0800000,0x0000005ab0900000)]
  0x000001dcc7b0dd50 JavaThread "C2 CompilerThread1" daemon [_thread_blocked, id=3708, stack(0x0000005ab0700000,0x0000005ab0800000)]
  0x000001dcc9a3e1f0 JavaThread "Active Thread: Equinox Container: e1f8a66c-a158-4ba0-9e9c-11bd79960fcf" [_thread_blocked, id=12788, stack(0x0000005ab0a00000,0x0000005ab0b00000)]
  0x000001dcc9a73770 JavaThread "C2 CompilerThread2" daemon [_thread_blocked, id=3144, stack(0x0000005ab1100000,0x0000005ab1200000)]
  0x000001dcc9a73e70 JavaThread "Framework Event Dispatcher: Equinox Container: e1f8a66c-a158-4ba0-9e9c-11bd79960fcf" daemon [_thread_blocked, id=26620, stack(0x0000005ab1200000,0x0000005ab1300000)]
=>0x000001dcc9b68060 JavaThread "Start Level: Equinox Container: e1f8a66c-a158-4ba0-9e9c-11bd79960fcf" daemon [_thread_in_vm, id=17336, stack(0x0000005ab1300000,0x0000005ab1400000)]

Other Threads:
  0x000001dcc7904a60 VMThread "VM Thread" [stack: 0x0000005aafc00000,0x0000005aafd00000] [id=12244]
  0x000001dcc9168e40 WatcherThread [stack: 0x0000005ab0900000,0x0000005ab0a00000] [id=27560]
  0x000001dcae979310 GCTaskThread "GC Thread#0" [stack: 0x0000005aafb00000,0x0000005aafc00000] [id=26552]
  0x000001dcc922f740 GCTaskThread "GC Thread#1" [stack: 0x0000005ab0b00000,0x0000005ab0c00000] [id=9408]
  0x000001dcc9970c50 GCTaskThread "GC Thread#2" [stack: 0x0000005ab0c00000,0x0000005ab0d00000] [id=18552]
  0x000001dcc984e200 GCTaskThread "GC Thread#3" [stack: 0x0000005ab0d00000,0x0000005ab0e00000] [id=20196]
  0x000001dcc9919ec0 GCTaskThread "GC Thread#4" [stack: 0x0000005ab0e00000,0x0000005ab0f00000] [id=26840]
  0x000001dcc9970080 GCTaskThread "GC Thread#5" [stack: 0x0000005ab0f00000,0x0000005ab1000000] [id=11760]
  0x000001dcc984ba10 GCTaskThread "GC Thread#6" [stack: 0x0000005ab1000000,0x0000005ab1100000] [id=27252]
  0x000001dcc929e0f0 GCTaskThread "GC Thread#7" [stack: 0x0000005ab1400000,0x0000005ab1500000] [id=8112]

Threads with active compile tasks:

VM state: not at safepoint (normal execution)

VM Mutex/Monitor currently owned by a thread:  ([mutex/lock_event])
[0x000001dcae95cc60] Metaspace_lock - owner thread: 0x000001dcc9b68060

Heap address: 0x00000000c0000000, size: 1024 MB, Compressed Oops mode: 32-bit

CDS archive(s) not mapped
Compressed class space mapped at: 0x0000000100000000-0x0000000140000000, reserved size: 1073741824
Narrow klass base: 0x0000000000000000, Narrow klass shift: 3, Narrow klass range: 0x140000000

GC Precious Log:
 CPUs: 12 total, 12 available
 Memory: 15741M
 Large Page Support: Disabled
 NUMA Support: Disabled
 Compressed Oops: Enabled (32-bit)
 Alignments: Space 512K, Generation 512K, Heap 2M
 Heap Min Capacity: 100M
 Heap Initial Capacity: 100M
 Heap Max Capacity: 1G
 Pre-touch: Disabled
 Parallel Workers: 10

Heap:
 PSYoungGen      total 29696K, used 7076K [0x00000000eab00000, 0x00000000ecc00000, 0x0000000100000000)
  eden space 25600K, 11% used [0x00000000eab00000,0x00000000eadec450,0x00000000ec400000)
  from space 4096K, 99% used [0x00000000ec800000,0x00000000ecbfccf8,0x00000000ecc00000)
  to   space 4096K, 0% used [0x00000000ec400000,0x00000000ec400000,0x00000000ec800000)
 ParOldGen       total 68608K, used 1480K [0x00000000c0000000, 0x00000000c4300000, 0x00000000eab00000)
  object space 68608K, 2% used [0x00000000c0000000,0x00000000c0172210,0x00000000c4300000)
 Metaspace       used 15174K, committed 15360K, reserved 1114112K
  class space    used 1533K, committed 1600K, reserved 1048576K

Card table byte_map: [0x000001dcae2f0000,0x000001dcae500000] _byte_map_base: 0x000001dcadcf0000

Marking Bits: (ParMarkBitMap*) 0x00007ff8b5fed7d0
 Begin Bits: [0x000001dcc05f0000, 0x000001dcc15f0000)
 End Bits:   [0x000001dcc15f0000, 0x000001dcc25f0000)

Polling page: 0x000001dcac8a0000

Metaspace:

Usage:
  Non-class:     13.32 MB used.
      Class:      1.50 MB used.
       Both:     14.82 MB used.

Virtual space:
  Non-class space:       64.00 MB reserved,      13.44 MB ( 21%) committed,  1 nodes.
      Class space:        1.00 GB reserved,       1.56 MB ( <1%) committed,  1 nodes.
             Both:        1.06 GB reserved,      15.00 MB (  1%) committed. 

Chunk freelists:
   Non-Class:  2.35 MB
       Class:  14.40 MB
        Both:  16.75 MB

MaxMetaspaceSize: unlimited
CompressedClassSpaceSize: 1.00 GB
Initial GC threshold: 21.00 MB
Current GC threshold: 21.00 MB
CDS: off
MetaspaceReclaimPolicy: balanced
 - commit_granule_bytes: 65536.
 - commit_granule_words: 8192.
 - virtual_space_node_default_size: 8388608.
 - enlarge_chunks_in_place: 1.
 - new_chunks_are_fully_committed: 0.
 - uncommit_free_chunks: 1.
 - use_allocation_guard: 0.
 - handle_deallocations: 1.


Internal statistics:

num_allocs_failed_limit: 0.
num_arena_births: 94.
num_arena_deaths: 0.
num_vsnodes_births: 2.
num_vsnodes_deaths: 0.
num_space_committed: 240.
num_space_uncommitted: 0.
num_chunks_returned_to_freelist: 0.
num_chunks_taken_from_freelist: 289.
num_chunk_merges: 0.
num_chunk_splits: 189.
num_chunks_enlarged: 149.
num_inconsistent_stats: 0.

CodeHeap 'non-profiled nmethods': size=120000Kb used=778Kb max_used=778Kb free=119221Kb
 bounds [0x000001dcb90c0000, 0x000001dcb9330000, 0x000001dcc05f0000]
CodeHeap 'profiled nmethods': size=120000Kb used=3134Kb max_used=3134Kb free=116865Kb
 bounds [0x000001dcb15f0000, 0x000001dcb1900000, 0x000001dcb8b20000]
CodeHeap 'non-nmethods': size=5760Kb used=1162Kb max_used=1183Kb free=4597Kb
 bounds [0x000001dcb8b20000, 0x000001dcb8d90000, 0x000001dcb90c0000]
 total_blobs=2197 nmethods=1739 adapters=372
 compilation: enabled
              stopped_count=0, restarted_count=0
 full_count=0

Compilation events (20 events):
Event: 1.551 Thread 0x000001dcc796f5c0 nmethod 1727 0x000001dcb18f7e90 code [0x000001dcb18f81a0, 0x000001dcb18f9018]
Event: 1.551 Thread 0x000001dcc796f5c0 1728       3       jdk.internal.org.objectweb.asm.Type::<init> (26 bytes)
Event: 1.551 Thread 0x000001dcc796f5c0 nmethod 1728 0x000001dcb18f9510 code [0x000001dcb18f96a0, 0x000001dcb18f9838]
Event: 1.551 Thread 0x000001dcc796cfe0 nmethod 1721 0x000001dcb9181710 code [0x000001dcb91818a0, 0x000001dcb9181c98]
Event: 1.552 Thread 0x000001dcc796f5c0 1729       3       java.lang.invoke.AbstractValidatingLambdaMetafactory::isAdaptableTo (126 bytes)
Event: 1.552 Thread 0x000001dcc796f5c0 nmethod 1729 0x000001dcb18f9910 code [0x000001dcb18f9ba0, 0x000001dcb18fa5e8]
Event: 1.555 Thread 0x000001dcc796f5c0 1730   !   3       java.lang.invoke.MemberName$Factory::resolve (159 bytes)
Event: 1.555 Thread 0x000001dcc796f5c0 nmethod 1730 0x000001dcb18faa10 code [0x000001dcb18fac40, 0x000001dcb18fb2a8]
Event: 1.555 Thread 0x000001dcc796f5c0 1731       3       java.lang.invoke.DirectMethodHandle::<init> (148 bytes)
Event: 1.556 Thread 0x000001dcc796f5c0 nmethod 1731 0x000001dcb18fb590 code [0x000001dcb18fb840, 0x000001dcb18fc728]
Event: 1.556 Thread 0x000001dcc796f5c0 1733       3       java.lang.Character::codePointAt (51 bytes)
Event: 1.556 Thread 0x000001dcc796f5c0 nmethod 1733 0x000001dcb18fcc10 code [0x000001dcb18fce00, 0x000001dcb18fd468]
Event: 1.556 Thread 0x000001dcc796f5c0 1732       3       java.util.ImmutableCollections$List12::get (35 bytes)
Event: 1.556 Thread 0x000001dcc796f5c0 nmethod 1732 0x000001dcb18fd610 code [0x000001dcb18fd7c0, 0x000001dcb18fda68]
Event: 1.558 Thread 0x000001dcc796f5c0 1734       3       java.util.regex.Pattern::next (33 bytes)
Event: 1.558 Thread 0x000001dcc796f5c0 nmethod 1734 0x000001dcb18fdb10 code [0x000001dcb18fdcc0, 0x000001dcb18fdf28]
Event: 1.558 Thread 0x000001dcc796f5c0 1736       3       java.lang.invoke.InnerClassLambdaMetafactory::getOpcodeOffset (38 bytes)
Event: 1.558 Thread 0x000001dcc796f5c0 nmethod 1736 0x000001dcb18fe090 code [0x000001dcb18fe260, 0x000001dcb18fe538]
Event: 1.558 Thread 0x000001dcc796f5c0 1737       3       java.util.ImmutableCollections$Set12::<init> (53 bytes)
Event: 1.558 Thread 0x000001dcc796f5c0 nmethod 1737 0x000001dcb18fe610 code [0x000001dcb18fe8c0, 0x000001dcb18ff4c8]

GC Heap History (4 events):
Event: 0.898 GC heap before
{Heap before GC invocations=1 (full 0):
 PSYoungGen      total 29696K, used 25600K [0x00000000eab00000, 0x00000000ecc00000, 0x0000000100000000)
  eden space 25600K, 100% used [0x00000000eab00000,0x00000000ec400000,0x00000000ec400000)
  from space 4096K, 0% used [0x00000000ec800000,0x00000000ec800000,0x00000000ecc00000)
  to   space 4096K, 0% used [0x00000000ec400000,0x00000000ec400000,0x00000000ec800000)
 ParOldGen       total 68608K, used 0K [0x00000000c0000000, 0x00000000c4300000, 0x00000000eab00000)
  object space 68608K, 0% used [0x00000000c0000000,0x00000000c0000000,0x00000000c4300000)
 Metaspace       used 10998K, committed 11200K, reserved 1114112K
  class space    used 1096K, committed 1216K, reserved 1048576K
}
Event: 0.906 GC heap after
{Heap after GC invocations=1 (full 0):
 PSYoungGen      total 29696K, used 3156K [0x00000000eab00000, 0x00000000ecc00000, 0x0000000100000000)
  eden space 25600K, 0% used [0x00000000eab00000,0x00000000eab00000,0x00000000ec400000)
  from space 4096K, 77% used [0x00000000ec400000,0x00000000ec715150,0x00000000ec800000)
  to   space 4096K, 0% used [0x00000000ec800000,0x00000000ec800000,0x00000000ecc00000)
 ParOldGen       total 68608K, used 16K [0x00000000c0000000, 0x00000000c4300000, 0x00000000eab00000)
  object space 68608K, 0% used [0x00000000c0000000,0x00000000c0004000,0x00000000c4300000)
 Metaspace       used 10998K, committed 11200K, reserved 1114112K
  class space    used 1096K, committed 1216K, reserved 1048576K
}
Event: 1.470 GC heap before
{Heap before GC invocations=2 (full 0):
 PSYoungGen      total 29696K, used 28756K [0x00000000eab00000, 0x00000000ecc00000, 0x0000000100000000)
  eden space 25600K, 100% used [0x00000000eab00000,0x00000000ec400000,0x00000000ec400000)
  from space 4096K, 77% used [0x00000000ec400000,0x00000000ec715150,0x00000000ec800000)
  to   space 4096K, 0% used [0x00000000ec800000,0x00000000ec800000,0x00000000ecc00000)
 ParOldGen       total 68608K, used 16K [0x00000000c0000000, 0x00000000c4300000, 0x00000000eab00000)
  object space 68608K, 0% used [0x00000000c0000000,0x00000000c0004000,0x00000000c4300000)
 Metaspace       used 14706K, committed 14976K, reserved 1114112K
  class space    used 1471K, committed 1600K, reserved 1048576K
}
Event: 1.479 GC heap after
{Heap after GC invocations=2 (full 0):
 PSYoungGen      total 29696K, used 4083K [0x00000000eab00000, 0x00000000ecc00000, 0x0000000100000000)
  eden space 25600K, 0% used [0x00000000eab00000,0x00000000eab00000,0x00000000ec400000)
  from space 4096K, 99% used [0x00000000ec800000,0x00000000ecbfccf8,0x00000000ecc00000)
  to   space 4096K, 0% used [0x00000000ec400000,0x00000000ec400000,0x00000000ec800000)
 ParOldGen       total 68608K, used 1480K [0x00000000c0000000, 0x00000000c4300000, 0x00000000eab00000)
  object space 68608K, 2% used [0x00000000c0000000,0x00000000c0172210,0x00000000c4300000)
 Metaspace       used 14706K, committed 14976K, reserved 1114112K
  class space    used 1471K, committed 1600K, reserved 1048576K
}

Dll operation events (9 events):
Event: 0.080 Loaded shared library c:\Users\Admin\.vscode\extensions\redhat.java-1.28.1-win32-x64\jre\17.0.10-win32-x86_64\bin\java.dll
Event: 0.206 Loaded shared library c:\Users\Admin\.vscode\extensions\redhat.java-1.28.1-win32-x64\jre\17.0.10-win32-x86_64\bin\zip.dll
Event: 0.209 Loaded shared library C:\Users\Admin\.vscode\extensions\redhat.java-1.28.1-win32-x64\jre\17.0.10-win32-x86_64\bin\instrument.dll
Event: 0.220 Loaded shared library C:\Users\Admin\.vscode\extensions\redhat.java-1.28.1-win32-x64\jre\17.0.10-win32-x86_64\bin\net.dll
Event: 0.221 Loaded shared library C:\Users\Admin\.vscode\extensions\redhat.java-1.28.1-win32-x64\jre\17.0.10-win32-x86_64\bin\nio.dll
Event: 0.228 Loaded shared library C:\Users\Admin\.vscode\extensions\redhat.java-1.28.1-win32-x64\jre\17.0.10-win32-x86_64\bin\zip.dll
Event: 0.241 Loaded shared library C:\Users\Admin\.vscode\extensions\redhat.java-1.28.1-win32-x64\jre\17.0.10-win32-x86_64\bin\jimage.dll
Event: 0.297 Loaded shared library c:\Users\Admin\.vscode\extensions\redhat.java-1.28.1-win32-x64\jre\17.0.10-win32-x86_64\bin\verify.dll
Event: 1.344 Loaded shared library C:\Users\Admin\AppData\Roaming\Code\User\globalStorage\redhat.java\1.28.1\config_win\org.eclipse.equinox.launcher\org.eclipse.equinox.launcher.win32.win32.x86_64_1.2.900.v20240129-1338\eclipse_11900.dll

Deoptimization events (20 events):
Event: 1.537 Thread 0x000001dcc9b68060 Uncommon trap: trap_request=0xffffffde fr.pc=0x000001dcb912cdb4 relative=0x0000000000000294
Event: 1.537 Thread 0x000001dcc9b68060 Uncommon trap: reason=class_check action=maybe_recompile pc=0x000001dcb912cdb4 method=java.io.DataInputStream.readUnsignedByte()I @ 4 c2
Event: 1.537 Thread 0x000001dcc9b68060 DEOPT PACKING pc=0x000001dcb912cdb4 sp=0x0000005ab13fdab0
Event: 1.537 Thread 0x000001dcc9b68060 DEOPT UNPACKING pc=0x000001dcb8b766a3 sp=0x0000005ab13fda08 mode 2
Event: 1.537 Thread 0x000001dcc9b68060 Uncommon trap: trap_request=0xffffffde fr.pc=0x000001dcb912cdb4 relative=0x0000000000000294
Event: 1.537 Thread 0x000001dcc9b68060 Uncommon trap: reason=class_check action=maybe_recompile pc=0x000001dcb912cdb4 method=java.io.DataInputStream.readUnsignedByte()I @ 4 c2
Event: 1.537 Thread 0x000001dcc9b68060 DEOPT PACKING pc=0x000001dcb912cdb4 sp=0x0000005ab13fdab0
Event: 1.537 Thread 0x000001dcc9b68060 DEOPT UNPACKING pc=0x000001dcb8b766a3 sp=0x0000005ab13fda08 mode 2
Event: 1.537 Thread 0x000001dcc9b68060 Uncommon trap: trap_request=0xffffffde fr.pc=0x000001dcb912e0f8 relative=0x0000000000000498
Event: 1.537 Thread 0x000001dcc9b68060 Uncommon trap: reason=class_check action=maybe_recompile pc=0x000001dcb912e0f8 method=java.io.DataInputStream.readInt()I @ 6 c2
Event: 1.537 Thread 0x000001dcc9b68060 DEOPT PACKING pc=0x000001dcb912e0f8 sp=0x0000005ab13fdab0
Event: 1.537 Thread 0x000001dcc9b68060 DEOPT UNPACKING pc=0x000001dcb8b766a3 sp=0x0000005ab13fda68 mode 2
Event: 1.537 Thread 0x000001dcc9b68060 Uncommon trap: trap_request=0xffffffde fr.pc=0x000001dcb912e0f8 relative=0x0000000000000498
Event: 1.537 Thread 0x000001dcc9b68060 Uncommon trap: reason=class_check action=maybe_recompile pc=0x000001dcb912e0f8 method=java.io.DataInputStream.readInt()I @ 6 c2
Event: 1.537 Thread 0x000001dcc9b68060 DEOPT PACKING pc=0x000001dcb912e0f8 sp=0x0000005ab13fdab0
Event: 1.537 Thread 0x000001dcc9b68060 DEOPT UNPACKING pc=0x000001dcb8b766a3 sp=0x0000005ab13fda68 mode 2
Event: 1.537 Thread 0x000001dcc9b68060 Uncommon trap: trap_request=0xffffffde fr.pc=0x000001dcb912e0f8 relative=0x0000000000000498
Event: 1.537 Thread 0x000001dcc9b68060 Uncommon trap: reason=class_check action=maybe_recompile pc=0x000001dcb912e0f8 method=java.io.DataInputStream.readInt()I @ 6 c2
Event: 1.537 Thread 0x000001dcc9b68060 DEOPT PACKING pc=0x000001dcb912e0f8 sp=0x0000005ab13fdb30
Event: 1.537 Thread 0x000001dcc9b68060 DEOPT UNPACKING pc=0x000001dcb8b766a3 sp=0x0000005ab13fdae8 mode 2

Classes unloaded (0 events):
No events

Classes redefined (0 events):
No events

Internal exceptions (20 events):
Event: 0.785 Thread 0x000001dcae9619a0 Exception <a 'java/lang/ClassNotFoundException'{0x00000000ec0bc870}: sun/net/www/protocol/f/Handler> (0x00000000ec0bc870) 
thrown [s\src\hotspot\share\classfile\systemDictionary.cpp, line 256]
Event: 0.785 Thread 0x000001dcae9619a0 Exception <a 'java/lang/ClassNotFoundException'{0x00000000ec0bd9c0}: sun/net/www/protocol/c/Handler> (0x00000000ec0bd9c0) 
thrown [s\src\hotspot\share\classfile\systemDictionary.cpp, line 256]
Event: 0.795 Thread 0x000001dcae9619a0 Exception <a 'java/io/FileNotFoundException'{0x00000000ec0e4cb0}> (0x00000000ec0e4cb0) 
thrown [s\src\hotspot\share\prims\jni.cpp, line 516]
Event: 0.857 Thread 0x000001dcae9619a0 Implicit null exception at 0x000001dcb911dbfb to 0x000001dcb911e57c
Event: 0.857 Thread 0x000001dcae9619a0 Implicit null exception at 0x000001dcb910db6c to 0x000001dcb910dd48
Event: 0.857 Thread 0x000001dcae9619a0 Implicit null exception at 0x000001dcb91051ec to 0x000001dcb91053d0
Event: 0.857 Thread 0x000001dcae9619a0 Implicit null exception at 0x000001dcb910270f to 0x000001dcb9102785
Event: 0.892 Thread 0x000001dcae9619a0 Exception <a 'java/lang/NoSuchMethodError'{0x00000000ec3b70a0}: 'int java.lang.invoke.DirectMethodHandle$Holder.invokeStaticInit(java.lang.Object, java.lang.Object, java.lang.Object, java.lang.Object)'> (0x00000000ec3b70a0) 
thrown [s\src\hotspot\share\interpreter\linkResolver.cpp, line 759]
Event: 0.892 Thread 0x000001dcae9619a0 Exception <a 'java/lang/NoSuchMethodError'{0x00000000ec3c1710}: 'java.lang.Object java.lang.invoke.DirectMethodHandle$Holder.invokeInterface(java.lang.Object, java.lang.Object)'> (0x00000000ec3c1710) 
thrown [s\src\hotspot\share\interpreter\linkResolver.cpp, line 759]
Event: 0.893 Thread 0x000001dcae9619a0 Exception <a 'java/lang/IncompatibleClassChangeError'{0x00000000ec3c4f08}: Found class java.lang.Object, but interface was expected> (0x00000000ec3c4f08) 
thrown [s\src\hotspot\share\interpreter\linkResolver.cpp, line 826]
Event: 0.893 Thread 0x000001dcae9619a0 Exception <a 'java/lang/NoSuchMethodError'{0x00000000ec3c93f8}: 'void java.lang.invoke.DirectMethodHandle$Holder.invokeStatic(java.lang.Object, java.lang.Object)'> (0x00000000ec3c93f8) 
thrown [s\src\hotspot\share\interpreter\linkResolver.cpp, line 759]
Event: 0.894 Thread 0x000001dcae9619a0 Exception <a 'java/lang/NoSuchMethodError'{0x00000000ec3ccbf8}: 'void java.lang.invoke.DirectMethodHandle$Holder.invokeStaticInit(java.lang.Object, java.lang.Object)'> (0x00000000ec3ccbf8) 
thrown [s\src\hotspot\share\interpreter\linkResolver.cpp, line 759]
Event: 0.895 Thread 0x000001dcae9619a0 Exception <a 'java/lang/NoSuchMethodError'{0x00000000ec3d4008}: 'int java.lang.invoke.DirectMethodHandle$Holder.invokeStaticInit(java.lang.Object, java.lang.Object)'> (0x00000000ec3d4008) 
thrown [s\src\hotspot\share\interpreter\linkResolver.cpp, line 759]
Event: 0.937 Thread 0x000001dcae9619a0 Exception <a 'java/lang/NoSuchMethodError'{0x00000000eac5e490}: 'void java.lang.invoke.DirectMethodHandle$Holder.invokeSpecial(java.lang.Object, java.lang.Object, java.lang.Object)'> (0x00000000eac5e490) 
thrown [s\src\hotspot\share\interpreter\linkResolver.cpp, line 759]
Event: 1.210 Thread 0x000001dcae9619a0 Exception <a 'java/lang/NoSuchMethodError'{0x00000000eba15c88}: 'java.lang.Object java.lang.invoke.DirectMethodHandle$Holder.newInvokeSpecial(java.lang.Object, int, java.lang.Object)'> (0x00000000eba15c88) 
thrown [s\src\hotspot\share\interpreter\linkResolver.cpp, line 759]
Event: 1.313 Thread 0x000001dcae9619a0 Exception <a 'java/lang/UnsatisfiedLinkError'{0x00000000ebfb45d0}: 'void org.eclipse.equinox.launcher.JNIBridge._update_splash()'> (0x00000000ebfb45d0) 
thrown [s\src\hotspot\share\prims\nativeLookup.cpp, line 543]
Event: 1.436 Thread 0x000001dcc9b68060 Exception <a 'java/lang/NoSuchMethodError'{0x00000000ec30fff8}: 'java.lang.Object java.lang.invoke.DirectMethodHandle$Holder.invokeStaticInit(java.lang.Object)'> (0x00000000ec30fff8) 
thrown [s\src\hotspot\share\interpreter\linkResolver.cpp, line 759]
Event: 1.469 Thread 0x000001dcc9b68060 Exception <a 'java/lang/NoSuchMethodError'{0x00000000ec3d8530}: 'java.lang.Object java.lang.invoke.DirectMethodHandle$Holder.newInvokeSpecial(java.lang.Object, java.lang.Object, int, java.lang.Object)'> (0x00000000ec3d8530) 
thrown [s\src\hotspot\share\interpreter\linkResolver.cpp, line 759]
Event: 1.469 Thread 0x000001dcc9b68060 Exception <a 'java/lang/NoSuchMethodError'{0x00000000ec3dc818}: 'java.lang.Object java.lang.invoke.DirectMethodHandle$Holder.invokeSpecial(java.lang.Object, java.lang.Object, java.lang.Object, int, java.lang.Object)'> (0x00000000ec3dc818) 
thrown [s\src\hotspot\share\interpreter\linkResolver.cpp, line 759]
Event: 1.552 Thread 0x000001dcc9b68060 Exception <a 'java/lang/ClassNotFoundException'{0x00000000eadb3d08}: sun/util/logging/resources/spi/loggingProvider> (0x00000000eadb3d08) 
thrown [s\src\hotspot\share\classfile\systemDictionary.cpp, line 256]

VM Operations (20 events):
Event: 0.768 Executing VM operation: HandshakeAllThreads
Event: 0.768 Executing VM operation: HandshakeAllThreads done
Event: 0.844 Executing VM operation: ICBufferFull
Event: 0.845 Executing VM operation: ICBufferFull done
Event: 0.898 Executing VM operation: ParallelGCFailedAllocation
Event: 0.906 Executing VM operation: ParallelGCFailedAllocation done
Event: 1.192 Executing VM operation: HandshakeAllThreads
Event: 1.192 Executing VM operation: HandshakeAllThreads done
Event: 1.192 Executing VM operation: HandshakeAllThreads
Event: 1.192 Executing VM operation: HandshakeAllThreads done
Event: 1.198 Executing VM operation: HandshakeAllThreads
Event: 1.198 Executing VM operation: HandshakeAllThreads done
Event: 1.208 Executing VM operation: HandshakeAllThreads
Event: 1.208 Executing VM operation: HandshakeAllThreads done
Event: 1.426 Executing VM operation: HandshakeAllThreads
Event: 1.426 Executing VM operation: HandshakeAllThreads done
Event: 1.470 Executing VM operation: ParallelGCFailedAllocation
Event: 1.479 Executing VM operation: ParallelGCFailedAllocation done
Event: 1.537 Executing VM operation: HandshakeAllThreads
Event: 1.537 Executing VM operation: HandshakeAllThreads done

Events (20 events):
Event: 1.555 loading class java/util/ListResourceBundle
Event: 1.555 loading class java/util/ListResourceBundle done
Event: 1.555 loading class sun/util/logging/resources/logging done
Event: 1.555 loading class java/util/ResourceBundle$BundleReference
Event: 1.555 loading class java/util/ResourceBundle$BundleReference done
Event: 1.555 loading class sun/util/logging/resources/logging_en
Event: 1.555 loading class sun/util/logging/resources/logging_en done
Event: 1.555 loading class sun/util/logging/resources/logging_en
Event: 1.555 loading class sun/util/logging/resources/logging_en done
Event: 1.556 loading class sun/util/logging/resources/logging_en_US
Event: 1.556 loading class sun/util/logging/resources/logging_en_US done
Event: 1.556 loading class sun/util/logging/resources/logging_en_US
Event: 1.556 loading class sun/util/logging/resources/logging_en_US done
Event: 1.556 loading class java/util/Formatter
Event: 1.558 loading class java/util/Formatter done
Event: 1.558 loading class java/util/Locale$Category
Event: 1.560 loading class java/util/Locale$Category done
Event: 1.560 loading class java/util/Formatter$Conversion
Event: 1.560 loading class java/util/Formatter$Conversion done
Event: 1.560 loading class java/util/Formatter$FormatSpecifier


Dynamic libraries:
0x00007ff7287a0000 - 0x00007ff7287ae000 	c:\Users\Admin\.vscode\extensions\redhat.java-1.28.1-win32-x64\jre\17.0.10-win32-x86_64\bin\java.exe
0x00007ff98e5d0000 - 0x00007ff98e7e7000 	C:\WINDOWS\SYSTEM32\ntdll.dll
0x00007ff98cf30000 - 0x00007ff98cff4000 	C:\WINDOWS\System32\KERNEL32.DLL
0x00007ff98b910000 - 0x00007ff98bcb6000 	C:\WINDOWS\System32\KERNELBASE.dll
0x00007ff98c010000 - 0x00007ff98c121000 	C:\WINDOWS\System32\ucrtbase.dll
0x00007ff9726e0000 - 0x00007ff9726f7000 	c:\Users\Admin\.vscode\extensions\redhat.java-1.28.1-win32-x64\jre\17.0.10-win32-x86_64\bin\jli.dll
0x00007ff97b100000 - 0x00007ff97b11b000 	c:\Users\Admin\.vscode\extensions\redhat.java-1.28.1-win32-x64\jre\17.0.10-win32-x86_64\bin\VCRUNTIME140.dll
0x00007ff98e170000 - 0x00007ff98e31e000 	C:\WINDOWS\System32\USER32.dll
0x00007ff974e30000 - 0x00007ff9750c3000 	C:\WINDOWS\WinSxS\amd64_microsoft.windows.common-controls_6595b64144ccf1df_6.0.22621.2506_none_270c5ae97388e100\COMCTL32.dll
0x00007ff98c2f0000 - 0x00007ff98c316000 	C:\WINDOWS\System32\win32u.dll
0x00007ff98ce50000 - 0x00007ff98cef7000 	C:\WINDOWS\System32\msvcrt.dll
0x00007ff98c900000 - 0x00007ff98c929000 	C:\WINDOWS\System32\GDI32.dll
0x00007ff98c1d0000 - 0x00007ff98c2e8000 	C:\WINDOWS\System32\gdi32full.dll
0x00007ff98c130000 - 0x00007ff98c1ca000 	C:\WINDOWS\System32\msvcp_win.dll
0x00007ff98e420000 - 0x00007ff98e451000 	C:\WINDOWS\System32\IMM32.DLL
0x00007ff9883d0000 - 0x00007ff9883dc000 	c:\Users\Admin\.vscode\extensions\redhat.java-1.28.1-win32-x64\jre\17.0.10-win32-x86_64\bin\vcruntime140_1.dll
0x00007ff8ddc70000 - 0x00007ff8ddcfd000 	c:\Users\Admin\.vscode\extensions\redhat.java-1.28.1-win32-x64\jre\17.0.10-win32-x86_64\bin\msvcp140.dll
0x00007ff8b5450000 - 0x00007ff8b60b2000 	c:\Users\Admin\.vscode\extensions\redhat.java-1.28.1-win32-x64\jre\17.0.10-win32-x86_64\bin\server\jvm.dll
0x00007ff98cb70000 - 0x00007ff98cc23000 	C:\WINDOWS\System32\ADVAPI32.dll
0x00007ff98d000000 - 0x00007ff98d0a8000 	C:\WINDOWS\System32\sechost.dll
0x00007ff98bef0000 - 0x00007ff98bf18000 	C:\WINDOWS\System32\bcrypt.dll
0x00007ff98e460000 - 0x00007ff98e577000 	C:\WINDOWS\System32\RPCRT4.dll
0x00007ff979f20000 - 0x00007ff979f29000 	C:\WINDOWS\SYSTEM32\WSOCK32.dll
0x00007ff985320000 - 0x00007ff985354000 	C:\WINDOWS\SYSTEM32\WINMM.dll
0x00007ff98dc20000 - 0x00007ff98dc91000 	C:\WINDOWS\System32\WS2_32.dll
0x00007ff9841c0000 - 0x00007ff9841ca000 	C:\WINDOWS\SYSTEM32\VERSION.dll
0x00007ff98b7e0000 - 0x00007ff98b82d000 	C:\WINDOWS\SYSTEM32\POWRPROF.dll
0x00007ff98b7c0000 - 0x00007ff98b7d3000 	C:\WINDOWS\SYSTEM32\UMPDC.dll
0x00007ff98a950000 - 0x00007ff98a968000 	C:\WINDOWS\SYSTEM32\kernel.appcore.dll
0x00007ff92b010000 - 0x00007ff92b01a000 	c:\Users\Admin\.vscode\extensions\redhat.java-1.28.1-win32-x64\jre\17.0.10-win32-x86_64\bin\jimage.dll
0x00007ff9844c0000 - 0x00007ff9846f3000 	C:\WINDOWS\SYSTEM32\DBGHELP.DLL
0x00007ff98dca0000 - 0x00007ff98e029000 	C:\WINDOWS\System32\combase.dll
0x00007ff98e090000 - 0x00007ff98e167000 	C:\WINDOWS\System32\OLEAUT32.dll
0x00007ff971a00000 - 0x00007ff971a32000 	C:\WINDOWS\SYSTEM32\dbgcore.DLL
0x00007ff98bf90000 - 0x00007ff98c00a000 	C:\WINDOWS\System32\bcryptPrimitives.dll
0x00007ff92b000000 - 0x00007ff92b00e000 	c:\Users\Admin\.vscode\extensions\redhat.java-1.28.1-win32-x64\jre\17.0.10-win32-x86_64\bin\instrument.dll
0x00007ff901460000 - 0x00007ff901485000 	c:\Users\Admin\.vscode\extensions\redhat.java-1.28.1-win32-x64\jre\17.0.10-win32-x86_64\bin\java.dll
0x00007ff901440000 - 0x00007ff901458000 	c:\Users\Admin\.vscode\extensions\redhat.java-1.28.1-win32-x64\jre\17.0.10-win32-x86_64\bin\zip.dll
0x00007ff98d360000 - 0x00007ff98dbbb000 	C:\WINDOWS\System32\SHELL32.dll
0x00007ff989870000 - 0x00007ff98a166000 	C:\WINDOWS\SYSTEM32\windows.storage.dll
0x00007ff989730000 - 0x00007ff98986e000 	C:\WINDOWS\SYSTEM32\wintypes.dll
0x00007ff98e320000 - 0x00007ff98e413000 	C:\WINDOWS\System32\SHCORE.dll
0x00007ff98cce0000 - 0x00007ff98cd3e000 	C:\WINDOWS\System32\shlwapi.dll
0x00007ff98b840000 - 0x00007ff98b866000 	C:\WINDOWS\SYSTEM32\profapi.dll
0x00007ff901420000 - 0x00007ff901439000 	C:\Users\Admin\.vscode\extensions\redhat.java-1.28.1-win32-x64\jre\17.0.10-win32-x86_64\bin\net.dll
0x00007ff9859d0000 - 0x00007ff985b07000 	C:\WINDOWS\SYSTEM32\WINHTTP.dll
0x00007ff98add0000 - 0x00007ff98ae39000 	C:\WINDOWS\system32\mswsock.dll
0x00007ff901000000 - 0x00007ff901016000 	C:\Users\Admin\.vscode\extensions\redhat.java-1.28.1-win32-x64\jre\17.0.10-win32-x86_64\bin\nio.dll
0x00007ff919c50000 - 0x00007ff919c60000 	c:\Users\Admin\.vscode\extensions\redhat.java-1.28.1-win32-x64\jre\17.0.10-win32-x86_64\bin\verify.dll
0x00007ff8eb4b0000 - 0x00007ff8eb4ee000 	C:\Users\Admin\AppData\Roaming\Code\User\globalStorage\redhat.java\1.28.1\config_win\org.eclipse.equinox.launcher\org.eclipse.equinox.launcher.win32.win32.x86_64_1.2.900.v20240129-1338\eclipse_11900.dll
0x00007ff98d0b0000 - 0x00007ff98d250000 	C:\WINDOWS\System32\ole32.dll

dbghelp: loaded successfully - version: 4.0.5 - missing functions: none
symbol engine: initialized successfully - sym options: 0x614 - pdb path: .;c:\Users\Admin\.vscode\extensions\redhat.java-1.28.1-win32-x64\jre\17.0.10-win32-x86_64\bin;C:\WINDOWS\SYSTEM32;C:\WINDOWS\WinSxS\amd64_microsoft.windows.common-controls_6595b64144ccf1df_6.0.22621.2506_none_270c5ae97388e100;c:\Users\Admin\.vscode\extensions\redhat.java-1.28.1-win32-x64\jre\17.0.10-win32-x86_64\bin\server;C:\Users\Admin\AppData\Roaming\Code\User\globalStorage\redhat.java\1.28.1\config_win\org.eclipse.equinox.launcher\org.eclipse.equinox.launcher.win32.win32.x86_64_1.2.900.v20240129-1338

VM Arguments:
jvm_args: --add-modules=ALL-SYSTEM --add-opens=java.base/java.util=ALL-UNNAMED --add-opens=java.base/java.lang=ALL-UNNAMED --add-opens=java.base/sun.nio.fs=ALL-UNNAMED -Declipse.application=org.eclipse.jdt.ls.core.id1 -Dosgi.bundles.defaultStartLevel=4 -Declipse.product=org.eclipse.jdt.ls.core.product -Djava.import.generatesMetadataFilesAtProjectRoot=false -DDetectVMInstallationsJob.disabled=true -Dfile.encoding=utf8 -XX:+UseParallelGC -XX:GCTimeRatio=4 -XX:AdaptiveSizePolicyWeight=90 -Dsun.zip.disableMemoryMapping=true -Xmx1G -Xms100m -Xlog:disable -javaagent:c:\Users\Admin\.vscode\extensions\redhat.java-1.28.1-win32-x64\lombok\lombok-1.18.31.jar -XX:+HeapDumpOnOutOfMemoryError -XX:HeapDumpPath=c:\Users\Admin\AppData\Roaming\Code\User\workspaceStorage\75a972a0f1d3fe6770d3baea9a49ca71\redhat.java -Daether.dependencyCollector.impl=bf 
java_command: c:\Users\Admin\.vscode\extensions\redhat.java-1.28.1-win32-x64\server\plugins\org.eclipse.equinox.launcher_1.6.700.v20231214-2017.jar -configuration c:\Users\Admin\AppData\Roaming\Code\User\globalStorage\redhat.java\1.28.1\config_win -data c:\Users\Admin\AppData\Roaming\Code\User\workspaceStorage\75a972a0f1d3fe6770d3baea9a49ca71\redhat.java\jdt_ws --stdio
java_class_path (initial): c:\Users\Admin\.vscode\extensions\redhat.java-1.28.1-win32-x64\server\plugins\org.eclipse.equinox.launcher_1.6.700.v20231214-2017.jar
Launcher Type: SUN_STANDARD

[Global flags]
    uintx AdaptiveSizePolicyWeight                 = 90                                        {product} {command line}
     intx CICompilerCount                          = 4                                         {product} {ergonomic}
    uintx GCTimeRatio                              = 4                                         {product} {command line}
     bool HeapDumpOnOutOfMemoryError               = true                                   {manageable} {command line}
    ccstr HeapDumpPath                             = c:\Users\Admin\AppData\Roaming\Code\User\workspaceStorage\75a972a0f1d3fe6770d3baea9a49ca71\redhat.java         {manageable} {command line}
   size_t InitialHeapSize                          = 104857600                                 {product} {command line}
   size_t MaxHeapSize                              = 1073741824                                {product} {command line}
   size_t MaxNewSize                               = 357564416                                 {product} {ergonomic}
   size_t MinHeapDeltaBytes                        = 524288                                    {product} {ergonomic}
   size_t MinHeapSize                              = 104857600                                 {product} {command line}
   size_t NewSize                                  = 34603008                                  {product} {ergonomic}
    uintx NonNMethodCodeHeapSize                   = 5839372                                {pd product} {ergonomic}
    uintx NonProfiledCodeHeapSize                  = 122909434                              {pd product} {ergonomic}
   size_t OldSize                                  = 70254592                                  {product} {ergonomic}
    uintx ProfiledCodeHeapSize                     = 122909434                              {pd product} {ergonomic}
    uintx ReservedCodeCacheSize                    = 251658240                              {pd product} {ergonomic}
     bool SegmentedCodeCache                       = true                                      {product} {ergonomic}
   size_t SoftMaxHeapSize                          = 1073741824                             {manageable} {ergonomic}
     bool UseCompressedClassPointers               = true                           {product lp64_product} {ergonomic}
     bool UseCompressedOops                        = true                           {product lp64_product} {ergonomic}
     bool UseLargePagesIndividualAllocation        = false                                  {pd product} {ergonomic}
     bool UseParallelGC                            = true                                      {product} {command line}

Logging:
Log output configuration:
 #0: stdout all=off uptime,level,tags
 #1: stderr all=off uptime,level,tags

Environment Variables:
JAVA_HOME=C:\Program Files\Java\jdk-19
PATH=C:\Program Files\Common Files\Oracle\Java\javapath;C:\Program Files (x86)\Common Files\Intel\Shared Libraries\redist\intel64\compiler;C:\Program Files\Eclipse Adoptium\jre-8.0.345.1-hotspot\bin;C:\Program Files\Eclipse Adoptium\jre-17.0.4.8-hotspot\bin;C:\Program Files\Eclipse Adoptium\jre-11.0.16.8-hotspot\bin;C:\Program Files (x86)\Eclipse Adoptium\jre-8.0.345.1-hotspot\bin;C:\Windows\system32;C:\Windows;C:\Windows\System32\Wbem;C:\Windows\System32\WindowsPowerShell\v1.0\;C:\Windows\System32\OpenSSH\;C:\Python3;C:\Python3\scripts;C:\Python3\lib;C:\Users\Admin\AppData\Local\Microsoft\WindowsApps;C:\Users\Admin\AppData\Local\Programs\Microsoft VS Code\bin;C:\adb;C:\Program Files\nodejs\;C:\Program Files\Git\cmd;C:\WINDOWS\system32;C:\WINDOWS;C:\WINDOWS\System32\Wbem;C:\WINDOWS\System32\WindowsPowerShell\v1.0\;C:\WINDOWS\System32\OpenSSH\;C:\Users\Admin\AppData\Local\Pub\Cache\bin;C:\Program Files\Microsoft SQL Server\150\Tools\Binn\;C:\ProgramData\chocolatey\bin;F:\xampp\php;C:\ProgramData\ComposerSetup\bin;F:\xampp_new\php;C:\Program Files\Java\jdk-19\bin;C:\Program Files\Java\jdk1.8.0_202\bin;C:\Program Files\Java\jdk-19\bin;C:\Program Files (x86)\Common Files\Oracle\Java\javapath;C:\Users\Admin\AppData\Local\Microsoft\WindowsApps;C:\Users\Admin\AppData\Local\Programs\Microsoft VS Code\bin;C:\Users\Admin\AppData\Roaming\npm;F:\flutter\bin;C:\Users\Admin\AppData\Local\Pub\Cache\bin;C:\tools\dart-sdk\bin;C:\Users\Admin\AppData\Roaming\Pub\Cache\bin;C:\Users\Admin\AppData\Roaming\Composer\vendor\bin;F:\xampp_new\php;
USERNAME=Admin
OS=Windows_NT
PROCESSOR_IDENTIFIER=AMD64 Family 25 Model 80 Stepping 0, AuthenticAMD
TMP=C:\Users\Admin\AppData\Local\Temp
TEMP=C:\Users\Admin\AppData\Local\Temp



Periodic native trim disabled


---------------  S Y S T E M  ---------------

OS:
 Windows 11 , 64 bit Build 22621 (10.0.22621.3085)
OS uptime: 0 days 2:17 hours

CPU: total 12 (initial active 12) (12 cores per cpu, 2 threads per core) family 25 model 80 stepping 0 microcode 0x0, cx8, cmov, fxsr, ht, mmx, 3dnowpref, sse, sse2, sse3, ssse3, sse4a, sse4.1, sse4.2, popcnt, lzcnt, tsc, tscinvbit, avx, avx2, aes, erms, clmul, bmi1, bmi2, adx, sha, fma, vzeroupper, clflush, clflushopt
Processor Information for all 12 processors :
  Max Mhz: 3901, Current Mhz: 3901, Mhz Limit: 3901

Memory: 4k page, system-wide physical 15741M (4064M free)
TotalPageFile size 17789M (AvailPageFile size 1M)
current process WorkingSet (physical memory assigned to process): 93M, peak: 93M
current process commit charge ("private bytes"): 214M, peak: 214M

vm_info: OpenJDK 64-Bit Server VM (17.0.10+7) for windows-amd64 JRE (17.0.10+7), built on Jan 16 2024 23:25:11 by "admin" with MS VC++ 16.10 / 16.11 (VS2019)

END.
