#
# There is insufficient memory for the Java Runtime Environment to continue.
# Native memory allocation (malloc) failed to allocate 785056 bytes for Chunk::new
# Possible reasons:
#   The system is out of physical RAM or swap space
#   The process is running with CompressedOops enabled, and the Java Heap may be blocking the growth of the native heap
# Possible solutions:
#   Reduce memory load on the system
#   Increase physical memory or swap space
#   Check if swap backing store is full
#   Decrease Java heap size (-Xmx/-Xms)
#   Decrease number of Java threads
#   Decrease Java thread stack sizes (-Xss)
#   Set larger code cache with -XX:ReservedCodeCacheSize=
#   JVM is running with Unscaled Compressed Oops mode in which the Java heap is
#     placed in the first 4GB address space. The Java Heap base address is the
#     maximum limit for the native heap growth. Please use -XX:HeapBaseMinAddress
#     to set the Java Heap base and to place the Java Heap above 4GB virtual address.
# This output file may be truncated or incomplete.
#
#  Out of Memory Error (arena.cpp:191), pid=2016, tid=9560
#
# JRE version: OpenJDK Runtime Environment Temurin-17.0.10+7 (17.0.10+7) (build 17.0.10+7)
# Java VM: OpenJDK 64-Bit Server VM Temurin-17.0.10+7 (17.0.10+7, mixed mode, tiered, compressed oops, compressed class ptrs, parallel gc, windows-amd64)
# No core dump will be written. Minidumps are not enabled by default on client versions of Windows
#

---------------  S U M M A R Y ------------

Command Line: --add-modules=ALL-SYSTEM --add-opens=java.base/java.util=ALL-UNNAMED --add-opens=java.base/java.lang=ALL-UNNAMED --add-opens=java.base/sun.nio.fs=ALL-UNNAMED -Declipse.application=org.eclipse.jdt.ls.core.id1 -Dosgi.bundles.defaultStartLevel=4 -Declipse.product=org.eclipse.jdt.ls.core.product -Djava.import.generatesMetadataFilesAtProjectRoot=false -DDetectVMInstallationsJob.disabled=true -Dfile.encoding=utf8 -XX:+UseParallelGC -XX:GCTimeRatio=4 -XX:AdaptiveSizePolicyWeight=90 -Dsun.zip.disableMemoryMapping=true -Xmx1G -Xms100m -Xlog:disable -javaagent:c:\Users\Admin\.vscode\extensions\redhat.java-1.28.1-win32-x64\lombok\lombok-1.18.31.jar -XX:+HeapDumpOnOutOfMemoryError -XX:HeapDumpPath=c:\Users\Admin\AppData\Roaming\Code\User\workspaceStorage\75a972a0f1d3fe6770d3baea9a49ca71\redhat.java -Daether.dependencyCollector.impl=bf c:\Users\Admin\.vscode\extensions\redhat.java-1.28.1-win32-x64\server\plugins\org.eclipse.equinox.launcher_1.6.700.v20231214-2017.jar -configuration c:\Users\Admin\AppData\Roaming\Code\User\globalStorage\redhat.java\1.28.1\config_win -data c:\Users\Admin\AppData\Roaming\Code\User\workspaceStorage\75a972a0f1d3fe6770d3baea9a49ca71\redhat.java\jdt_ws --stdio

Host: AMD Ryzen 5 5600G with Radeon Graphics         , 12 cores, 15G,  Windows 11 , 64 bit Build 22621 (10.0.22621.3085)
Time: Thu Mar 21 22:51:52 2024 Malay Peninsula Standard Time elapsed time: 4.144216 seconds (0d 0h 0m 4s)

---------------  T H R E A D  ---------------

Current thread (0x00000143d74cd570):  JavaThread "C2 CompilerThread1" daemon [_thread_in_native, id=9560, stack(0x000000150ca00000,0x000000150cb00000)]


Current CompileTask:
C2:   4144 3911       4       org.eclipse.osgi.internal.loader.BundleLoader::addExportedProvidersFor (167 bytes)

Stack: [0x000000150ca00000,0x000000150cb00000]
Native frames: (J=compiled Java code, j=interpreted, Vv=VM code, C=native code)
V  [jvm.dll+0x67d2c9]
V  [jvm.dll+0x834afa]
V  [jvm.dll+0x8365be]
V  [jvm.dll+0x836c23]
V  [jvm.dll+0x2477ff]
V  [jvm.dll+0xac514]
V  [jvm.dll+0xacb5c]
V  [jvm.dll+0x2aed1f]
V  [jvm.dll+0x584b67]
V  [jvm.dll+0x2228a2]
V  [jvm.dll+0x222c8f]
V  [jvm.dll+0x21bdb6]
V  [jvm.dll+0x219201]
V  [jvm.dll+0x1a502d]
V  [jvm.dll+0x2290de]
V  [jvm.dll+0x2272ac]
V  [jvm.dll+0x7e9bb7]
V  [jvm.dll+0x7e3fba]
V  [jvm.dll+0x67c1b5]
C  [ucrtbase.dll+0x29363]
C  [KERNEL32.DLL+0x1257d]
C  [ntdll.dll+0x5aa58]


---------------  P R O C E S S  ---------------

Threads class SMR info:
_java_thread_list=0x00000143d9f7fbb0, length=28, elements={
0x00000143bbf9f360, 0x00000143cfe24010, 0x00000143bc048ed0, 0x00000143cfe2aeb0,
0x00000143cfe2bc40, 0x00000143cfe2d300, 0x00000143d4f997c0, 0x00000143d4fa9210,
0x00000143d4faa070, 0x00000143d4fb2e90, 0x00000143d50e5ce0, 0x00000143d676ba00,
0x00000143d6fe4650, 0x00000143d6fc35a0, 0x00000143d71438f0, 0x00000143d5184a90,
0x00000143d75e1050, 0x00000143d77ad010, 0x00000143d507fcf0, 0x00000143d507d980,
0x00000143d507de90, 0x00000143d74cd570, 0x00000143d5080c20, 0x00000143d5081130,
0x00000143d507e3a0, 0x00000143d507e8b0, 0x00000143d507edc0, 0x00000143d7869000
}

Java Threads: ( => current thread )
  0x00000143bbf9f360 JavaThread "main" [_thread_blocked, id=8296, stack(0x000000150a900000,0x000000150aa00000)]
  0x00000143cfe24010 JavaThread "Reference Handler" daemon [_thread_blocked, id=1904, stack(0x000000150ac00000,0x000000150ad00000)]
  0x00000143bc048ed0 JavaThread "Finalizer" daemon [_thread_blocked, id=12044, stack(0x000000150ad00000,0x000000150ae00000)]
  0x00000143cfe2aeb0 JavaThread "Signal Dispatcher" daemon [_thread_blocked, id=14692, stack(0x000000150ae00000,0x000000150af00000)]
  0x00000143cfe2bc40 JavaThread "Attach Listener" daemon [_thread_blocked, id=10356, stack(0x000000150af00000,0x000000150b000000)]
  0x00000143cfe2d300 JavaThread "Service Thread" daemon [_thread_blocked, id=188, stack(0x000000150b000000,0x000000150b100000)]
  0x00000143d4f997c0 JavaThread "Monitor Deflation Thread" daemon [_thread_blocked, id=9956, stack(0x000000150b100000,0x000000150b200000)]
  0x00000143d4fa9210 JavaThread "C2 CompilerThread0" daemon [_thread_in_native, id=18788, stack(0x000000150b200000,0x000000150b300000)]
  0x00000143d4faa070 JavaThread "C1 CompilerThread0" daemon [_thread_blocked, id=28024, stack(0x000000150b300000,0x000000150b400000)]
  0x00000143d4fb2e90 JavaThread "Sweeper thread" daemon [_thread_blocked, id=16744, stack(0x000000150b400000,0x000000150b500000)]
  0x00000143d50e5ce0 JavaThread "Common-Cleaner" daemon [_thread_blocked, id=13584, stack(0x000000150b500000,0x000000150b600000)]
  0x00000143d676ba00 JavaThread "Notification Thread" daemon [_thread_blocked, id=4368, stack(0x000000150b700000,0x000000150b800000)]
  0x00000143d6fe4650 JavaThread "Active Thread: Equinox Container: 6e66ce00-5898-49b9-9c53-6e868cc54ba2" [_thread_blocked, id=18508, stack(0x000000150c000000,0x000000150c100000)]
  0x00000143d6fc35a0 JavaThread "Framework Event Dispatcher: Equinox Container: 6e66ce00-5898-49b9-9c53-6e868cc54ba2" daemon [_thread_blocked, id=20032, stack(0x000000150c100000,0x000000150c200000)]
  0x00000143d71438f0 JavaThread "Start Level: Equinox Container: 6e66ce00-5898-49b9-9c53-6e868cc54ba2" daemon [_thread_blocked, id=18668, stack(0x000000150c200000,0x000000150c300000)]
  0x00000143d5184a90 JavaThread "Bundle File Closer" daemon [_thread_blocked, id=7260, stack(0x000000150b600000,0x000000150b700000)]
  0x00000143d75e1050 JavaThread "SCR Component Actor" daemon [_thread_blocked, id=26620, stack(0x000000150b900000,0x000000150ba00000)]
  0x00000143d77ad010 JavaThread "SCR Component Registry" daemon [_thread_blocked, id=4968, stack(0x000000150c600000,0x000000150c700000)]
  0x00000143d507fcf0 JavaThread "Worker-JM" [_thread_blocked, id=3588, stack(0x000000150c700000,0x000000150c800000)]
  0x00000143d507d980 JavaThread "Worker-0: Updating Maven Dependencies" [_thread_blocked, id=4360, stack(0x000000150c800000,0x000000150c900000)]
  0x00000143d507de90 JavaThread "Worker-1: Repository registry initialization" [_thread_in_Java, id=16492, stack(0x000000150c900000,0x000000150ca00000)]
=>0x00000143d74cd570 JavaThread "C2 CompilerThread1" daemon [_thread_in_native, id=9560, stack(0x000000150ca00000,0x000000150cb00000)]
  0x00000143d5080c20 JavaThread "Java indexing" daemon [_thread_blocked, id=7752, stack(0x000000150cb00000,0x000000150cc00000)]
  0x00000143d5081130 JavaThread "JNA Cleaner" daemon [_thread_blocked, id=19116, stack(0x000000150cd00000,0x000000150ce00000)]
  0x00000143d507e3a0 JavaThread "pool-2-thread-1" [_thread_blocked, id=4272, stack(0x000000150d000000,0x000000150d100000)]
  0x00000143d507e8b0 JavaThread "WorkspaceEventsHandler" [_thread_blocked, id=12712, stack(0x000000150cc00000,0x000000150cd00000)]
  0x00000143d507edc0 JavaThread "pool-1-thread-1" [_thread_blocked, id=19700, stack(0x000000150d100000,0x000000150d200000)]
  0x00000143d7869000 JavaThread "Worker-2" [_thread_blocked, id=8612, stack(0x000000150d200000,0x000000150d300000)]

Other Threads:
  0x00000143bc0488d0 VMThread "VM Thread" [stack: 0x000000150ab00000,0x000000150ac00000] [id=28556]
  0x00000143d676bee0 WatcherThread [stack: 0x000000150b800000,0x000000150b900000] [id=27176]
  0x00000143bbfb62c0 GCTaskThread "GC Thread#0" [stack: 0x000000150aa00000,0x000000150ab00000] [id=19208]
  0x00000143d69dbc50 GCTaskThread "GC Thread#1" [stack: 0x000000150ba00000,0x000000150bb00000] [id=26772]
  0x00000143d6e78de0 GCTaskThread "GC Thread#2" [stack: 0x000000150bb00000,0x000000150bc00000] [id=28488]
  0x00000143d6f24fd0 GCTaskThread "GC Thread#3" [stack: 0x000000150bc00000,0x000000150bd00000] [id=26884]
  0x00000143d6f25290 GCTaskThread "GC Thread#4" [stack: 0x000000150bd00000,0x000000150be00000] [id=27076]
  0x00000143d6e749c0 GCTaskThread "GC Thread#5" [stack: 0x000000150be00000,0x000000150bf00000] [id=1696]
  0x00000143d6e74c80 GCTaskThread "GC Thread#6" [stack: 0x000000150bf00000,0x000000150c000000] [id=18512]
  0x00000143d7033040 GCTaskThread "GC Thread#7" [stack: 0x000000150c300000,0x000000150c400000] [id=9496]
  0x00000143d77cdb60 GCTaskThread "GC Thread#8" [stack: 0x000000150c400000,0x000000150c500000] [id=8112]
  0x00000143d77ad500 GCTaskThread "GC Thread#9" [stack: 0x000000150c500000,0x000000150c600000] [id=17336]

Threads with active compile tasks:
C2 CompilerThread0     4158 3909   !   4       org.eclipse.osgi.internal.loader.classpath.ClasspathManager::findLocalClass (210 bytes)
C2 CompilerThread1     4158 3911       4       org.eclipse.osgi.internal.loader.BundleLoader::addExportedProvidersFor (167 bytes)

VM state: not at safepoint (normal execution)

VM Mutex/Monitor currently owned by a thread:  ([mutex/lock_event])
[0x00000143bbf9a8f0] CodeCache_lock - owner thread: 0x00000143d507de90
[0x00000143bbf9ca70] Compile_lock - owner thread: 0x00000143d507de90

Heap address: 0x00000000c0000000, size: 1024 MB, Compressed Oops mode: 32-bit

CDS archive(s) not mapped
Compressed class space mapped at: 0x0000000100000000-0x0000000140000000, reserved size: 1073741824
Narrow klass base: 0x0000000000000000, Narrow klass shift: 3, Narrow klass range: 0x140000000

GC Precious Log:
 CPUs: 12 total, 12 available
 Memory: 15741M
 Large Page Support: Disabled
 NUMA Support: Disabled
 Compressed Oops: Enabled (32-bit)
 Alignments: Space 512K, Generation 512K, Heap 2M
 Heap Min Capacity: 100M
 Heap Initial Capacity: 100M
 Heap Max Capacity: 1G
 Pre-touch: Disabled
 Parallel Workers: 10

Heap:
 PSYoungGen      total 24576K, used 7120K [0x00000000eab00000, 0x00000000ec880000, 0x0000000100000000)
  eden space 23040K, 24% used [0x00000000eab00000,0x00000000eb089c98,0x00000000ec180000)
  from space 1536K, 94% used [0x00000000ec380000,0x00000000ec4ea628,0x00000000ec500000)
  to   space 2560K, 0% used [0x00000000ec600000,0x00000000ec600000,0x00000000ec880000)
 ParOldGen       total 68608K, used 14959K [0x00000000c0000000, 0x00000000c4300000, 0x00000000eab00000)
  object space 68608K, 21% used [0x00000000c0000000,0x00000000c0e9bc40,0x00000000c4300000)
 Metaspace       used 39070K, committed 39936K, reserved 1114112K
  class space    used 3956K, committed 4352K, reserved 1048576K

Card table byte_map: [0x00000143bb940000,0x00000143bbb50000] _byte_map_base: 0x00000143bb340000

Marking Bits: (ParMarkBitMap*) 0x00007ff8b5fed7d0
 Begin Bits: [0x00000143cdc30000, 0x00000143cec30000)
 End Bits:   [0x00000143cec30000, 0x00000143cfc30000)

Polling page: 0x00000143b9f80000

Metaspace:

Usage:
  Non-class:     34.29 MB used.
      Class:      3.86 MB used.
       Both:     38.15 MB used.

Virtual space:
  Non-class space:       64.00 MB reserved,      34.75 MB ( 54%) committed,  1 nodes.
      Class space:        1.00 GB reserved,       4.25 MB ( <1%) committed,  1 nodes.
             Both:        1.06 GB reserved,      39.00 MB (  4%) committed. 

Chunk freelists:
   Non-Class:  13.27 MB
       Class:  11.67 MB
        Both:  24.93 MB

MaxMetaspaceSize: unlimited
CompressedClassSpaceSize: 1.00 GB
Initial GC threshold: 21.00 MB
Current GC threshold: 58.38 MB
CDS: off
MetaspaceReclaimPolicy: balanced
 - commit_granule_bytes: 65536.
 - commit_granule_words: 8192.
 - virtual_space_node_default_size: 8388608.
 - enlarge_chunks_in_place: 1.
 - new_chunks_are_fully_committed: 0.
 - uncommit_free_chunks: 1.
 - use_allocation_guard: 0.
 - handle_deallocations: 1.


Internal statistics:

num_allocs_failed_limit: 6.
num_arena_births: 406.
num_arena_deaths: 14.
num_vsnodes_births: 2.
num_vsnodes_deaths: 0.
num_space_committed: 624.
num_space_uncommitted: 0.
num_chunks_returned_to_freelist: 20.
num_chunks_taken_from_freelist: 1663.
num_chunk_merges: 11.
num_chunk_splits: 1093.
num_chunks_enlarged: 741.
num_inconsistent_stats: 0.

CodeHeap 'non-profiled nmethods': size=120000Kb used=1880Kb max_used=1880Kb free=118119Kb
 bounds [0x00000143c6700000, 0x00000143c6970000, 0x00000143cdc30000]
CodeHeap 'profiled nmethods': size=120000Kb used=8316Kb max_used=8316Kb free=111683Kb
 bounds [0x00000143bec30000, 0x00000143bf450000, 0x00000143c6160000]
CodeHeap 'non-nmethods': size=5760Kb used=1266Kb max_used=1325Kb free=4494Kb
 bounds [0x00000143c6160000, 0x00000143c63d0000, 0x00000143c6700000]
 total_blobs=4522 nmethods=3930 adapters=505
 compilation: enabled
              stopped_count=0, restarted_count=0
 full_count=0

Compilation events (20 events):
Event: 4.099 Thread 0x00000143d4faa070 nmethod 3915 0x00000143bf43d090 code [0x00000143bf43d340, 0x00000143bf43e178]
Event: 4.101 Thread 0x00000143d74cd570 nmethod 3910 0x00000143c68d5990 code [0x00000143c68d5b40, 0x00000143c68d6068]
Event: 4.101 Thread 0x00000143d74cd570 3911       4       org.eclipse.osgi.internal.loader.BundleLoader::addExportedProvidersFor (167 bytes)
Event: 4.118 Thread 0x00000143d4faa070 3917       3       java.util.regex.Pattern::append (43 bytes)
Event: 4.118 Thread 0x00000143d4faa070 nmethod 3917 0x00000143bf43e790 code [0x00000143bf43e960, 0x00000143bf43ed18]
Event: 4.121 Thread 0x00000143d4faa070 3918       3       java.util.regex.Pattern$Node::<init> (12 bytes)
Event: 4.121 Thread 0x00000143d4faa070 nmethod 3918 0x00000143bf43ef10 code [0x00000143bf43f0a0, 0x00000143bf43f238]
Event: 4.121 Thread 0x00000143d4faa070 3919       3       java.lang.StringBuilder::charAt (6 bytes)
Event: 4.121 Thread 0x00000143d4faa070 nmethod 3919 0x00000143bf43f310 code [0x00000143bf43f4a0, 0x00000143bf43f5e8]
Event: 4.137 Thread 0x00000143d4faa070 3920       3       org.codehaus.plexus.util.xml.pull.MXParser::setNameStart (11 bytes)
Event: 4.137 Thread 0x00000143d4faa070 nmethod 3920 0x00000143bf43f690 code [0x00000143bf43f840, 0x00000143bf43fa48]
Event: 4.137 Thread 0x00000143d4faa070 3921       3       org.codehaus.plexus.util.xml.pull.MXParser::setName (7 bytes)
Event: 4.137 Thread 0x00000143d4faa070 nmethod 3921 0x00000143bf43fb10 code [0x00000143bf43fcc0, 0x00000143bf43fe98]
Event: 4.138 Thread 0x00000143d4faa070 3923       3       org.codehaus.plexus.util.xml.pull.MXParser::more (106 bytes)
Event: 4.138 Thread 0x00000143d4faa070 nmethod 3923 0x00000143bf43ff90 code [0x00000143bf4401e0, 0x00000143bf4409b8]
Event: 4.138 Thread 0x00000143d4faa070 3924       3       org.codehaus.plexus.util.xml.pull.MXParser::isValidCodePoint (64 bytes)
Event: 4.138 Thread 0x00000143d4faa070 nmethod 3924 0x00000143bf440c90 code [0x00000143bf440e40, 0x00000143bf441158]
Event: 4.141 Thread 0x00000143d4faa070 3925       3       org.codehaus.plexus.util.xml.pull.MXParser::isNameChar (56 bytes)
Event: 4.141 Thread 0x00000143d4faa070 nmethod 3925 0x00000143bf441210 code [0x00000143bf4413c0, 0x00000143bf441678]
Event: 4.141 Thread 0x00000143d4faa070 3926       3       org.codehaus.plexus.util.xml.pull.MXParser::nextImpl (1203 bytes)

GC Heap History (20 events):
Event: 2.429 GC heap before
{Heap before GC invocations=4 (full 0):
 PSYoungGen      total 29696K, used 29692K [0x00000000eab00000, 0x00000000ecc00000, 0x0000000100000000)
  eden space 25600K, 100% used [0x00000000eab00000,0x00000000ec400000,0x00000000ec400000)
  from space 4096K, 99% used [0x00000000ec400000,0x00000000ec7ff2c0,0x00000000ec800000)
  to   space 4096K, 0% used [0x00000000ec800000,0x00000000ec800000,0x00000000ecc00000)
 ParOldGen       total 68608K, used 5175K [0x00000000c0000000, 0x00000000c4300000, 0x00000000eab00000)
  object space 68608K, 7% used [0x00000000c0000000,0x00000000c050dd00,0x00000000c4300000)
 Metaspace       used 20909K, committed 21312K, reserved 1114112K
  class space    used 2114K, committed 2304K, reserved 1048576K
}
Event: 2.432 GC heap after
{Heap after GC invocations=4 (full 0):
 PSYoungGen      total 29696K, used 4089K [0x00000000eab00000, 0x00000000ecc00000, 0x0000000100000000)
  eden space 25600K, 0% used [0x00000000eab00000,0x00000000eab00000,0x00000000ec400000)
  from space 4096K, 99% used [0x00000000ec800000,0x00000000ecbfe6a8,0x00000000ecc00000)
  to   space 4096K, 0% used [0x00000000ec400000,0x00000000ec400000,0x00000000ec800000)
 ParOldGen       total 68608K, used 6523K [0x00000000c0000000, 0x00000000c4300000, 0x00000000eab00000)
  object space 68608K, 9% used [0x00000000c0000000,0x00000000c065ed40,0x00000000c4300000)
 Metaspace       used 20909K, committed 21312K, reserved 1114112K
  class space    used 2114K, committed 2304K, reserved 1048576K
}
Event: 2.460 GC heap before
{Heap before GC invocations=5 (full 0):
 PSYoungGen      total 29696K, used 5426K [0x00000000eab00000, 0x00000000ecc00000, 0x0000000100000000)
  eden space 25600K, 5% used [0x00000000eab00000,0x00000000eac4e210,0x00000000ec400000)
  from space 4096K, 99% used [0x00000000ec800000,0x00000000ecbfe6a8,0x00000000ecc00000)
  to   space 4096K, 0% used [0x00000000ec400000,0x00000000ec400000,0x00000000ec800000)
 ParOldGen       total 68608K, used 6523K [0x00000000c0000000, 0x00000000c4300000, 0x00000000eab00000)
  object space 68608K, 9% used [0x00000000c0000000,0x00000000c065ed40,0x00000000c4300000)
 Metaspace       used 21065K, committed 21504K, reserved 1114112K
  class space    used 2131K, committed 2304K, reserved 1048576K
}
Event: 2.462 GC heap after
{Heap after GC invocations=5 (full 0):
 PSYoungGen      total 29696K, used 4077K [0x00000000eab00000, 0x00000000ece00000, 0x0000000100000000)
  eden space 25600K, 0% used [0x00000000eab00000,0x00000000eab00000,0x00000000ec400000)
  from space 4096K, 99% used [0x00000000ec400000,0x00000000ec7fb538,0x00000000ec800000)
  to   space 5120K, 0% used [0x00000000ec900000,0x00000000ec900000,0x00000000ece00000)
 ParOldGen       total 68608K, used 6587K [0x00000000c0000000, 0x00000000c4300000, 0x00000000eab00000)
  object space 68608K, 9% used [0x00000000c0000000,0x00000000c066ed40,0x00000000c4300000)
 Metaspace       used 21065K, committed 21504K, reserved 1114112K
  class space    used 2131K, committed 2304K, reserved 1048576K
}
Event: 2.462 GC heap before
{Heap before GC invocations=6 (full 1):
 PSYoungGen      total 29696K, used 4077K [0x00000000eab00000, 0x00000000ece00000, 0x0000000100000000)
  eden space 25600K, 0% used [0x00000000eab00000,0x00000000eab00000,0x00000000ec400000)
  from space 4096K, 99% used [0x00000000ec400000,0x00000000ec7fb538,0x00000000ec800000)
  to   space 5120K, 0% used [0x00000000ec900000,0x00000000ec900000,0x00000000ece00000)
 ParOldGen       total 68608K, used 6587K [0x00000000c0000000, 0x00000000c4300000, 0x00000000eab00000)
  object space 68608K, 9% used [0x00000000c0000000,0x00000000c066ed40,0x00000000c4300000)
 Metaspace       used 21065K, committed 21504K, reserved 1114112K
  class space    used 2131K, committed 2304K, reserved 1048576K
}
Event: 2.482 GC heap after
{Heap after GC invocations=6 (full 1):
 PSYoungGen      total 29696K, used 0K [0x00000000eab00000, 0x00000000ece00000, 0x0000000100000000)
  eden space 25600K, 0% used [0x00000000eab00000,0x00000000eab00000,0x00000000ec400000)
  from space 4096K, 0% used [0x00000000ec400000,0x00000000ec400000,0x00000000ec800000)
  to   space 5120K, 0% used [0x00000000ec900000,0x00000000ec900000,0x00000000ece00000)
 ParOldGen       total 68608K, used 10319K [0x00000000c0000000, 0x00000000c4300000, 0x00000000eab00000)
  object space 68608K, 15% used [0x00000000c0000000,0x00000000c0a13c68,0x00000000c4300000)
 Metaspace       used 21051K, committed 21504K, reserved 1114112K
  class space    used 2127K, committed 2304K, reserved 1048576K
}
Event: 2.846 GC heap before
{Heap before GC invocations=7 (full 1):
 PSYoungGen      total 29696K, used 25552K [0x00000000eab00000, 0x00000000ece00000, 0x0000000100000000)
  eden space 25600K, 99% used [0x00000000eab00000,0x00000000ec3f4258,0x00000000ec400000)
  from space 4096K, 0% used [0x00000000ec400000,0x00000000ec400000,0x00000000ec800000)
  to   space 5120K, 0% used [0x00000000ec900000,0x00000000ec900000,0x00000000ece00000)
 ParOldGen       total 68608K, used 10319K [0x00000000c0000000, 0x00000000c4300000, 0x00000000eab00000)
  object space 68608K, 15% used [0x00000000c0000000,0x00000000c0a13c68,0x00000000c4300000)
 Metaspace       used 24302K, committed 24832K, reserved 1114112K
  class space    used 2471K, committed 2688K, reserved 1048576K
}
Event: 2.847 GC heap after
{Heap after GC invocations=7 (full 1):
 PSYoungGen      total 26624K, used 1399K [0x00000000eab00000, 0x00000000eca80000, 0x0000000100000000)
  eden space 25088K, 0% used [0x00000000eab00000,0x00000000eab00000,0x00000000ec380000)
  from space 1536K, 91% used [0x00000000ec900000,0x00000000eca5dec8,0x00000000eca80000)
  to   space 2560K, 0% used [0x00000000ec580000,0x00000000ec580000,0x00000000ec800000)
 ParOldGen       total 68608K, used 10327K [0x00000000c0000000, 0x00000000c4300000, 0x00000000eab00000)
  object space 68608K, 15% used [0x00000000c0000000,0x00000000c0a15c68,0x00000000c4300000)
 Metaspace       used 24302K, committed 24832K, reserved 1114112K
  class space    used 2471K, committed 2688K, reserved 1048576K
}
Event: 3.119 GC heap before
{Heap before GC invocations=8 (full 1):
 PSYoungGen      total 26624K, used 26487K [0x00000000eab00000, 0x00000000eca80000, 0x0000000100000000)
  eden space 25088K, 100% used [0x00000000eab00000,0x00000000ec380000,0x00000000ec380000)
  from space 1536K, 91% used [0x00000000ec900000,0x00000000eca5dec8,0x00000000eca80000)
  to   space 2560K, 0% used [0x00000000ec580000,0x00000000ec580000,0x00000000ec800000)
 ParOldGen       total 68608K, used 10327K [0x00000000c0000000, 0x00000000c4300000, 0x00000000eab00000)
  object space 68608K, 15% used [0x00000000c0000000,0x00000000c0a15c68,0x00000000c4300000)
 Metaspace       used 27507K, committed 28096K, reserved 1114112K
  class space    used 2811K, committed 3072K, reserved 1048576K
}
Event: 3.120 GC heap after
{Heap after GC invocations=8 (full 1):
 PSYoungGen      total 27136K, used 2553K [0x00000000eab00000, 0x00000000ecc00000, 0x0000000100000000)
  eden space 24576K, 0% used [0x00000000eab00000,0x00000000eab00000,0x00000000ec300000)
  from space 2560K, 99% used [0x00000000ec580000,0x00000000ec7fe408,0x00000000ec800000)
  to   space 4096K, 0% used [0x00000000ec800000,0x00000000ec800000,0x00000000ecc00000)
 ParOldGen       total 68608K, used 11668K [0x00000000c0000000, 0x00000000c4300000, 0x00000000eab00000)
  object space 68608K, 17% used [0x00000000c0000000,0x00000000c0b653a0,0x00000000c4300000)
 Metaspace       used 27507K, committed 28096K, reserved 1114112K
  class space    used 2811K, committed 3072K, reserved 1048576K
}
Event: 3.235 GC heap before
{Heap before GC invocations=9 (full 1):
 PSYoungGen      total 27136K, used 27129K [0x00000000eab00000, 0x00000000ecc00000, 0x0000000100000000)
  eden space 24576K, 100% used [0x00000000eab00000,0x00000000ec300000,0x00000000ec300000)
  from space 2560K, 99% used [0x00000000ec580000,0x00000000ec7fe408,0x00000000ec800000)
  to   space 4096K, 0% used [0x00000000ec800000,0x00000000ec800000,0x00000000ecc00000)
 ParOldGen       total 68608K, used 11668K [0x00000000c0000000, 0x00000000c4300000, 0x00000000eab00000)
  object space 68608K, 17% used [0x00000000c0000000,0x00000000c0b653a0,0x00000000c4300000)
 Metaspace       used 30138K, committed 30784K, reserved 1114112K
  class space    used 2985K, committed 3200K, reserved 1048576K
}
Event: 3.236 GC heap after
{Heap after GC invocations=9 (full 1):
 PSYoungGen      total 27648K, used 3100K [0x00000000eab00000, 0x00000000ecb80000, 0x0000000100000000)
  eden space 24064K, 0% used [0x00000000eab00000,0x00000000eab00000,0x00000000ec280000)
  from space 3584K, 86% used [0x00000000ec800000,0x00000000ecb07300,0x00000000ecb80000)
  to   space 3584K, 0% used [0x00000000ec480000,0x00000000ec480000,0x00000000ec800000)
 ParOldGen       total 68608K, used 11676K [0x00000000c0000000, 0x00000000c4300000, 0x00000000eab00000)
  object space 68608K, 17% used [0x00000000c0000000,0x00000000c0b673a0,0x00000000c4300000)
 Metaspace       used 30138K, committed 30784K, reserved 1114112K
  class space    used 2985K, committed 3200K, reserved 1048576K
}
Event: 3.306 GC heap before
{Heap before GC invocations=10 (full 1):
 PSYoungGen      total 27648K, used 27164K [0x00000000eab00000, 0x00000000ecb80000, 0x0000000100000000)
  eden space 24064K, 100% used [0x00000000eab00000,0x00000000ec280000,0x00000000ec280000)
  from space 3584K, 86% used [0x00000000ec800000,0x00000000ecb07300,0x00000000ecb80000)
  to   space 3584K, 0% used [0x00000000ec480000,0x00000000ec480000,0x00000000ec800000)
 ParOldGen       total 68608K, used 11676K [0x00000000c0000000, 0x00000000c4300000, 0x00000000eab00000)
  object space 68608K, 17% used [0x00000000c0000000,0x00000000c0b673a0,0x00000000c4300000)
 Metaspace       used 32134K, committed 32768K, reserved 1114112K
  class space    used 3135K, committed 3392K, reserved 1048576K
}
Event: 3.307 GC heap after
{Heap after GC invocations=10 (full 1):
 PSYoungGen      total 27136K, used 3553K [0x00000000eab00000, 0x00000000ecc00000, 0x0000000100000000)
  eden space 23552K, 0% used [0x00000000eab00000,0x00000000eab00000,0x00000000ec200000)
  from space 3584K, 99% used [0x00000000ec480000,0x00000000ec7f8600,0x00000000ec800000)
  to   space 4096K, 0% used [0x00000000ec800000,0x00000000ec800000,0x00000000ecc00000)
 ParOldGen       total 68608K, used 12875K [0x00000000c0000000, 0x00000000c4300000, 0x00000000eab00000)
  object space 68608K, 18% used [0x00000000c0000000,0x00000000c0c92ec8,0x00000000c4300000)
 Metaspace       used 32134K, committed 32768K, reserved 1114112K
  class space    used 3135K, committed 3392K, reserved 1048576K
}
Event: 3.558 GC heap before
{Heap before GC invocations=11 (full 1):
 PSYoungGen      total 27136K, used 19748K [0x00000000eab00000, 0x00000000ecc00000, 0x0000000100000000)
  eden space 23552K, 68% used [0x00000000eab00000,0x00000000ebad0b18,0x00000000ec200000)
  from space 3584K, 99% used [0x00000000ec480000,0x00000000ec7f8600,0x00000000ec800000)
  to   space 4096K, 0% used [0x00000000ec800000,0x00000000ec800000,0x00000000ecc00000)
 ParOldGen       total 68608K, used 12875K [0x00000000c0000000, 0x00000000c4300000, 0x00000000eab00000)
  object space 68608K, 18% used [0x00000000c0000000,0x00000000c0c92ec8,0x00000000c4300000)
 Metaspace       used 35131K, committed 35840K, reserved 1114112K
  class space    used 3476K, committed 3776K, reserved 1048576K
}
Event: 3.560 GC heap after
{Heap after GC invocations=11 (full 1):
 PSYoungGen      total 27136K, used 3118K [0x00000000eab00000, 0x00000000ecb80000, 0x0000000100000000)
  eden space 23552K, 0% used [0x00000000eab00000,0x00000000eab00000,0x00000000ec200000)
  from space 3584K, 87% used [0x00000000ec800000,0x00000000ecb0bac0,0x00000000ecb80000)
  to   space 4096K, 0% used [0x00000000ec380000,0x00000000ec380000,0x00000000ec780000)
 ParOldGen       total 68608K, used 14523K [0x00000000c0000000, 0x00000000c4300000, 0x00000000eab00000)
  object space 68608K, 21% used [0x00000000c0000000,0x00000000c0e2ecb0,0x00000000c4300000)
 Metaspace       used 35131K, committed 35840K, reserved 1114112K
  class space    used 3476K, committed 3776K, reserved 1048576K
}
Event: 3.560 GC heap before
{Heap before GC invocations=12 (full 2):
 PSYoungGen      total 27136K, used 3118K [0x00000000eab00000, 0x00000000ecb80000, 0x0000000100000000)
  eden space 23552K, 0% used [0x00000000eab00000,0x00000000eab00000,0x00000000ec200000)
  from space 3584K, 87% used [0x00000000ec800000,0x00000000ecb0bac0,0x00000000ecb80000)
  to   space 4096K, 0% used [0x00000000ec380000,0x00000000ec380000,0x00000000ec780000)
 ParOldGen       total 68608K, used 14523K [0x00000000c0000000, 0x00000000c4300000, 0x00000000eab00000)
  object space 68608K, 21% used [0x00000000c0000000,0x00000000c0e2ecb0,0x00000000c4300000)
 Metaspace       used 35131K, committed 35840K, reserved 1114112K
  class space    used 3476K, committed 3776K, reserved 1048576K
}
Event: 3.581 GC heap after
{Heap after GC invocations=12 (full 2):
 PSYoungGen      total 27136K, used 0K [0x00000000eab00000, 0x00000000ecb80000, 0x0000000100000000)
  eden space 23552K, 0% used [0x00000000eab00000,0x00000000eab00000,0x00000000ec200000)
  from space 3584K, 0% used [0x00000000ec800000,0x00000000ec800000,0x00000000ecb80000)
  to   space 4096K, 0% used [0x00000000ec380000,0x00000000ec380000,0x00000000ec780000)
 ParOldGen       total 68608K, used 14951K [0x00000000c0000000, 0x00000000c4300000, 0x00000000eab00000)
  object space 68608K, 21% used [0x00000000c0000000,0x00000000c0e99c40,0x00000000c4300000)
 Metaspace       used 35131K, committed 35840K, reserved 1114112K
  class space    used 3476K, committed 3776K, reserved 1048576K
}
Event: 4.014 GC heap before
{Heap before GC invocations=13 (full 2):
 PSYoungGen      total 27136K, used 23552K [0x00000000eab00000, 0x00000000ecb80000, 0x0000000100000000)
  eden space 23552K, 100% used [0x00000000eab00000,0x00000000ec200000,0x00000000ec200000)
  from space 3584K, 0% used [0x00000000ec800000,0x00000000ec800000,0x00000000ecb80000)
  to   space 4096K, 0% used [0x00000000ec380000,0x00000000ec380000,0x00000000ec780000)
 ParOldGen       total 68608K, used 14951K [0x00000000c0000000, 0x00000000c4300000, 0x00000000eab00000)
  object space 68608K, 21% used [0x00000000c0000000,0x00000000c0e99c40,0x00000000c4300000)
 Metaspace       used 38204K, committed 39104K, reserved 1114112K
  class space    used 3867K, committed 4224K, reserved 1048576K
}
Event: 4.015 GC heap after
{Heap after GC invocations=13 (full 2):
 PSYoungGen      total 24576K, used 1449K [0x00000000eab00000, 0x00000000ec880000, 0x0000000100000000)
  eden space 23040K, 0% used [0x00000000eab00000,0x00000000eab00000,0x00000000ec180000)
  from space 1536K, 94% used [0x00000000ec380000,0x00000000ec4ea628,0x00000000ec500000)
  to   space 2560K, 0% used [0x00000000ec600000,0x00000000ec600000,0x00000000ec880000)
 ParOldGen       total 68608K, used 14959K [0x00000000c0000000, 0x00000000c4300000, 0x00000000eab00000)
  object space 68608K, 21% used [0x00000000c0000000,0x00000000c0e9bc40,0x00000000c4300000)
 Metaspace       used 38204K, committed 39104K, reserved 1114112K
  class space    used 3867K, committed 4224K, reserved 1048576K
}

Dll operation events (10 events):
Event: 0.005 Loaded shared library c:\Users\Admin\.vscode\extensions\redhat.java-1.28.1-win32-x64\jre\17.0.10-win32-x86_64\bin\java.dll
Event: 0.081 Loaded shared library c:\Users\Admin\.vscode\extensions\redhat.java-1.28.1-win32-x64\jre\17.0.10-win32-x86_64\bin\zip.dll
Event: 0.083 Loaded shared library C:\Users\Admin\.vscode\extensions\redhat.java-1.28.1-win32-x64\jre\17.0.10-win32-x86_64\bin\instrument.dll
Event: 0.091 Loaded shared library C:\Users\Admin\.vscode\extensions\redhat.java-1.28.1-win32-x64\jre\17.0.10-win32-x86_64\bin\net.dll
Event: 0.092 Loaded shared library C:\Users\Admin\.vscode\extensions\redhat.java-1.28.1-win32-x64\jre\17.0.10-win32-x86_64\bin\nio.dll
Event: 0.096 Loaded shared library C:\Users\Admin\.vscode\extensions\redhat.java-1.28.1-win32-x64\jre\17.0.10-win32-x86_64\bin\zip.dll
Event: 0.105 Loaded shared library C:\Users\Admin\.vscode\extensions\redhat.java-1.28.1-win32-x64\jre\17.0.10-win32-x86_64\bin\jimage.dll
Event: 0.138 Loaded shared library c:\Users\Admin\.vscode\extensions\redhat.java-1.28.1-win32-x64\jre\17.0.10-win32-x86_64\bin\verify.dll
Event: 0.830 Loaded shared library C:\Users\Admin\AppData\Roaming\Code\User\globalStorage\redhat.java\1.28.1\config_win\org.eclipse.equinox.launcher\org.eclipse.equinox.launcher.win32.win32.x86_64_1.2.900.v20240129-1338\eclipse_11900.dll
Event: 3.532 Loaded shared library C:\Users\Admin\AppData\Local\Temp\jna-63116079\jna9797751096383532312.dll

Deoptimization events (20 events):
Event: 4.094 Thread 0x00000143d507edc0 DEOPT PACKING pc=0x00000143c683854c sp=0x000000150d1fe1f0
Event: 4.094 Thread 0x00000143d507edc0 DEOPT UNPACKING pc=0x00000143c61b66a3 sp=0x000000150d1fe060 mode 2
Event: 4.105 Thread 0x00000143d507d980 DEOPT PACKING pc=0x00000143bf03cb8c sp=0x000000150c8fdc10
Event: 4.105 Thread 0x00000143d507d980 DEOPT UNPACKING pc=0x00000143c61b6e43 sp=0x000000150c8fd160 mode 0
Event: 4.121 Thread 0x00000143d507de90 Uncommon trap: trap_request=0xffffffde fr.pc=0x00000143c6863bb0 relative=0x0000000000000090
Event: 4.121 Thread 0x00000143d507de90 Uncommon trap: reason=class_check action=maybe_recompile pc=0x00000143c6863bb0 method=java.lang.Character.codePointAt(Ljava/lang/CharSequence;I)I @ 2 c2
Event: 4.121 Thread 0x00000143d507de90 DEOPT PACKING pc=0x00000143c6863bb0 sp=0x000000150c9fe8d0
Event: 4.121 Thread 0x00000143d507de90 DEOPT UNPACKING pc=0x00000143c61b66a3 sp=0x000000150c9fe858 mode 2
Event: 4.121 Thread 0x00000143d507de90 Uncommon trap: trap_request=0xffffffde fr.pc=0x00000143c6863bb0 relative=0x0000000000000090
Event: 4.121 Thread 0x00000143d507de90 Uncommon trap: reason=class_check action=maybe_recompile pc=0x00000143c6863bb0 method=java.lang.Character.codePointAt(Ljava/lang/CharSequence;I)I @ 2 c2
Event: 4.121 Thread 0x00000143d507de90 DEOPT PACKING pc=0x00000143c6863bb0 sp=0x000000150c9fe8d0
Event: 4.121 Thread 0x00000143d507de90 DEOPT UNPACKING pc=0x00000143c61b66a3 sp=0x000000150c9fe858 mode 2
Event: 4.121 Thread 0x00000143d507de90 Uncommon trap: trap_request=0xffffffde fr.pc=0x00000143c6863bb0 relative=0x0000000000000090
Event: 4.121 Thread 0x00000143d507de90 Uncommon trap: reason=class_check action=maybe_recompile pc=0x00000143c6863bb0 method=java.lang.Character.codePointAt(Ljava/lang/CharSequence;I)I @ 2 c2
Event: 4.121 Thread 0x00000143d507de90 DEOPT PACKING pc=0x00000143c6863bb0 sp=0x000000150c9fe8d0
Event: 4.121 Thread 0x00000143d507de90 DEOPT UNPACKING pc=0x00000143c61b66a3 sp=0x000000150c9fe858 mode 2
Event: 4.121 Thread 0x00000143d507de90 Uncommon trap: trap_request=0xffffffde fr.pc=0x00000143c6863bb0 relative=0x0000000000000090
Event: 4.121 Thread 0x00000143d507de90 Uncommon trap: reason=class_check action=maybe_recompile pc=0x00000143c6863bb0 method=java.lang.Character.codePointAt(Ljava/lang/CharSequence;I)I @ 2 c2
Event: 4.121 Thread 0x00000143d507de90 DEOPT PACKING pc=0x00000143c6863bb0 sp=0x000000150c9fe8d0
Event: 4.121 Thread 0x00000143d507de90 DEOPT UNPACKING pc=0x00000143c61b66a3 sp=0x000000150c9fe858 mode 2

Classes unloaded (7 events):
Event: 2.465 Thread 0x00000143bc0488d0 Unloading class 0x0000000100248400 'java/lang/invoke/LambdaForm$MH+0x0000000100248400'
Event: 2.465 Thread 0x00000143bc0488d0 Unloading class 0x0000000100248000 'java/lang/invoke/LambdaForm$MH+0x0000000100248000'
Event: 2.465 Thread 0x00000143bc0488d0 Unloading class 0x0000000100247c00 'java/lang/invoke/LambdaForm$MH+0x0000000100247c00'
Event: 2.465 Thread 0x00000143bc0488d0 Unloading class 0x0000000100247800 'java/lang/invoke/LambdaForm$MH+0x0000000100247800'
Event: 2.465 Thread 0x00000143bc0488d0 Unloading class 0x0000000100247400 'java/lang/invoke/LambdaForm$BMH+0x0000000100247400'
Event: 2.465 Thread 0x00000143bc0488d0 Unloading class 0x0000000100247000 'java/lang/invoke/LambdaForm$DMH+0x0000000100247000'
Event: 2.465 Thread 0x00000143bc0488d0 Unloading class 0x0000000100244400 'java/lang/invoke/LambdaForm$DMH+0x0000000100244400'

Classes redefined (0 events):
No events

Internal exceptions (20 events):
Event: 3.042 Thread 0x00000143d71438f0 Exception <a 'java/lang/NoSuchMethodError'{0x00000000eb7b1af8}: 'void java.lang.invoke.DirectMethodHandle$Holder.invokeSpecial(java.lang.Object, java.lang.Object, java.lang.Object, int)'> (0x00000000eb7b1af8) 
thrown [s\src\hotspot\share\interpreter\linkResolver.cpp, line 759]
Event: 3.249 Thread 0x00000143d71438f0 Implicit null exception at 0x00000143c6864848 to 0x00000143c6864908
Event: 3.322 Thread 0x00000143d71438f0 Exception <a 'java/lang/ClassNotFoundException'{0x00000000eac3e8f0}: com/sun/org/apache/xerces/internal/impl/msg/spi/DOMMessagesProvider> (0x00000000eac3e8f0) 
thrown [s\src\hotspot\share\classfile\systemDictionary.cpp, line 256]
Event: 3.323 Thread 0x00000143d71438f0 Exception <a 'java/lang/ClassNotFoundException'{0x00000000eac50078}: com/sun/org/apache/xerces/internal/impl/msg/spi/XMLSerializerMessagesProvider> (0x00000000eac50078) 
thrown [s\src\hotspot\share\classfile\systemDictionary.cpp, line 256]
Event: 3.324 Thread 0x00000143d71438f0 Exception <a 'java/lang/ClassNotFoundException'{0x00000000eac5d2b0}: com/sun/org/apache/xerces/internal/impl/msg/spi/XMLMessagesProvider> (0x00000000eac5d2b0) 
thrown [s\src\hotspot\share\classfile\systemDictionary.cpp, line 256]
Event: 3.343 Thread 0x00000143d71438f0 Exception <a 'java/lang/NoSuchMethodError'{0x00000000eaebf890}: 'java.lang.Object java.lang.invoke.DirectMethodHandle$Holder.invokeStaticInit(java.lang.Object, int, int, int, int)'> (0x00000000eaebf890) 
thrown [s\src\hotspot\share\interpreter\linkResolver.cpp, line 759]
Event: 3.401 Thread 0x00000143d71438f0 Exception <a 'java/lang/NoSuchMethodError'{0x00000000eaf69cf8}: 'java.lang.Object java.lang.invoke.DirectMethodHandle$Holder.invokeStaticInit(java.lang.Object, java.lang.Object, int, int, int, int)'> (0x00000000eaf69cf8) 
thrown [s\src\hotspot\share\interpreter\linkResolver.cpp, line 759]
Event: 3.442 Thread 0x00000143d71438f0 Exception <a 'java/lang/ClassNotFoundException'{0x00000000eb33f6a0}: com/sun/org/apache/xml/internal/serializer/spi/XMLEntitiesProvider> (0x00000000eb33f6a0) 
thrown [s\src\hotspot\share\classfile\systemDictionary.cpp, line 256]
Event: 3.508 Thread 0x00000143d71438f0 Exception <a 'java/io/FileNotFoundException'{0x00000000eb6e2b50}> (0x00000000eb6e2b50) 
thrown [s\src\hotspot\share\prims\jni.cpp, line 516]
Event: 3.550 Thread 0x00000143d71438f0 Exception <a 'java/lang/UnsatisfiedLinkError'{0x00000000eb9f6a68}: The specified procedure could not be found.
> (0x00000000eb9f6a68) 
thrown [s\src\hotspot\share\prims\jni.cpp, line 535]
Event: 3.554 Thread 0x00000143d71438f0 Exception <a 'java/io/FileNotFoundException'{0x00000000eba1ddf8}> (0x00000000eba1ddf8) 
thrown [s\src\hotspot\share\prims\jni.cpp, line 516]
Event: 3.584 Thread 0x00000143d71438f0 Exception <a 'java/io/FileNotFoundException'{0x00000000eab2f060}> (0x00000000eab2f060) 
thrown [s\src\hotspot\share\prims\jni.cpp, line 516]
Event: 3.591 Thread 0x00000143d71438f0 Exception <a 'java/lang/UnsatisfiedLinkError'{0x00000000eabda8c8}: The specified procedure could not be found.
> (0x00000000eabda8c8) 
thrown [s\src\hotspot\share\prims\jni.cpp, line 535]
Event: 3.611 Thread 0x00000143bbf9f360 Exception <a 'sun/nio/fs/WindowsException'{0x00000000eacaf6e8}> (0x00000000eacaf6e8) 
thrown [s\src\hotspot\share\prims\jni.cpp, line 516]
Event: 3.680 Thread 0x00000143bbf9f360 Exception <a 'java/lang/NoSuchMethodError'{0x00000000eb1e1ed0}: 'java.lang.Object java.lang.invoke.DirectMethodHandle$Holder.invokeStatic(java.lang.Object, java.lang.Object, long, java.lang.Object)'> (0x00000000eb1e1ed0) 
thrown [s\src\hotspot\share\interpreter\linkResolver.cpp, line 759]
Event: 3.680 Thread 0x00000143bbf9f360 Exception <a 'java/lang/NoSuchMethodError'{0x00000000eb1e5bd8}: 'java.lang.Object java.lang.invoke.DirectMethodHandle$Holder.invokeStaticInit(java.lang.Object, java.lang.Object, long, java.lang.Object)'> (0x00000000eb1e5bd8) 
thrown [s\src\hotspot\share\interpreter\linkResolver.cpp, line 759]
Event: 3.681 Thread 0x00000143bbf9f360 Exception <a 'java/lang/NoSuchMethodError'{0x00000000eb1ec428}: 'java.lang.Object java.lang.invoke.DirectMethodHandle$Holder.newInvokeSpecial(java.lang.Object, java.lang.Object, long)'> (0x00000000eb1ec428) 
thrown [s\src\hotspot\share\interpreter\linkResolver.cpp, line 759]
Event: 3.725 Thread 0x00000143bbf9f360 Exception <a 'java/lang/NoSuchMethodError'{0x00000000eb3c8988}: 'void java.lang.invoke.DirectMethodHandle$Holder.invokeStatic(java.lang.Object, java.lang.Object, java.lang.Object, java.lang.Object)'> (0x00000000eb3c8988) 
thrown [s\src\hotspot\share\interpreter\linkResolver.cpp, line 759]
Event: 3.951 Thread 0x00000143bbf9f360 Exception <a 'java/lang/NoSuchMethodError'{0x00000000ebe8c108}: 'void java.lang.invoke.DirectMethodHandle$Holder.invokeSpecial(java.lang.Object, java.lang.Object, java.lang.Object, java.lang.Object, java.lang.Object, java.lang.Object)'> (0x00000000ebe8c108) 
thrown [s\src\hotspot\share\interpreter\linkResolver.cpp, line 759]
Event: 3.951 Thread 0x00000143bbf9f360 Exception <a 'java/lang/IncompatibleClassChangeError'{0x00000000ebe95d48}: Found class java.lang.Object, but interface was expected> (0x00000000ebe95d48) 
thrown [s\src\hotspot\share\interpreter\linkResolver.cpp, line 826]

VM Operations (20 events):
Event: 3.304 Executing VM operation: HandshakeAllThreads
Event: 3.304 Executing VM operation: HandshakeAllThreads done
Event: 3.304 Executing VM operation: HandshakeAllThreads
Event: 3.304 Executing VM operation: HandshakeAllThreads done
Event: 3.306 Executing VM operation: ParallelGCFailedAllocation
Event: 3.307 Executing VM operation: ParallelGCFailedAllocation done
Event: 3.336 Executing VM operation: HandshakeAllThreads
Event: 3.336 Executing VM operation: HandshakeAllThreads done
Event: 3.400 Executing VM operation: HandshakeAllThreads
Event: 3.400 Executing VM operation: HandshakeAllThreads done
Event: 3.461 Executing VM operation: HandshakeAllThreads
Event: 3.461 Executing VM operation: HandshakeAllThreads done
Event: 3.540 Executing VM operation: HandshakeAllThreads
Event: 3.540 Executing VM operation: HandshakeAllThreads done
Event: 3.558 Executing VM operation: CollectForMetadataAllocation
Event: 3.581 Executing VM operation: CollectForMetadataAllocation done
Event: 4.014 Executing VM operation: ParallelGCFailedAllocation
Event: 4.015 Executing VM operation: ParallelGCFailedAllocation done
Event: 4.104 Executing VM operation: HandshakeAllThreads
Event: 4.105 Executing VM operation: HandshakeAllThreads done

Events (20 events):
Event: 3.861 loading class sun/reflect/generics/tree/BooleanSignature
Event: 3.861 loading class sun/reflect/generics/tree/BooleanSignature done
Event: 3.877 Thread 0x00000143d7ab1080 Thread exited: 0x00000143d7ab1080
Event: 3.908 loading class java/math/BigDecimal
Event: 3.910 loading class java/math/BigDecimal done
Event: 3.939 loading class java/util/concurrent/atomic/AtomicIntegerArray
Event: 3.939 loading class java/util/concurrent/atomic/AtomicIntegerArray done
Event: 3.940 loading class java/util/Currency
Event: 3.941 loading class java/util/Currency done
Event: 3.942 loading class java/util/concurrent/atomic/AtomicLongArray
Event: 3.943 loading class java/util/concurrent/atomic/AtomicLongArray done
Event: 3.962 loading class sun/util/locale/provider/DateFormatProviderImpl
Event: 3.964 loading class sun/util/locale/provider/DateFormatProviderImpl done
Event: 3.973 Thread 0x00000143d507e8b0 Thread added: 0x00000143d507e8b0
Event: 3.973 Thread 0x00000143d507edc0 Thread added: 0x00000143d507edc0
Event: 4.001 loading class sun/reflect/generics/repository/FieldRepository
Event: 4.001 loading class sun/reflect/generics/repository/FieldRepository done
Event: 4.010 loading class jdk/internal/reflect/UnsafeQualifiedIntegerFieldAccessorImpl
Event: 4.010 loading class jdk/internal/reflect/UnsafeQualifiedIntegerFieldAccessorImpl done
Event: 4.097 Thread 0x00000143d7869000 Thread added: 0x00000143d7869000


Dynamic libraries:
0x00007ff7287a0000 - 0x00007ff7287ae000 	c:\Users\Admin\.vscode\extensions\redhat.java-1.28.1-win32-x64\jre\17.0.10-win32-x86_64\bin\java.exe
0x00007ff98e5d0000 - 0x00007ff98e7e7000 	C:\WINDOWS\SYSTEM32\ntdll.dll
0x00007ff98cf30000 - 0x00007ff98cff4000 	C:\WINDOWS\System32\KERNEL32.DLL
0x00007ff98b910000 - 0x00007ff98bcb6000 	C:\WINDOWS\System32\KERNELBASE.dll
0x00007ff98c010000 - 0x00007ff98c121000 	C:\WINDOWS\System32\ucrtbase.dll
0x00007ff9726e0000 - 0x00007ff9726f7000 	c:\Users\Admin\.vscode\extensions\redhat.java-1.28.1-win32-x64\jre\17.0.10-win32-x86_64\bin\jli.dll
0x00007ff97b100000 - 0x00007ff97b11b000 	c:\Users\Admin\.vscode\extensions\redhat.java-1.28.1-win32-x64\jre\17.0.10-win32-x86_64\bin\VCRUNTIME140.dll
0x00007ff98e170000 - 0x00007ff98e31e000 	C:\WINDOWS\System32\USER32.dll
0x00007ff974e30000 - 0x00007ff9750c3000 	C:\WINDOWS\WinSxS\amd64_microsoft.windows.common-controls_6595b64144ccf1df_6.0.22621.2506_none_270c5ae97388e100\COMCTL32.dll
0x00007ff98c2f0000 - 0x00007ff98c316000 	C:\WINDOWS\System32\win32u.dll
0x00007ff98ce50000 - 0x00007ff98cef7000 	C:\WINDOWS\System32\msvcrt.dll
0x00007ff98c900000 - 0x00007ff98c929000 	C:\WINDOWS\System32\GDI32.dll
0x00007ff98c1d0000 - 0x00007ff98c2e8000 	C:\WINDOWS\System32\gdi32full.dll
0x00007ff98c130000 - 0x00007ff98c1ca000 	C:\WINDOWS\System32\msvcp_win.dll
0x00007ff98e420000 - 0x00007ff98e451000 	C:\WINDOWS\System32\IMM32.DLL
0x00007ff9883d0000 - 0x00007ff9883dc000 	c:\Users\Admin\.vscode\extensions\redhat.java-1.28.1-win32-x64\jre\17.0.10-win32-x86_64\bin\vcruntime140_1.dll
0x00007ff8ddc70000 - 0x00007ff8ddcfd000 	c:\Users\Admin\.vscode\extensions\redhat.java-1.28.1-win32-x64\jre\17.0.10-win32-x86_64\bin\msvcp140.dll
0x00007ff8b5450000 - 0x00007ff8b60b2000 	c:\Users\Admin\.vscode\extensions\redhat.java-1.28.1-win32-x64\jre\17.0.10-win32-x86_64\bin\server\jvm.dll
0x00007ff98cb70000 - 0x00007ff98cc23000 	C:\WINDOWS\System32\ADVAPI32.dll
0x00007ff98d000000 - 0x00007ff98d0a8000 	C:\WINDOWS\System32\sechost.dll
0x00007ff98bef0000 - 0x00007ff98bf18000 	C:\WINDOWS\System32\bcrypt.dll
0x00007ff98e460000 - 0x00007ff98e577000 	C:\WINDOWS\System32\RPCRT4.dll
0x00007ff98b7e0000 - 0x00007ff98b82d000 	C:\WINDOWS\SYSTEM32\POWRPROF.dll
0x00007ff979f20000 - 0x00007ff979f29000 	C:\WINDOWS\SYSTEM32\WSOCK32.dll
0x00007ff985320000 - 0x00007ff985354000 	C:\WINDOWS\SYSTEM32\WINMM.dll
0x00007ff98dc20000 - 0x00007ff98dc91000 	C:\WINDOWS\System32\WS2_32.dll
0x00007ff9841c0000 - 0x00007ff9841ca000 	C:\WINDOWS\SYSTEM32\VERSION.dll
0x00007ff98b7c0000 - 0x00007ff98b7d3000 	C:\WINDOWS\SYSTEM32\UMPDC.dll
0x00007ff98a950000 - 0x00007ff98a968000 	C:\WINDOWS\SYSTEM32\kernel.appcore.dll
0x00007ff92b010000 - 0x00007ff92b01a000 	c:\Users\Admin\.vscode\extensions\redhat.java-1.28.1-win32-x64\jre\17.0.10-win32-x86_64\bin\jimage.dll
0x00007ff9844c0000 - 0x00007ff9846f3000 	C:\WINDOWS\SYSTEM32\DBGHELP.DLL
0x00007ff98dca0000 - 0x00007ff98e029000 	C:\WINDOWS\System32\combase.dll
0x00007ff98e090000 - 0x00007ff98e167000 	C:\WINDOWS\System32\OLEAUT32.dll
0x00007ff971a00000 - 0x00007ff971a32000 	C:\WINDOWS\SYSTEM32\dbgcore.DLL
0x00007ff98bf90000 - 0x00007ff98c00a000 	C:\WINDOWS\System32\bcryptPrimitives.dll
0x00007ff92b000000 - 0x00007ff92b00e000 	c:\Users\Admin\.vscode\extensions\redhat.java-1.28.1-win32-x64\jre\17.0.10-win32-x86_64\bin\instrument.dll
0x00007ff901460000 - 0x00007ff901485000 	c:\Users\Admin\.vscode\extensions\redhat.java-1.28.1-win32-x64\jre\17.0.10-win32-x86_64\bin\java.dll
0x00007ff901440000 - 0x00007ff901458000 	c:\Users\Admin\.vscode\extensions\redhat.java-1.28.1-win32-x64\jre\17.0.10-win32-x86_64\bin\zip.dll
0x00007ff98d360000 - 0x00007ff98dbbb000 	C:\WINDOWS\System32\SHELL32.dll
0x00007ff989870000 - 0x00007ff98a166000 	C:\WINDOWS\SYSTEM32\windows.storage.dll
0x00007ff989730000 - 0x00007ff98986e000 	C:\WINDOWS\SYSTEM32\wintypes.dll
0x00007ff98e320000 - 0x00007ff98e413000 	C:\WINDOWS\System32\SHCORE.dll
0x00007ff98cce0000 - 0x00007ff98cd3e000 	C:\WINDOWS\System32\shlwapi.dll
0x00007ff98b840000 - 0x00007ff98b866000 	C:\WINDOWS\SYSTEM32\profapi.dll
0x00007ff901420000 - 0x00007ff901439000 	C:\Users\Admin\.vscode\extensions\redhat.java-1.28.1-win32-x64\jre\17.0.10-win32-x86_64\bin\net.dll
0x00007ff9859d0000 - 0x00007ff985b07000 	C:\WINDOWS\SYSTEM32\WINHTTP.dll
0x00007ff98add0000 - 0x00007ff98ae39000 	C:\WINDOWS\system32\mswsock.dll
0x00007ff901000000 - 0x00007ff901016000 	C:\Users\Admin\.vscode\extensions\redhat.java-1.28.1-win32-x64\jre\17.0.10-win32-x86_64\bin\nio.dll
0x00007ff919c50000 - 0x00007ff919c60000 	c:\Users\Admin\.vscode\extensions\redhat.java-1.28.1-win32-x64\jre\17.0.10-win32-x86_64\bin\verify.dll
0x00007ff8eb4b0000 - 0x00007ff8eb4ee000 	C:\Users\Admin\AppData\Roaming\Code\User\globalStorage\redhat.java\1.28.1\config_win\org.eclipse.equinox.launcher\org.eclipse.equinox.launcher.win32.win32.x86_64_1.2.900.v20240129-1338\eclipse_11900.dll
0x00007ff98d0b0000 - 0x00007ff98d250000 	C:\WINDOWS\System32\ole32.dll
0x00007ff98b020000 - 0x00007ff98b03b000 	C:\WINDOWS\SYSTEM32\CRYPTSP.dll
0x00007ff98a8b0000 - 0x00007ff98a8e5000 	C:\WINDOWS\system32\rsaenh.dll
0x00007ff98aec0000 - 0x00007ff98aeec000 	C:\WINDOWS\SYSTEM32\USERENV.dll
0x00007ff98b040000 - 0x00007ff98b04c000 	C:\WINDOWS\SYSTEM32\CRYPTBASE.dll
0x00007ff98a3d0000 - 0x00007ff98a3fd000 	C:\WINDOWS\SYSTEM32\IPHLPAPI.DLL
0x00007ff98dbc0000 - 0x00007ff98dbc9000 	C:\WINDOWS\System32\NSI.dll
0x00007ff985300000 - 0x00007ff985319000 	C:\WINDOWS\SYSTEM32\dhcpcsvc6.DLL
0x00007ff984b20000 - 0x00007ff984b3f000 	C:\WINDOWS\SYSTEM32\dhcpcsvc.DLL
0x00007ff98a440000 - 0x00007ff98a539000 	C:\WINDOWS\SYSTEM32\DNSAPI.dll
0x00007ff8ec2d0000 - 0x00007ff8ec315000 	C:\Users\Admin\AppData\Local\Temp\jna-63116079\jna9797751096383532312.dll
0x00007ff98e580000 - 0x00007ff98e588000 	C:\WINDOWS\System32\PSAPI.DLL

dbghelp: loaded successfully - version: 4.0.5 - missing functions: none
symbol engine: initialized successfully - sym options: 0x614 - pdb path: .;c:\Users\Admin\.vscode\extensions\redhat.java-1.28.1-win32-x64\jre\17.0.10-win32-x86_64\bin;C:\WINDOWS\SYSTEM32;C:\WINDOWS\WinSxS\amd64_microsoft.windows.common-controls_6595b64144ccf1df_6.0.22621.2506_none_270c5ae97388e100;c:\Users\Admin\.vscode\extensions\redhat.java-1.28.1-win32-x64\jre\17.0.10-win32-x86_64\bin\server;C:\Users\Admin\AppData\Roaming\Code\User\globalStorage\redhat.java\1.28.1\config_win\org.eclipse.equinox.launcher\org.eclipse.equinox.launcher.win32.win32.x86_64_1.2.900.v20240129-1338;C:\Users\Admin\AppData\Local\Temp\jna-63116079

VM Arguments:
jvm_args: --add-modules=ALL-SYSTEM --add-opens=java.base/java.util=ALL-UNNAMED --add-opens=java.base/java.lang=ALL-UNNAMED --add-opens=java.base/sun.nio.fs=ALL-UNNAMED -Declipse.application=org.eclipse.jdt.ls.core.id1 -Dosgi.bundles.defaultStartLevel=4 -Declipse.product=org.eclipse.jdt.ls.core.product -Djava.import.generatesMetadataFilesAtProjectRoot=false -DDetectVMInstallationsJob.disabled=true -Dfile.encoding=utf8 -XX:+UseParallelGC -XX:GCTimeRatio=4 -XX:AdaptiveSizePolicyWeight=90 -Dsun.zip.disableMemoryMapping=true -Xmx1G -Xms100m -Xlog:disable -javaagent:c:\Users\Admin\.vscode\extensions\redhat.java-1.28.1-win32-x64\lombok\lombok-1.18.31.jar -XX:+HeapDumpOnOutOfMemoryError -XX:HeapDumpPath=c:\Users\Admin\AppData\Roaming\Code\User\workspaceStorage\75a972a0f1d3fe6770d3baea9a49ca71\redhat.java -Daether.dependencyCollector.impl=bf 
java_command: c:\Users\Admin\.vscode\extensions\redhat.java-1.28.1-win32-x64\server\plugins\org.eclipse.equinox.launcher_1.6.700.v20231214-2017.jar -configuration c:\Users\Admin\AppData\Roaming\Code\User\globalStorage\redhat.java\1.28.1\config_win -data c:\Users\Admin\AppData\Roaming\Code\User\workspaceStorage\75a972a0f1d3fe6770d3baea9a49ca71\redhat.java\jdt_ws --stdio
java_class_path (initial): c:\Users\Admin\.vscode\extensions\redhat.java-1.28.1-win32-x64\server\plugins\org.eclipse.equinox.launcher_1.6.700.v20231214-2017.jar
Launcher Type: SUN_STANDARD

[Global flags]
    uintx AdaptiveSizePolicyWeight                 = 90                                        {product} {command line}
     intx CICompilerCount                          = 4                                         {product} {ergonomic}
    uintx GCTimeRatio                              = 4                                         {product} {command line}
     bool HeapDumpOnOutOfMemoryError               = true                                   {manageable} {command line}
    ccstr HeapDumpPath                             = c:\Users\Admin\AppData\Roaming\Code\User\workspaceStorage\75a972a0f1d3fe6770d3baea9a49ca71\redhat.java         {manageable} {command line}
   size_t InitialHeapSize                          = 104857600                                 {product} {command line}
   size_t MaxHeapSize                              = 1073741824                                {product} {command line}
   size_t MaxNewSize                               = 357564416                                 {product} {ergonomic}
   size_t MinHeapDeltaBytes                        = 524288                                    {product} {ergonomic}
   size_t MinHeapSize                              = 104857600                                 {product} {command line}
   size_t NewSize                                  = 34603008                                  {product} {ergonomic}
    uintx NonNMethodCodeHeapSize                   = 5839372                                {pd product} {ergonomic}
    uintx NonProfiledCodeHeapSize                  = 122909434                              {pd product} {ergonomic}
   size_t OldSize                                  = 70254592                                  {product} {ergonomic}
    uintx ProfiledCodeHeapSize                     = 122909434                              {pd product} {ergonomic}
    uintx ReservedCodeCacheSize                    = 251658240                              {pd product} {ergonomic}
     bool SegmentedCodeCache                       = true                                      {product} {ergonomic}
   size_t SoftMaxHeapSize                          = 1073741824                             {manageable} {ergonomic}
     bool UseCompressedClassPointers               = true                           {product lp64_product} {ergonomic}
     bool UseCompressedOops                        = true                           {product lp64_product} {ergonomic}
     bool UseLargePagesIndividualAllocation        = false                                  {pd product} {ergonomic}
     bool UseParallelGC                            = true                                      {product} {command line}

Logging:
Log output configuration:
 #0: stdout all=off uptime,level,tags
 #1: stderr all=off uptime,level,tags

Environment Variables:
JAVA_HOME=C:\Program Files\Java\jdk-19
PATH=C:\Program Files\Common Files\Oracle\Java\javapath;C:\Program Files (x86)\Common Files\Intel\Shared Libraries\redist\intel64\compiler;C:\Program Files\Eclipse Adoptium\jre-8.0.345.1-hotspot\bin;C:\Program Files\Eclipse Adoptium\jre-17.0.4.8-hotspot\bin;C:\Program Files\Eclipse Adoptium\jre-11.0.16.8-hotspot\bin;C:\Program Files (x86)\Eclipse Adoptium\jre-8.0.345.1-hotspot\bin;C:\Windows\system32;C:\Windows;C:\Windows\System32\Wbem;C:\Windows\System32\WindowsPowerShell\v1.0\;C:\Windows\System32\OpenSSH\;C:\Python3;C:\Python3\scripts;C:\Python3\lib;C:\Users\Admin\AppData\Local\Microsoft\WindowsApps;C:\Users\Admin\AppData\Local\Programs\Microsoft VS Code\bin;C:\adb;C:\Program Files\nodejs\;C:\Program Files\Git\cmd;C:\WINDOWS\system32;C:\WINDOWS;C:\WINDOWS\System32\Wbem;C:\WINDOWS\System32\WindowsPowerShell\v1.0\;C:\WINDOWS\System32\OpenSSH\;C:\Users\Admin\AppData\Local\Pub\Cache\bin;C:\Program Files\Microsoft SQL Server\150\Tools\Binn\;C:\ProgramData\chocolatey\bin;F:\xampp\php;C:\ProgramData\ComposerSetup\bin;F:\xampp_new\php;C:\Program Files\Java\jdk-19\bin;C:\Program Files\Java\jdk1.8.0_202\bin;C:\Program Files\Java\jdk-19\bin;C:\Program Files (x86)\Common Files\Oracle\Java\javapath;C:\Users\Admin\AppData\Local\Microsoft\WindowsApps;C:\Users\Admin\AppData\Local\Programs\Microsoft VS Code\bin;C:\Users\Admin\AppData\Roaming\npm;F:\flutter\bin;C:\Users\Admin\AppData\Local\Pub\Cache\bin;C:\tools\dart-sdk\bin;C:\Users\Admin\AppData\Roaming\Pub\Cache\bin;C:\Users\Admin\AppData\Roaming\Composer\vendor\bin;F:\xampp_new\php;
USERNAME=Admin
OS=Windows_NT
PROCESSOR_IDENTIFIER=AMD64 Family 25 Model 80 Stepping 0, AuthenticAMD
TMP=C:\Users\Admin\AppData\Local\Temp
TEMP=C:\Users\Admin\AppData\Local\Temp



Periodic native trim disabled


---------------  S Y S T E M  ---------------

OS:
 Windows 11 , 64 bit Build 22621 (10.0.22621.3085)
OS uptime: 0 days 2:17 hours

CPU: total 12 (initial active 12) (12 cores per cpu, 2 threads per core) family 25 model 80 stepping 0 microcode 0x0, cx8, cmov, fxsr, ht, mmx, 3dnowpref, sse, sse2, sse3, ssse3, sse4a, sse4.1, sse4.2, popcnt, lzcnt, tsc, tscinvbit, avx, avx2, aes, erms, clmul, bmi1, bmi2, adx, sha, fma, vzeroupper, clflush, clflushopt
Processor Information for all 12 processors :
  Max Mhz: 3901, Current Mhz: 3901, Mhz Limit: 3901

Memory: 4k page, system-wide physical 15741M (3997M free)
TotalPageFile size 17789M (AvailPageFile size 2M)
current process WorkingSet (physical memory assigned to process): 179M, peak: 179M
current process commit charge ("private bytes"): 281M, peak: 282M

vm_info: OpenJDK 64-Bit Server VM (17.0.10+7) for windows-amd64 JRE (17.0.10+7), built on Jan 16 2024 23:25:11 by "admin" with MS VC++ 16.10 / 16.11 (VS2019)

END.
