#
# There is insufficient memory for the Java Runtime Environment to continue.
# Native memory allocation (malloc) failed to allocate 461376 bytes for Chunk::new
# Possible reasons:
#   The system is out of physical RAM or swap space
#   The process is running with CompressedOops enabled, and the Java Heap may be blocking the growth of the native heap
# Possible solutions:
#   Reduce memory load on the system
#   Increase physical memory or swap space
#   Check if swap backing store is full
#   Decrease Java heap size (-Xmx/-Xms)
#   Decrease number of Java threads
#   Decrease Java thread stack sizes (-Xss)
#   Set larger code cache with -XX:ReservedCodeCacheSize=
#   JVM is running with Unscaled Compressed Oops mode in which the Java heap is
#     placed in the first 4GB address space. The Java Heap base address is the
#     maximum limit for the native heap growth. Please use -XX:HeapBaseMinAddress
#     to set the Java Heap base and to place the Java Heap above 4GB virtual address.
# This output file may be truncated or incomplete.
#
#  Out of Memory Error (arena.cpp:191), pid=27224, tid=28372
#
# JRE version: OpenJDK Runtime Environment Temurin-17.0.10+7 (17.0.10+7) (build 17.0.10+7)
# Java VM: OpenJDK 64-Bit Server VM Temurin-17.0.10+7 (17.0.10+7, mixed mode, tiered, compressed oops, compressed class ptrs, parallel gc, windows-amd64)
# No core dump will be written. Minidumps are not enabled by default on client versions of Windows
#

---------------  S U M M A R Y ------------

Command Line: --add-modules=ALL-SYSTEM --add-opens=java.base/java.util=ALL-UNNAMED --add-opens=java.base/java.lang=ALL-UNNAMED --add-opens=java.base/sun.nio.fs=ALL-UNNAMED -Declipse.application=org.eclipse.jdt.ls.core.id1 -Dosgi.bundles.defaultStartLevel=4 -Declipse.product=org.eclipse.jdt.ls.core.product -Djava.import.generatesMetadataFilesAtProjectRoot=false -DDetectVMInstallationsJob.disabled=true -Dfile.encoding=utf8 -XX:+UseParallelGC -XX:GCTimeRatio=4 -XX:AdaptiveSizePolicyWeight=90 -Dsun.zip.disableMemoryMapping=true -Xmx1G -Xms100m -Xlog:disable -javaagent:c:\Users\Admin\.vscode\extensions\redhat.java-1.28.1-win32-x64\lombok\lombok-1.18.31.jar c:\Users\Admin\.vscode\extensions\redhat.java-1.28.1-win32-x64\server\plugins\org.eclipse.equinox.launcher_1.6.700.v20231214-2017.jar -configuration c:\Users\Admin\AppData\Roaming\Code\User\globalStorage\redhat.java\1.28.1\config_ss_win -data c:\Users\Admin\AppData\Roaming\Code\User\workspaceStorage\75a972a0f1d3fe6770d3baea9a49ca71\redhat.java\ss_ws --stdio

Host: AMD Ryzen 5 5600G with Radeon Graphics         , 12 cores, 15G,  Windows 11 , 64 bit Build 22621 (10.0.22621.3085)
Time: Thu Mar 21 22:51:51 2024 Malay Peninsula Standard Time elapsed time: 4.548762 seconds (0d 0h 0m 4s)

---------------  T H R E A D  ---------------

Current thread (0x0000019efcb5e920):  JavaThread "C2 CompilerThread0" daemon [_thread_in_native, id=28372, stack(0x0000000e6df00000,0x0000000e6e000000)]


Current CompileTask:
C2:   4548 2815       4       jdk.internal.org.objectweb.asm.Frame::execute (2318 bytes)

Stack: [0x0000000e6df00000,0x0000000e6e000000]
Native frames: (J=compiled Java code, j=interpreted, Vv=VM code, C=native code)
V  [jvm.dll+0x67d2c9]
V  [jvm.dll+0x834afa]
V  [jvm.dll+0x8365be]
V  [jvm.dll+0x836c23]
V  [jvm.dll+0x2477ff]
V  [jvm.dll+0xac514]
V  [jvm.dll+0xacb5c]
V  [jvm.dll+0x2aed1f]
V  [jvm.dll+0x584b67]
V  [jvm.dll+0x2228a2]
V  [jvm.dll+0x21b942]
V  [jvm.dll+0x219201]
V  [jvm.dll+0x1a502d]
V  [jvm.dll+0x2290de]
V  [jvm.dll+0x2272ac]
V  [jvm.dll+0x7e9bb7]
V  [jvm.dll+0x7e3fba]
V  [jvm.dll+0x67c1b5]
C  [ucrtbase.dll+0x29363]
C  [KERNEL32.DLL+0x1257d]
C  [ntdll.dll+0x5aa58]


---------------  P R O C E S S  ---------------

Threads class SMR info:
_java_thread_list=0x0000019eff509800, length=22, elements={
0x0000019ef2b1ee10, 0x0000019ef799d010, 0x0000019ef799edb0, 0x0000019ef79aafe0,
0x0000019ef79abe60, 0x0000019ef79ad480, 0x0000019ef79ae240, 0x0000019efcb5e920,
0x0000019efcb6afa0, 0x0000019efcb6c090, 0x0000019efcc1ca40, 0x0000019efe20e1b0,
0x0000019efe3de370, 0x0000019efe3df2a0, 0x0000019efe3df7b0, 0x0000019efe3dd440,
0x0000019efe3dfcc0, 0x0000019efe3dd950, 0x0000019efe3dc510, 0x0000019efe3dca20,
0x0000019efe3dde60, 0x0000019efe3dcf30
}

Java Threads: ( => current thread )
  0x0000019ef2b1ee10 JavaThread "main" [_thread_in_vm, id=6284, stack(0x0000000e6d600000,0x0000000e6d700000)]
  0x0000019ef799d010 JavaThread "Reference Handler" daemon [_thread_blocked, id=27020, stack(0x0000000e6d900000,0x0000000e6da00000)]
  0x0000019ef799edb0 JavaThread "Finalizer" daemon [_thread_blocked, id=20436, stack(0x0000000e6da00000,0x0000000e6db00000)]
  0x0000019ef79aafe0 JavaThread "Signal Dispatcher" daemon [_thread_blocked, id=18924, stack(0x0000000e6db00000,0x0000000e6dc00000)]
  0x0000019ef79abe60 JavaThread "Attach Listener" daemon [_thread_blocked, id=8260, stack(0x0000000e6dc00000,0x0000000e6dd00000)]
  0x0000019ef79ad480 JavaThread "Service Thread" daemon [_thread_blocked, id=27180, stack(0x0000000e6dd00000,0x0000000e6de00000)]
  0x0000019ef79ae240 JavaThread "Monitor Deflation Thread" daemon [_thread_blocked, id=20332, stack(0x0000000e6de00000,0x0000000e6df00000)]
=>0x0000019efcb5e920 JavaThread "C2 CompilerThread0" daemon [_thread_in_native, id=28372, stack(0x0000000e6df00000,0x0000000e6e000000)]
  0x0000019efcb6afa0 JavaThread "C1 CompilerThread0" daemon [_thread_blocked, id=27364, stack(0x0000000e6e000000,0x0000000e6e100000)]
  0x0000019efcb6c090 JavaThread "Sweeper thread" daemon [_thread_blocked, id=15344, stack(0x0000000e6e100000,0x0000000e6e200000)]
  0x0000019efcc1ca40 JavaThread "Common-Cleaner" daemon [_thread_blocked, id=2980, stack(0x0000000e6e200000,0x0000000e6e300000)]
  0x0000019efe20e1b0 JavaThread "Notification Thread" daemon [_thread_blocked, id=4644, stack(0x0000000e6e400000,0x0000000e6e500000)]
  0x0000019efe3de370 JavaThread "Active Thread: Equinox Container: eaf32863-593f-4ffb-a3ca-fb671154a16d" [_thread_blocked, id=7192, stack(0x0000000e6ec00000,0x0000000e6ed00000)]
  0x0000019efe3df2a0 JavaThread "Framework Event Dispatcher: Equinox Container: eaf32863-593f-4ffb-a3ca-fb671154a16d" daemon [_thread_blocked, id=26984, stack(0x0000000e6ed00000,0x0000000e6ee00000)]
  0x0000019efe3df7b0 JavaThread "Start Level: Equinox Container: eaf32863-593f-4ffb-a3ca-fb671154a16d" daemon [_thread_blocked, id=18528, stack(0x0000000e6ee00000,0x0000000e6ef00000)]
  0x0000019efe3dd440 JavaThread "SCR Component Actor" daemon [_thread_blocked, id=10368, stack(0x0000000e6ef00000,0x0000000e6f000000)]
  0x0000019efe3dfcc0 JavaThread "SCR Component Registry" daemon [_thread_blocked, id=8936, stack(0x0000000e6f100000,0x0000000e6f200000)]
  0x0000019efe3dd950 JavaThread "Worker-JM" [_thread_blocked, id=2412, stack(0x0000000e6eb00000,0x0000000e6ec00000)]
  0x0000019efe3dc510 JavaThread "Worker-0" [_thread_blocked, id=4328, stack(0x0000000e6f400000,0x0000000e6f500000)]
  0x0000019efe3dca20 JavaThread "Worker-1" [_thread_blocked, id=10616, stack(0x0000000e6f500000,0x0000000e6f600000)]
  0x0000019efe3dde60 JavaThread "JNA Cleaner" daemon [_thread_blocked, id=12124, stack(0x0000000e6f600000,0x0000000e6f700000)]
  0x0000019efe3dcf30 JavaThread "pool-2-thread-1" [_thread_blocked, id=18580, stack(0x0000000e6f900000,0x0000000e6fa00000)]

Other Threads:
  0x0000019ef2ba96c0 VMThread "VM Thread" [stack: 0x0000000e6d800000,0x0000000e6d900000] [id=8612]
  0x0000019efe2126b0 WatcherThread [stack: 0x0000000e6e500000,0x0000000e6e600000] [id=15920]
  0x0000019ef2b335e0 GCTaskThread "GC Thread#0" [stack: 0x0000000e6d700000,0x0000000e6d800000] [id=21404]
  0x0000019efe934a30 GCTaskThread "GC Thread#1" [stack: 0x0000000e6e300000,0x0000000e6e400000] [id=4172]
  0x0000019efe934cf0 GCTaskThread "GC Thread#2" [stack: 0x0000000e6e600000,0x0000000e6e700000] [id=15188]
  0x0000019efe7e20c0 GCTaskThread "GC Thread#3" [stack: 0x0000000e6e700000,0x0000000e6e800000] [id=28340]
  0x0000019efe7e2380 GCTaskThread "GC Thread#4" [stack: 0x0000000e6e800000,0x0000000e6e900000] [id=27340]
  0x0000019efe947010 GCTaskThread "GC Thread#5" [stack: 0x0000000e6e900000,0x0000000e6ea00000] [id=1652]
  0x0000019efe9472d0 GCTaskThread "GC Thread#6" [stack: 0x0000000e6ea00000,0x0000000e6eb00000] [id=16964]
  0x0000019efe430070 GCTaskThread "GC Thread#7" [stack: 0x0000000e6f000000,0x0000000e6f100000] [id=26700]
  0x0000019efee68770 GCTaskThread "GC Thread#8" [stack: 0x0000000e6f200000,0x0000000e6f300000] [id=17328]
  0x0000019efee68a30 GCTaskThread "GC Thread#9" [stack: 0x0000000e6f300000,0x0000000e6f400000] [id=17276]

Threads with active compile tasks:
C2 CompilerThread0     4587 2815       4       jdk.internal.org.objectweb.asm.Frame::execute (2318 bytes)

VM state: not at safepoint (normal execution)

VM Mutex/Monitor currently owned by a thread: None

Heap address: 0x00000000c0000000, size: 1024 MB, Compressed Oops mode: 32-bit

CDS archive(s) not mapped
Compressed class space mapped at: 0x0000000100000000-0x0000000140000000, reserved size: 1073741824
Narrow klass base: 0x0000000000000000, Narrow klass shift: 3, Narrow klass range: 0x140000000

GC Precious Log:
 CPUs: 12 total, 12 available
 Memory: 15741M
 Large Page Support: Disabled
 NUMA Support: Disabled
 Compressed Oops: Enabled (32-bit)
 Alignments: Space 512K, Generation 512K, Heap 2M
 Heap Min Capacity: 100M
 Heap Initial Capacity: 100M
 Heap Max Capacity: 1G
 Pre-touch: Disabled
 Parallel Workers: 10

Heap:
 PSYoungGen      total 27136K, used 11671K [0x00000000eab00000, 0x00000000ecc80000, 0x0000000100000000)
  eden space 24064K, 35% used [0x00000000eab00000,0x00000000eb36a120,0x00000000ec280000)
  from space 3072K, 99% used [0x00000000ec300000,0x00000000ec5fbb28,0x00000000ec600000)
  to   space 5120K, 0% used [0x00000000ec780000,0x00000000ec780000,0x00000000ecc80000)
 ParOldGen       total 68608K, used 8273K [0x00000000c0000000, 0x00000000c4300000, 0x00000000eab00000)
  object space 68608K, 12% used [0x00000000c0000000,0x00000000c0814410,0x00000000c4300000)
 Metaspace       used 32538K, committed 33152K, reserved 1114112K
  class space    used 3222K, committed 3456K, reserved 1048576K

Card table byte_map: [0x0000019ef24e0000,0x0000019ef26f0000] _byte_map_base: 0x0000019ef1ee0000

Marking Bits: (ParMarkBitMap*) 0x00007ff8b5fed7d0
 Begin Bits: [0x0000019ef57b0000, 0x0000019ef67b0000)
 End Bits:   [0x0000019ef67b0000, 0x0000019ef77b0000)

Polling page: 0x0000019ef22d0000

Metaspace:

Usage:
  Non-class:     28.63 MB used.
      Class:      3.15 MB used.
       Both:     31.78 MB used.

Virtual space:
  Non-class space:       64.00 MB reserved,      29.00 MB ( 45%) committed,  1 nodes.
      Class space:        1.00 GB reserved,       3.38 MB ( <1%) committed,  1 nodes.
             Both:        1.06 GB reserved,      32.38 MB (  3%) committed. 

Chunk freelists:
   Non-Class:  2.91 MB
       Class:  12.63 MB
        Both:  15.54 MB

MaxMetaspaceSize: unlimited
CompressedClassSpaceSize: 1.00 GB
Initial GC threshold: 21.00 MB
Current GC threshold: 35.00 MB
CDS: off
MetaspaceReclaimPolicy: balanced
 - commit_granule_bytes: 65536.
 - commit_granule_words: 8192.
 - virtual_space_node_default_size: 8388608.
 - enlarge_chunks_in_place: 1.
 - new_chunks_are_fully_committed: 0.
 - uncommit_free_chunks: 1.
 - use_allocation_guard: 0.
 - handle_deallocations: 1.


Internal statistics:

num_allocs_failed_limit: 3.
num_arena_births: 346.
num_arena_deaths: 14.
num_vsnodes_births: 2.
num_vsnodes_deaths: 0.
num_space_committed: 518.
num_space_uncommitted: 0.
num_chunks_returned_to_freelist: 17.
num_chunks_taken_from_freelist: 1266.
num_chunk_merges: 5.
num_chunk_splits: 818.
num_chunks_enlarged: 577.
num_inconsistent_stats: 0.

CodeHeap 'non-profiled nmethods': size=120000Kb used=1223Kb max_used=1223Kb free=118776Kb
 bounds [0x0000019e87ad0000, 0x0000019e87d40000, 0x0000019e8f000000]
CodeHeap 'profiled nmethods': size=120000Kb used=5662Kb max_used=5662Kb free=114337Kb
 bounds [0x0000019e80000000, 0x0000019e80590000, 0x0000019e87530000]
CodeHeap 'non-nmethods': size=5760Kb used=1250Kb max_used=1273Kb free=4509Kb
 bounds [0x0000019e87530000, 0x0000019e877a0000, 0x0000019e87ad0000]
 total_blobs=3408 nmethods=2839 adapters=482
 compilation: enabled
              stopped_count=0, restarted_count=0
 full_count=0

Compilation events (20 events):
Event: 4.467 Thread 0x0000019efcb6afa0 nmethod 2807 0x0000019e80573890 code [0x0000019e80573b60, 0x0000019e805750a8]
Event: 4.526 Thread 0x0000019efcb6afa0 2810       3       jdk.internal.org.objectweb.asm.MethodWriter::computeAllFrames (510 bytes)
Event: 4.527 Thread 0x0000019efcb6afa0 nmethod 2810 0x0000019e80575690 code [0x0000019e805759c0, 0x0000019e80576c68]
Event: 4.527 Thread 0x0000019efcb6afa0 2811       3       jdk.internal.org.objectweb.asm.MethodWriter::visitFrameEnd (53 bytes)
Event: 4.527 Thread 0x0000019efcb6afa0 nmethod 2811 0x0000019e80577790 code [0x0000019e80577940, 0x0000019e80577d28]
Event: 4.527 Thread 0x0000019efcb6afa0 2813       3       java.lang.invoke.DirectMethodHandle::<init> (148 bytes)
Event: 4.527 Thread 0x0000019efcb6afa0 nmethod 2813 0x0000019e80577e90 code [0x0000019e80578140, 0x0000019e80579028]
Event: 4.527 Thread 0x0000019efcb6afa0 2812       3       jdk.internal.reflect.ReflectionFactory::copyMethod (11 bytes)
Event: 4.527 Thread 0x0000019efcb6afa0 nmethod 2812 0x0000019e80579510 code [0x0000019e805796c0, 0x0000019e805798a8]
Event: 4.535 Thread 0x0000019efcb6afa0 2814       3       jdk.internal.loader.AbstractClassLoaderValue::map (20 bytes)
Event: 4.535 Thread 0x0000019efcb6afa0 nmethod 2814 0x0000019e80579a10 code [0x0000019e80579bc0, 0x0000019e80579e88]
Event: 4.535 Thread 0x0000019efcb5e920 2815       4       jdk.internal.org.objectweb.asm.Frame::execute (2318 bytes)
Event: 4.536 Thread 0x0000019efcb6afa0 2816       3       jdk.internal.misc.Unsafe::pickPos (14 bytes)
Event: 4.536 Thread 0x0000019efcb6afa0 nmethod 2816 0x0000019e80579f90 code [0x0000019e8057a120, 0x0000019e8057a218]
Event: 4.543 Thread 0x0000019efcb6afa0 2818       3       sun.reflect.generics.parser.SignatureParser::skipIdentifier (67 bytes)
Event: 4.543 Thread 0x0000019efcb6afa0 nmethod 2818 0x0000019e8057a290 code [0x0000019e8057a4a0, 0x0000019e8057aa28]
Event: 4.543 Thread 0x0000019efcb6afa0 2820       3       java.util.stream.StreamOpFlag::isKnown (19 bytes)
Event: 4.544 Thread 0x0000019efcb6afa0 nmethod 2820 0x0000019e8057ac10 code [0x0000019e8057ada0, 0x0000019e8057af18]
Event: 4.544 Thread 0x0000019efcb6afa0 2819       3       jdk.internal.loader.AbstractClassLoaderValue::extractValue (17 bytes)
Event: 4.544 Thread 0x0000019efcb6afa0 nmethod 2819 0x0000019e8057af90 code [0x0000019e8057b140, 0x0000019e8057b4c8]

GC Heap History (16 events):
Event: 1.051 GC heap before
{Heap before GC invocations=1 (full 0):
 PSYoungGen      total 29696K, used 25600K [0x00000000eab00000, 0x00000000ecc00000, 0x0000000100000000)
  eden space 25600K, 100% used [0x00000000eab00000,0x00000000ec400000,0x00000000ec400000)
  from space 4096K, 0% used [0x00000000ec800000,0x00000000ec800000,0x00000000ecc00000)
  to   space 4096K, 0% used [0x00000000ec400000,0x00000000ec400000,0x00000000ec800000)
 ParOldGen       total 68608K, used 0K [0x00000000c0000000, 0x00000000c4300000, 0x00000000eab00000)
  object space 68608K, 0% used [0x00000000c0000000,0x00000000c0000000,0x00000000c4300000)
 Metaspace       used 10995K, committed 11200K, reserved 1114112K
  class space    used 1096K, committed 1216K, reserved 1048576K
}
Event: 1.057 GC heap after
{Heap after GC invocations=1 (full 0):
 PSYoungGen      total 29696K, used 3191K [0x00000000eab00000, 0x00000000ecc00000, 0x0000000100000000)
  eden space 25600K, 0% used [0x00000000eab00000,0x00000000eab00000,0x00000000ec400000)
  from space 4096K, 77% used [0x00000000ec400000,0x00000000ec71dcf0,0x00000000ec800000)
  to   space 4096K, 0% used [0x00000000ec800000,0x00000000ec800000,0x00000000ecc00000)
 ParOldGen       total 68608K, used 16K [0x00000000c0000000, 0x00000000c4300000, 0x00000000eab00000)
  object space 68608K, 0% used [0x00000000c0000000,0x00000000c0004000,0x00000000c4300000)
 Metaspace       used 10995K, committed 11200K, reserved 1114112K
  class space    used 1096K, committed 1216K, reserved 1048576K
}
Event: 1.725 GC heap before
{Heap before GC invocations=2 (full 0):
 PSYoungGen      total 29696K, used 28791K [0x00000000eab00000, 0x00000000ecc00000, 0x0000000100000000)
  eden space 25600K, 100% used [0x00000000eab00000,0x00000000ec400000,0x00000000ec400000)
  from space 4096K, 77% used [0x00000000ec400000,0x00000000ec71dcf0,0x00000000ec800000)
  to   space 4096K, 0% used [0x00000000ec800000,0x00000000ec800000,0x00000000ecc00000)
 ParOldGen       total 68608K, used 16K [0x00000000c0000000, 0x00000000c4300000, 0x00000000eab00000)
  object space 68608K, 0% used [0x00000000c0000000,0x00000000c0004000,0x00000000c4300000)
 Metaspace       used 15053K, committed 15296K, reserved 1114112K
  class space    used 1529K, committed 1664K, reserved 1048576K
}
Event: 1.728 GC heap after
{Heap after GC invocations=2 (full 0):
 PSYoungGen      total 29696K, used 4090K [0x00000000eab00000, 0x00000000ecc00000, 0x0000000100000000)
  eden space 25600K, 0% used [0x00000000eab00000,0x00000000eab00000,0x00000000ec400000)
  from space 4096K, 99% used [0x00000000ec800000,0x00000000ecbfe980,0x00000000ecc00000)
  to   space 4096K, 0% used [0x00000000ec400000,0x00000000ec400000,0x00000000ec800000)
 ParOldGen       total 68608K, used 754K [0x00000000c0000000, 0x00000000c4300000, 0x00000000eab00000)
  object space 68608K, 1% used [0x00000000c0000000,0x00000000c00bc830,0x00000000c4300000)
 Metaspace       used 15053K, committed 15296K, reserved 1114112K
  class space    used 1529K, committed 1664K, reserved 1048576K
}
Event: 2.329 GC heap before
{Heap before GC invocations=3 (full 0):
 PSYoungGen      total 29696K, used 29690K [0x00000000eab00000, 0x00000000ecc00000, 0x0000000100000000)
  eden space 25600K, 100% used [0x00000000eab00000,0x00000000ec400000,0x00000000ec400000)
  from space 4096K, 99% used [0x00000000ec800000,0x00000000ecbfe980,0x00000000ecc00000)
  to   space 4096K, 0% used [0x00000000ec400000,0x00000000ec400000,0x00000000ec800000)
 ParOldGen       total 68608K, used 754K [0x00000000c0000000, 0x00000000c4300000, 0x00000000eab00000)
  object space 68608K, 1% used [0x00000000c0000000,0x00000000c00bc830,0x00000000c4300000)
 Metaspace       used 20080K, committed 20480K, reserved 1114112K
  class space    used 2045K, committed 2176K, reserved 1048576K
}
Event: 2.332 GC heap after
{Heap after GC invocations=3 (full 0):
 PSYoungGen      total 29696K, used 4079K [0x00000000eab00000, 0x00000000ecc00000, 0x0000000100000000)
  eden space 25600K, 0% used [0x00000000eab00000,0x00000000eab00000,0x00000000ec400000)
  from space 4096K, 99% used [0x00000000ec400000,0x00000000ec7fbec0,0x00000000ec800000)
  to   space 4096K, 0% used [0x00000000ec800000,0x00000000ec800000,0x00000000ecc00000)
 ParOldGen       total 68608K, used 2552K [0x00000000c0000000, 0x00000000c4300000, 0x00000000eab00000)
  object space 68608K, 3% used [0x00000000c0000000,0x00000000c027e158,0x00000000c4300000)
 Metaspace       used 20080K, committed 20480K, reserved 1114112K
  class space    used 2045K, committed 2176K, reserved 1048576K
}
Event: 2.504 GC heap before
{Heap before GC invocations=4 (full 0):
 PSYoungGen      total 29696K, used 10471K [0x00000000eab00000, 0x00000000ecc00000, 0x0000000100000000)
  eden space 25600K, 24% used [0x00000000eab00000,0x00000000eb13e018,0x00000000ec400000)
  from space 4096K, 99% used [0x00000000ec400000,0x00000000ec7fbec0,0x00000000ec800000)
  to   space 4096K, 0% used [0x00000000ec800000,0x00000000ec800000,0x00000000ecc00000)
 ParOldGen       total 68608K, used 2552K [0x00000000c0000000, 0x00000000c4300000, 0x00000000eab00000)
  object space 68608K, 3% used [0x00000000c0000000,0x00000000c027e158,0x00000000c4300000)
 Metaspace       used 21108K, committed 21504K, reserved 1114112K
  class space    used 2164K, committed 2368K, reserved 1048576K
}
Event: 2.506 GC heap after
{Heap after GC invocations=4 (full 0):
 PSYoungGen      total 29696K, used 4095K [0x00000000eab00000, 0x00000000ecc00000, 0x0000000100000000)
  eden space 25600K, 0% used [0x00000000eab00000,0x00000000eab00000,0x00000000ec400000)
  from space 4096K, 99% used [0x00000000ec800000,0x00000000ecbffeb0,0x00000000ecc00000)
  to   space 4096K, 0% used [0x00000000ec400000,0x00000000ec400000,0x00000000ec800000)
 ParOldGen       total 68608K, used 2780K [0x00000000c0000000, 0x00000000c4300000, 0x00000000eab00000)
  object space 68608K, 4% used [0x00000000c0000000,0x00000000c02b7360,0x00000000c4300000)
 Metaspace       used 21108K, committed 21504K, reserved 1114112K
  class space    used 2164K, committed 2368K, reserved 1048576K
}
Event: 2.506 GC heap before
{Heap before GC invocations=5 (full 1):
 PSYoungGen      total 29696K, used 4095K [0x00000000eab00000, 0x00000000ecc00000, 0x0000000100000000)
  eden space 25600K, 0% used [0x00000000eab00000,0x00000000eab00000,0x00000000ec400000)
  from space 4096K, 99% used [0x00000000ec800000,0x00000000ecbffeb0,0x00000000ecc00000)
  to   space 4096K, 0% used [0x00000000ec400000,0x00000000ec400000,0x00000000ec800000)
 ParOldGen       total 68608K, used 2780K [0x00000000c0000000, 0x00000000c4300000, 0x00000000eab00000)
  object space 68608K, 4% used [0x00000000c0000000,0x00000000c02b7360,0x00000000c4300000)
 Metaspace       used 21108K, committed 21504K, reserved 1114112K
  class space    used 2164K, committed 2368K, reserved 1048576K
}
Event: 2.521 GC heap after
{Heap after GC invocations=5 (full 1):
 PSYoungGen      total 29696K, used 0K [0x00000000eab00000, 0x00000000ecc00000, 0x0000000100000000)
  eden space 25600K, 0% used [0x00000000eab00000,0x00000000eab00000,0x00000000ec400000)
  from space 4096K, 0% used [0x00000000ec800000,0x00000000ec800000,0x00000000ecc00000)
  to   space 4096K, 0% used [0x00000000ec400000,0x00000000ec400000,0x00000000ec800000)
 ParOldGen       total 68608K, used 6615K [0x00000000c0000000, 0x00000000c4300000, 0x00000000eab00000)
  object space 68608K, 9% used [0x00000000c0000000,0x00000000c0675ea0,0x00000000c4300000)
 Metaspace       used 21095K, committed 21504K, reserved 1114112K
  class space    used 2161K, committed 2368K, reserved 1048576K
}
Event: 2.932 GC heap before
{Heap before GC invocations=6 (full 1):
 PSYoungGen      total 29696K, used 25600K [0x00000000eab00000, 0x00000000ecc00000, 0x0000000100000000)
  eden space 25600K, 100% used [0x00000000eab00000,0x00000000ec400000,0x00000000ec400000)
  from space 4096K, 0% used [0x00000000ec800000,0x00000000ec800000,0x00000000ecc00000)
  to   space 4096K, 0% used [0x00000000ec400000,0x00000000ec400000,0x00000000ec800000)
 ParOldGen       total 68608K, used 6615K [0x00000000c0000000, 0x00000000c4300000, 0x00000000eab00000)
  object space 68608K, 9% used [0x00000000c0000000,0x00000000c0675ea0,0x00000000c4300000)
 Metaspace       used 24199K, committed 24640K, reserved 1114112K
  class space    used 2376K, committed 2560K, reserved 1048576K
}
Event: 2.933 GC heap after
{Heap after GC invocations=6 (full 1):
 PSYoungGen      total 26624K, used 1102K [0x00000000eab00000, 0x00000000ec880000, 0x0000000100000000)
  eden space 25088K, 0% used [0x00000000eab00000,0x00000000eab00000,0x00000000ec380000)
  from space 1536K, 71% used [0x00000000ec400000,0x00000000ec5139c8,0x00000000ec580000)
  to   space 2560K, 0% used [0x00000000ec600000,0x00000000ec600000,0x00000000ec880000)
 ParOldGen       total 68608K, used 6623K [0x00000000c0000000, 0x00000000c4300000, 0x00000000eab00000)
  object space 68608K, 9% used [0x00000000c0000000,0x00000000c0677ea0,0x00000000c4300000)
 Metaspace       used 24199K, committed 24640K, reserved 1114112K
  class space    used 2376K, committed 2560K, reserved 1048576K
}
Event: 3.247 GC heap before
{Heap before GC invocations=7 (full 1):
 PSYoungGen      total 26624K, used 26190K [0x00000000eab00000, 0x00000000ec880000, 0x0000000100000000)
  eden space 25088K, 100% used [0x00000000eab00000,0x00000000ec380000,0x00000000ec380000)
  from space 1536K, 71% used [0x00000000ec400000,0x00000000ec5139c8,0x00000000ec580000)
  to   space 2560K, 0% used [0x00000000ec600000,0x00000000ec600000,0x00000000ec880000)
 ParOldGen       total 68608K, used 6623K [0x00000000c0000000, 0x00000000c4300000, 0x00000000eab00000)
  object space 68608K, 9% used [0x00000000c0000000,0x00000000c0677ea0,0x00000000c4300000)
 Metaspace       used 26745K, committed 27264K, reserved 1114112K
  class space    used 2576K, committed 2816K, reserved 1048576K
}
Event: 3.248 GC heap after
{Heap after GC invocations=7 (full 1):
 PSYoungGen      total 27136K, used 2549K [0x00000000eab00000, 0x00000000ec900000, 0x0000000100000000)
  eden space 24576K, 0% used [0x00000000eab00000,0x00000000eab00000,0x00000000ec300000)
  from space 2560K, 99% used [0x00000000ec600000,0x00000000ec87d790,0x00000000ec880000)
  to   space 3072K, 0% used [0x00000000ec300000,0x00000000ec300000,0x00000000ec600000)
 ParOldGen       total 68608K, used 6663K [0x00000000c0000000, 0x00000000c4300000, 0x00000000eab00000)
  object space 68608K, 9% used [0x00000000c0000000,0x00000000c0681ea0,0x00000000c4300000)
 Metaspace       used 26745K, committed 27264K, reserved 1114112K
  class space    used 2576K, committed 2816K, reserved 1048576K
}
Event: 4.268 GC heap before
{Heap before GC invocations=8 (full 1):
 PSYoungGen      total 27136K, used 27125K [0x00000000eab00000, 0x00000000ec900000, 0x0000000100000000)
  eden space 24576K, 100% used [0x00000000eab00000,0x00000000ec300000,0x00000000ec300000)
  from space 2560K, 99% used [0x00000000ec600000,0x00000000ec87d790,0x00000000ec880000)
  to   space 3072K, 0% used [0x00000000ec300000,0x00000000ec300000,0x00000000ec600000)
 ParOldGen       total 68608K, used 6663K [0x00000000c0000000, 0x00000000c4300000, 0x00000000eab00000)
  object space 68608K, 9% used [0x00000000c0000000,0x00000000c0681ea0,0x00000000c4300000)
 Metaspace       used 31012K, committed 31616K, reserved 1114112K
  class space    used 3043K, committed 3328K, reserved 1048576K
}
Event: 4.270 GC heap after
{Heap after GC invocations=8 (full 1):
 PSYoungGen      total 27136K, used 3054K [0x00000000eab00000, 0x00000000ecc80000, 0x0000000100000000)
  eden space 24064K, 0% used [0x00000000eab00000,0x00000000eab00000,0x00000000ec280000)
  from space 3072K, 99% used [0x00000000ec300000,0x00000000ec5fbb28,0x00000000ec600000)
  to   space 5120K, 0% used [0x00000000ec780000,0x00000000ec780000,0x00000000ecc80000)
 ParOldGen       total 68608K, used 8273K [0x00000000c0000000, 0x00000000c4300000, 0x00000000eab00000)
  object space 68608K, 12% used [0x00000000c0000000,0x00000000c0814410,0x00000000c4300000)
 Metaspace       used 31012K, committed 31616K, reserved 1114112K
  class space    used 3043K, committed 3328K, reserved 1048576K
}

Dll operation events (10 events):
Event: 0.011 Loaded shared library c:\Users\Admin\.vscode\extensions\redhat.java-1.28.1-win32-x64\jre\17.0.10-win32-x86_64\bin\java.dll
Event: 0.112 Loaded shared library c:\Users\Admin\.vscode\extensions\redhat.java-1.28.1-win32-x64\jre\17.0.10-win32-x86_64\bin\zip.dll
Event: 0.114 Loaded shared library C:\Users\Admin\.vscode\extensions\redhat.java-1.28.1-win32-x64\jre\17.0.10-win32-x86_64\bin\instrument.dll
Event: 0.123 Loaded shared library C:\Users\Admin\.vscode\extensions\redhat.java-1.28.1-win32-x64\jre\17.0.10-win32-x86_64\bin\net.dll
Event: 0.124 Loaded shared library C:\Users\Admin\.vscode\extensions\redhat.java-1.28.1-win32-x64\jre\17.0.10-win32-x86_64\bin\nio.dll
Event: 0.130 Loaded shared library C:\Users\Admin\.vscode\extensions\redhat.java-1.28.1-win32-x64\jre\17.0.10-win32-x86_64\bin\zip.dll
Event: 0.140 Loaded shared library C:\Users\Admin\.vscode\extensions\redhat.java-1.28.1-win32-x64\jre\17.0.10-win32-x86_64\bin\jimage.dll
Event: 0.236 Loaded shared library c:\Users\Admin\.vscode\extensions\redhat.java-1.28.1-win32-x64\jre\17.0.10-win32-x86_64\bin\verify.dll
Event: 1.451 Loaded shared library C:\Users\Admin\AppData\Roaming\Code\User\globalStorage\redhat.java\1.28.1\config_ss_win\org.eclipse.equinox.launcher\org.eclipse.equinox.launcher.win32.win32.x86_64_1.2.900.v20240129-1338\eclipse_11900.dll
Event: 4.313 Loaded shared library C:\Users\Admin\AppData\Local\Temp\jna-63116079\jna7749128423431157490.dll

Deoptimization events (20 events):
Event: 4.224 Thread 0x0000019efe3df7b0 DEOPT PACKING pc=0x0000019e804b77ef sp=0x0000000e6eefd990
Event: 4.224 Thread 0x0000019efe3df7b0 DEOPT UNPACKING pc=0x0000019e87586e43 sp=0x0000000e6eefcea0 mode 0
Event: 4.229 Thread 0x0000019efe3df7b0 DEOPT PACKING pc=0x0000019e804b77ce sp=0x0000000e6eefda00
Event: 4.229 Thread 0x0000019efe3df7b0 DEOPT UNPACKING pc=0x0000019e87586e43 sp=0x0000000e6eefcf10 mode 0
Event: 4.292 Thread 0x0000019efe3df7b0 Uncommon trap: trap_request=0xffffff45 fr.pc=0x0000019e87b12ed8 relative=0x0000000000000658
Event: 4.292 Thread 0x0000019efe3df7b0 Uncommon trap: reason=unstable_if action=reinterpret pc=0x0000019e87b12ed8 method=java.lang.String.replace(Ljava/lang/CharSequence;Ljava/lang/CharSequence;)Ljava/lang/String; @ 42 c2
Event: 4.292 Thread 0x0000019efe3df7b0 DEOPT PACKING pc=0x0000019e87b12ed8 sp=0x0000000e6eefbcc0
Event: 4.292 Thread 0x0000019efe3df7b0 DEOPT UNPACKING pc=0x0000019e875866a3 sp=0x0000000e6eefbc40 mode 2
Event: 4.339 Thread 0x0000019efe3df7b0 Uncommon trap: trap_request=0xffffff45 fr.pc=0x0000019e87baa564 relative=0x0000000000000a84
Event: 4.339 Thread 0x0000019efe3df7b0 Uncommon trap: reason=unstable_if action=reinterpret pc=0x0000019e87baa564 method=jdk.internal.org.objectweb.asm.SymbolTable.put(Ljdk/internal/org/objectweb/asm/SymbolTable$Entry;)Ljdk/internal/org/objectweb/asm/SymbolTable$Entry; @ 13 c2
Event: 4.339 Thread 0x0000019efe3df7b0 DEOPT PACKING pc=0x0000019e87baa564 sp=0x0000000e6eefc180
Event: 4.339 Thread 0x0000019efe3df7b0 DEOPT UNPACKING pc=0x0000019e875866a3 sp=0x0000000e6eefc0c8 mode 2
Event: 4.371 Thread 0x0000019efe3df7b0 Uncommon trap: trap_request=0xffffff76 fr.pc=0x0000019e87bee200 relative=0x00000000000005c0
Event: 4.371 Thread 0x0000019efe3df7b0 Uncommon trap: reason=predicate action=maybe_recompile pc=0x0000019e87bee200 method=java.util.TreeMap.getEntryUsingComparator(Ljava/lang/Object;)Ljava/util/TreeMap$Entry; @ 19 c2
Event: 4.371 Thread 0x0000019efe3df7b0 DEOPT PACKING pc=0x0000019e87bee200 sp=0x0000000e6eefcd60
Event: 4.371 Thread 0x0000019efe3df7b0 DEOPT UNPACKING pc=0x0000019e875866a3 sp=0x0000000e6eefcc80 mode 2
Event: 4.403 Thread 0x0000019ef2b1ee10 Uncommon trap: trap_request=0xffffff76 fr.pc=0x0000019e87bec840 relative=0x0000000000000600
Event: 4.403 Thread 0x0000019ef2b1ee10 Uncommon trap: reason=predicate action=maybe_recompile pc=0x0000019e87bec840 method=java.util.TreeMap.getEntryUsingComparator(Ljava/lang/Object;)Ljava/util/TreeMap$Entry; @ 19 c2
Event: 4.403 Thread 0x0000019ef2b1ee10 DEOPT PACKING pc=0x0000019e87bec840 sp=0x0000000e6d6fe4a0
Event: 4.403 Thread 0x0000019ef2b1ee10 DEOPT UNPACKING pc=0x0000019e875866a3 sp=0x0000000e6d6fe450 mode 2

Classes unloaded (7 events):
Event: 2.508 Thread 0x0000019ef2ba96c0 Unloading class 0x000000010021e400 'java/lang/invoke/LambdaForm$MH+0x000000010021e400'
Event: 2.508 Thread 0x0000019ef2ba96c0 Unloading class 0x000000010021e000 'java/lang/invoke/LambdaForm$MH+0x000000010021e000'
Event: 2.508 Thread 0x0000019ef2ba96c0 Unloading class 0x000000010021dc00 'java/lang/invoke/LambdaForm$MH+0x000000010021dc00'
Event: 2.508 Thread 0x0000019ef2ba96c0 Unloading class 0x000000010021d800 'java/lang/invoke/LambdaForm$MH+0x000000010021d800'
Event: 2.508 Thread 0x0000019ef2ba96c0 Unloading class 0x000000010021d400 'java/lang/invoke/LambdaForm$BMH+0x000000010021d400'
Event: 2.508 Thread 0x0000019ef2ba96c0 Unloading class 0x000000010021d000 'java/lang/invoke/LambdaForm$DMH+0x000000010021d000'
Event: 2.508 Thread 0x0000019ef2ba96c0 Unloading class 0x0000000100218400 'java/lang/invoke/LambdaForm$DMH+0x0000000100218400'

Classes redefined (0 events):
No events

Internal exceptions (20 events):
Event: 2.452 Thread 0x0000019efe3dc510 Exception <a 'java/lang/NoSuchMethodError'{0x00000000eaf3e6e8}: 'java.lang.Object java.lang.invoke.DirectMethodHandle$Holder.invokeSpecial(java.lang.Object, java.lang.Object, int, java.lang.Object, java.lang.Object)'> (0x00000000eaf3e6e8) 
thrown [s\src\hotspot\share\interpreter\linkResolver.cpp, line 759]
Event: 2.453 Thread 0x0000019efe3dc510 Exception <a 'java/lang/NoSuchMethodError'{0x00000000eaf45db8}: 'java.lang.Object java.lang.invoke.DirectMethodHandle$Holder.newInvokeSpecial(java.lang.Object, java.lang.Object, int, java.lang.Object)'> (0x00000000eaf45db8) 
thrown [s\src\hotspot\share\interpreter\linkResolver.cpp, line 759]
Event: 2.453 Thread 0x0000019efe3dc510 Exception <a 'java/lang/NoSuchMethodError'{0x00000000eaf498c8}: 'java.lang.Object java.lang.invoke.DirectMethodHandle$Holder.invokeSpecial(java.lang.Object, java.lang.Object, java.lang.Object, int, java.lang.Object)'> (0x00000000eaf498c8) 
thrown [s\src\hotspot\share\interpreter\linkResolver.cpp, line 759]
Event: 3.337 Thread 0x0000019efe3df7b0 Exception <a 'java/lang/ClassNotFoundException'{0x00000000eae8dac0}: com/sun/org/apache/xerces/internal/impl/msg/spi/DOMMessagesProvider> (0x00000000eae8dac0) 
thrown [s\src\hotspot\share\classfile\systemDictionary.cpp, line 256]
Event: 3.339 Thread 0x0000019efe3df7b0 Exception <a 'java/lang/ClassNotFoundException'{0x00000000eaeb9d90}: com/sun/org/apache/xerces/internal/impl/msg/spi/XMLSerializerMessagesProvider> (0x00000000eaeb9d90) 
thrown [s\src\hotspot\share\classfile\systemDictionary.cpp, line 256]
Event: 3.342 Thread 0x0000019efe3df7b0 Exception <a 'java/lang/ClassNotFoundException'{0x00000000eaec6fc8}: com/sun/org/apache/xerces/internal/impl/msg/spi/XMLMessagesProvider> (0x00000000eaec6fc8) 
thrown [s\src\hotspot\share\classfile\systemDictionary.cpp, line 256]
Event: 3.372 Thread 0x0000019efe3df7b0 Exception <a 'java/lang/NoSuchMethodError'{0x00000000eb02a298}: 'java.lang.Object java.lang.invoke.DirectMethodHandle$Holder.newInvokeSpecial(java.lang.Object, int, java.lang.Object, java.lang.Object)'> (0x00000000eb02a298) 
thrown [s\src\hotspot\share\interpreter\linkResolver.cpp, line 759]
Event: 3.886 Thread 0x0000019efe3df7b0 Exception <a 'java/lang/NoSuchMethodError'{0x00000000eb141f08}: 'java.lang.Object java.lang.invoke.DirectMethodHandle$Holder.invokeStaticInit(java.lang.Object, int, int, int, int)'> (0x00000000eb141f08) 
thrown [s\src\hotspot\share\interpreter\linkResolver.cpp, line 759]
Event: 3.923 Thread 0x0000019efe3df7b0 Exception <a 'java/lang/NoSuchMethodError'{0x00000000eb1eb800}: 'java.lang.Object java.lang.invoke.DirectMethodHandle$Holder.invokeStaticInit(java.lang.Object, java.lang.Object, int, int, int, int)'> (0x00000000eb1eb800) 
thrown [s\src\hotspot\share\interpreter\linkResolver.cpp, line 759]
Event: 3.980 Thread 0x0000019efe3df7b0 Exception <a 'sun/nio/fs/WindowsException'{0x00000000eb495790}> (0x00000000eb495790) 
thrown [s\src\hotspot\share\prims\jni.cpp, line 516]
Event: 4.030 Thread 0x0000019efe3df7b0 Implicit null exception at 0x0000019e87bce600 to 0x0000019e87bcf2a0
Event: 4.102 Thread 0x0000019efe3df7b0 Exception <a 'java/lang/ClassNotFoundException'{0x00000000ebb9f1c0}: com/sun/org/apache/xml/internal/serializer/spi/XMLEntitiesProvider> (0x00000000ebb9f1c0) 
thrown [s\src\hotspot\share\classfile\systemDictionary.cpp, line 256]
Event: 4.240 Thread 0x0000019efe3df7b0 Exception <a 'java/io/FileNotFoundException'{0x00000000ec155a68}> (0x00000000ec155a68) 
thrown [s\src\hotspot\share\prims\jni.cpp, line 516]
Event: 4.367 Thread 0x0000019efe3df7b0 Exception <a 'java/lang/UnsatisfiedLinkError'{0x00000000eadadd18}: The specified procedure could not be found.
> (0x00000000eadadd18) 
thrown [s\src\hotspot\share\prims\jni.cpp, line 535]
Event: 4.370 Thread 0x0000019efe3df7b0 Exception <a 'java/io/FileNotFoundException'{0x00000000eadd2850}> (0x00000000eadd2850) 
thrown [s\src\hotspot\share\prims\jni.cpp, line 516]
Event: 4.376 Thread 0x0000019efe3df7b0 Exception <a 'java/io/FileNotFoundException'{0x00000000eae73ac8}> (0x00000000eae73ac8) 
thrown [s\src\hotspot\share\prims\jni.cpp, line 516]
Event: 4.383 Thread 0x0000019efe3df7b0 Exception <a 'java/lang/UnsatisfiedLinkError'{0x00000000eaf02638}: The specified procedure could not be found.
> (0x00000000eaf02638) 
thrown [s\src\hotspot\share\prims\jni.cpp, line 535]
Event: 4.462 Thread 0x0000019ef2b1ee10 Exception <a 'java/lang/NoSuchMethodError'{0x00000000eb0efed8}: 'java.lang.Object java.lang.invoke.DirectMethodHandle$Holder.invokeStatic(java.lang.Object, java.lang.Object, long, java.lang.Object)'> (0x00000000eb0efed8) 
thrown [s\src\hotspot\share\interpreter\linkResolver.cpp, line 759]
Event: 4.462 Thread 0x0000019ef2b1ee10 Exception <a 'java/lang/NoSuchMethodError'{0x00000000eb0f3970}: 'java.lang.Object java.lang.invoke.DirectMethodHandle$Holder.invokeStaticInit(java.lang.Object, java.lang.Object, long, java.lang.Object)'> (0x00000000eb0f3970) 
thrown [s\src\hotspot\share\interpreter\linkResolver.cpp, line 759]
Event: 4.463 Thread 0x0000019ef2b1ee10 Exception <a 'java/lang/NoSuchMethodError'{0x00000000eb0fa1c8}: 'java.lang.Object java.lang.invoke.DirectMethodHandle$Holder.newInvokeSpecial(java.lang.Object, java.lang.Object, long)'> (0x00000000eb0fa1c8) 
thrown [s\src\hotspot\share\interpreter\linkResolver.cpp, line 759]

VM Operations (20 events):
Event: 2.932 Executing VM operation: ParallelGCFailedAllocation
Event: 2.933 Executing VM operation: ParallelGCFailedAllocation done
Event: 3.247 Executing VM operation: ParallelGCFailedAllocation
Event: 3.248 Executing VM operation: ParallelGCFailedAllocation done
Event: 3.273 Executing VM operation: HandshakeAllThreads
Event: 3.273 Executing VM operation: HandshakeAllThreads done
Event: 3.380 Executing VM operation: HandshakeAllThreads
Event: 3.380 Executing VM operation: HandshakeAllThreads done
Event: 3.933 Executing VM operation: HandshakeAllThreads
Event: 3.933 Executing VM operation: HandshakeAllThreads done
Event: 3.987 Executing VM operation: HandshakeAllThreads
Event: 3.987 Executing VM operation: HandshakeAllThreads done
Event: 4.054 Executing VM operation: HandshakeAllThreads
Event: 4.054 Executing VM operation: HandshakeAllThreads done
Event: 4.157 Executing VM operation: HandshakeAllThreads
Event: 4.157 Executing VM operation: HandshakeAllThreads done
Event: 4.268 Executing VM operation: ParallelGCFailedAllocation
Event: 4.270 Executing VM operation: ParallelGCFailedAllocation done
Event: 4.325 Executing VM operation: HandshakeAllThreads
Event: 4.325 Executing VM operation: HandshakeAllThreads done

Events (20 events):
Event: 4.534 loading class sun/reflect/generics/tree/FormalTypeParameter
Event: 4.534 loading class sun/reflect/generics/tree/FormalTypeParameter done
Event: 4.534 loading class sun/reflect/generics/tree/MethodTypeSignature
Event: 4.534 loading class sun/reflect/generics/tree/Signature
Event: 4.534 loading class sun/reflect/generics/tree/Signature done
Event: 4.534 loading class sun/reflect/generics/tree/MethodTypeSignature done
Event: 4.534 loading class sun/reflect/generics/reflectiveObjects/ParameterizedTypeImpl
Event: 4.534 loading class java/lang/reflect/ParameterizedType
Event: 4.534 loading class java/lang/reflect/ParameterizedType done
Event: 4.534 loading class sun/reflect/generics/reflectiveObjects/ParameterizedTypeImpl done
Event: 4.534 loading class sun/reflect/generics/repository/ClassRepository
Event: 4.534 loading class sun/reflect/generics/repository/ClassRepository done
Event: 4.534 loading class sun/reflect/generics/tree/ClassSignature
Event: 4.534 loading class sun/reflect/generics/tree/ClassSignature done
Event: 4.534 loading class sun/reflect/generics/tree/TypeVariableSignature
Event: 4.534 loading class sun/reflect/generics/tree/TypeVariableSignature done
Event: 4.534 loading class sun/reflect/generics/reflectiveObjects/TypeVariableImpl
Event: 4.534 loading class sun/reflect/generics/reflectiveObjects/LazyReflectiveObjectGenerator
Event: 4.534 loading class sun/reflect/generics/reflectiveObjects/LazyReflectiveObjectGenerator done
Event: 4.534 loading class sun/reflect/generics/reflectiveObjects/TypeVariableImpl done


Dynamic libraries:
0x00007ff7287a0000 - 0x00007ff7287ae000 	c:\Users\Admin\.vscode\extensions\redhat.java-1.28.1-win32-x64\jre\17.0.10-win32-x86_64\bin\java.exe
0x00007ff98e5d0000 - 0x00007ff98e7e7000 	C:\WINDOWS\SYSTEM32\ntdll.dll
0x00007ff98cf30000 - 0x00007ff98cff4000 	C:\WINDOWS\System32\KERNEL32.DLL
0x00007ff98b910000 - 0x00007ff98bcb6000 	C:\WINDOWS\System32\KERNELBASE.dll
0x00007ff98c010000 - 0x00007ff98c121000 	C:\WINDOWS\System32\ucrtbase.dll
0x00007ff97b100000 - 0x00007ff97b11b000 	c:\Users\Admin\.vscode\extensions\redhat.java-1.28.1-win32-x64\jre\17.0.10-win32-x86_64\bin\VCRUNTIME140.dll
0x00007ff9726e0000 - 0x00007ff9726f7000 	c:\Users\Admin\.vscode\extensions\redhat.java-1.28.1-win32-x64\jre\17.0.10-win32-x86_64\bin\jli.dll
0x00007ff98e170000 - 0x00007ff98e31e000 	C:\WINDOWS\System32\USER32.dll
0x00007ff974e30000 - 0x00007ff9750c3000 	C:\WINDOWS\WinSxS\amd64_microsoft.windows.common-controls_6595b64144ccf1df_6.0.22621.2506_none_270c5ae97388e100\COMCTL32.dll
0x00007ff98c2f0000 - 0x00007ff98c316000 	C:\WINDOWS\System32\win32u.dll
0x00007ff98ce50000 - 0x00007ff98cef7000 	C:\WINDOWS\System32\msvcrt.dll
0x00007ff98c900000 - 0x00007ff98c929000 	C:\WINDOWS\System32\GDI32.dll
0x00007ff98c1d0000 - 0x00007ff98c2e8000 	C:\WINDOWS\System32\gdi32full.dll
0x00007ff98c130000 - 0x00007ff98c1ca000 	C:\WINDOWS\System32\msvcp_win.dll
0x00007ff98e420000 - 0x00007ff98e451000 	C:\WINDOWS\System32\IMM32.DLL
0x00007ff9883d0000 - 0x00007ff9883dc000 	c:\Users\Admin\.vscode\extensions\redhat.java-1.28.1-win32-x64\jre\17.0.10-win32-x86_64\bin\vcruntime140_1.dll
0x00007ff8ddc70000 - 0x00007ff8ddcfd000 	c:\Users\Admin\.vscode\extensions\redhat.java-1.28.1-win32-x64\jre\17.0.10-win32-x86_64\bin\msvcp140.dll
0x00007ff8b5450000 - 0x00007ff8b60b2000 	c:\Users\Admin\.vscode\extensions\redhat.java-1.28.1-win32-x64\jre\17.0.10-win32-x86_64\bin\server\jvm.dll
0x00007ff98cb70000 - 0x00007ff98cc23000 	C:\WINDOWS\System32\ADVAPI32.dll
0x00007ff98d000000 - 0x00007ff98d0a8000 	C:\WINDOWS\System32\sechost.dll
0x00007ff98bef0000 - 0x00007ff98bf18000 	C:\WINDOWS\System32\bcrypt.dll
0x00007ff98e460000 - 0x00007ff98e577000 	C:\WINDOWS\System32\RPCRT4.dll
0x00007ff98b7e0000 - 0x00007ff98b82d000 	C:\WINDOWS\SYSTEM32\POWRPROF.dll
0x00007ff985320000 - 0x00007ff985354000 	C:\WINDOWS\SYSTEM32\WINMM.dll
0x00007ff979f20000 - 0x00007ff979f29000 	C:\WINDOWS\SYSTEM32\WSOCK32.dll
0x00007ff98dc20000 - 0x00007ff98dc91000 	C:\WINDOWS\System32\WS2_32.dll
0x00007ff9841c0000 - 0x00007ff9841ca000 	C:\WINDOWS\SYSTEM32\VERSION.dll
0x00007ff98b7c0000 - 0x00007ff98b7d3000 	C:\WINDOWS\SYSTEM32\UMPDC.dll
0x00007ff98a950000 - 0x00007ff98a968000 	C:\WINDOWS\SYSTEM32\kernel.appcore.dll
0x00007ff92b010000 - 0x00007ff92b01a000 	c:\Users\Admin\.vscode\extensions\redhat.java-1.28.1-win32-x64\jre\17.0.10-win32-x86_64\bin\jimage.dll
0x00007ff9844c0000 - 0x00007ff9846f3000 	C:\WINDOWS\SYSTEM32\DBGHELP.DLL
0x00007ff98dca0000 - 0x00007ff98e029000 	C:\WINDOWS\System32\combase.dll
0x00007ff98e090000 - 0x00007ff98e167000 	C:\WINDOWS\System32\OLEAUT32.dll
0x00007ff971a00000 - 0x00007ff971a32000 	C:\WINDOWS\SYSTEM32\dbgcore.DLL
0x00007ff98bf90000 - 0x00007ff98c00a000 	C:\WINDOWS\System32\bcryptPrimitives.dll
0x00007ff92b000000 - 0x00007ff92b00e000 	c:\Users\Admin\.vscode\extensions\redhat.java-1.28.1-win32-x64\jre\17.0.10-win32-x86_64\bin\instrument.dll
0x00007ff901460000 - 0x00007ff901485000 	c:\Users\Admin\.vscode\extensions\redhat.java-1.28.1-win32-x64\jre\17.0.10-win32-x86_64\bin\java.dll
0x00007ff901440000 - 0x00007ff901458000 	c:\Users\Admin\.vscode\extensions\redhat.java-1.28.1-win32-x64\jre\17.0.10-win32-x86_64\bin\zip.dll
0x00007ff98d360000 - 0x00007ff98dbbb000 	C:\WINDOWS\System32\SHELL32.dll
0x00007ff989870000 - 0x00007ff98a166000 	C:\WINDOWS\SYSTEM32\windows.storage.dll
0x00007ff989730000 - 0x00007ff98986e000 	C:\WINDOWS\SYSTEM32\wintypes.dll
0x00007ff98e320000 - 0x00007ff98e413000 	C:\WINDOWS\System32\SHCORE.dll
0x00007ff98cce0000 - 0x00007ff98cd3e000 	C:\WINDOWS\System32\shlwapi.dll
0x00007ff98b840000 - 0x00007ff98b866000 	C:\WINDOWS\SYSTEM32\profapi.dll
0x00007ff901420000 - 0x00007ff901439000 	C:\Users\Admin\.vscode\extensions\redhat.java-1.28.1-win32-x64\jre\17.0.10-win32-x86_64\bin\net.dll
0x00007ff9859d0000 - 0x00007ff985b07000 	C:\WINDOWS\SYSTEM32\WINHTTP.dll
0x00007ff98add0000 - 0x00007ff98ae39000 	C:\WINDOWS\system32\mswsock.dll
0x00007ff901000000 - 0x00007ff901016000 	C:\Users\Admin\.vscode\extensions\redhat.java-1.28.1-win32-x64\jre\17.0.10-win32-x86_64\bin\nio.dll
0x00007ff919c50000 - 0x00007ff919c60000 	c:\Users\Admin\.vscode\extensions\redhat.java-1.28.1-win32-x64\jre\17.0.10-win32-x86_64\bin\verify.dll
0x00007ff8ec2e0000 - 0x00007ff8ec31e000 	C:\Users\Admin\AppData\Roaming\Code\User\globalStorage\redhat.java\1.28.1\config_ss_win\org.eclipse.equinox.launcher\org.eclipse.equinox.launcher.win32.win32.x86_64_1.2.900.v20240129-1338\eclipse_11900.dll
0x00007ff98d0b0000 - 0x00007ff98d250000 	C:\WINDOWS\System32\ole32.dll
0x00007ff98b020000 - 0x00007ff98b03b000 	C:\WINDOWS\SYSTEM32\CRYPTSP.dll
0x00007ff98a8b0000 - 0x00007ff98a8e5000 	C:\WINDOWS\system32\rsaenh.dll
0x00007ff98aec0000 - 0x00007ff98aeec000 	C:\WINDOWS\SYSTEM32\USERENV.dll
0x00007ff98b040000 - 0x00007ff98b04c000 	C:\WINDOWS\SYSTEM32\CRYPTBASE.dll
0x00007ff98a3d0000 - 0x00007ff98a3fd000 	C:\WINDOWS\SYSTEM32\IPHLPAPI.DLL
0x00007ff98dbc0000 - 0x00007ff98dbc9000 	C:\WINDOWS\System32\NSI.dll
0x00007ff985300000 - 0x00007ff985319000 	C:\WINDOWS\SYSTEM32\dhcpcsvc6.DLL
0x00007ff984b20000 - 0x00007ff984b3f000 	C:\WINDOWS\SYSTEM32\dhcpcsvc.DLL
0x00007ff98a440000 - 0x00007ff98a539000 	C:\WINDOWS\SYSTEM32\DNSAPI.dll
0x00007ff8ddff0000 - 0x00007ff8de035000 	C:\Users\Admin\AppData\Local\Temp\jna-63116079\jna7749128423431157490.dll
0x00007ff98e580000 - 0x00007ff98e588000 	C:\WINDOWS\System32\PSAPI.DLL

dbghelp: loaded successfully - version: 4.0.5 - missing functions: none
symbol engine: initialized successfully - sym options: 0x614 - pdb path: .;c:\Users\Admin\.vscode\extensions\redhat.java-1.28.1-win32-x64\jre\17.0.10-win32-x86_64\bin;C:\WINDOWS\SYSTEM32;C:\WINDOWS\WinSxS\amd64_microsoft.windows.common-controls_6595b64144ccf1df_6.0.22621.2506_none_270c5ae97388e100;c:\Users\Admin\.vscode\extensions\redhat.java-1.28.1-win32-x64\jre\17.0.10-win32-x86_64\bin\server;C:\Users\Admin\AppData\Roaming\Code\User\globalStorage\redhat.java\1.28.1\config_ss_win\org.eclipse.equinox.launcher\org.eclipse.equinox.launcher.win32.win32.x86_64_1.2.900.v20240129-1338;C:\Users\Admin\AppData\Local\Temp\jna-63116079

VM Arguments:
jvm_args: --add-modules=ALL-SYSTEM --add-opens=java.base/java.util=ALL-UNNAMED --add-opens=java.base/java.lang=ALL-UNNAMED --add-opens=java.base/sun.nio.fs=ALL-UNNAMED -Declipse.application=org.eclipse.jdt.ls.core.id1 -Dosgi.bundles.defaultStartLevel=4 -Declipse.product=org.eclipse.jdt.ls.core.product -Djava.import.generatesMetadataFilesAtProjectRoot=false -DDetectVMInstallationsJob.disabled=true -Dfile.encoding=utf8 -XX:+UseParallelGC -XX:GCTimeRatio=4 -XX:AdaptiveSizePolicyWeight=90 -Dsun.zip.disableMemoryMapping=true -Xmx1G -Xms100m -Xlog:disable -javaagent:c:\Users\Admin\.vscode\extensions\redhat.java-1.28.1-win32-x64\lombok\lombok-1.18.31.jar 
java_command: c:\Users\Admin\.vscode\extensions\redhat.java-1.28.1-win32-x64\server\plugins\org.eclipse.equinox.launcher_1.6.700.v20231214-2017.jar -configuration c:\Users\Admin\AppData\Roaming\Code\User\globalStorage\redhat.java\1.28.1\config_ss_win -data c:\Users\Admin\AppData\Roaming\Code\User\workspaceStorage\75a972a0f1d3fe6770d3baea9a49ca71\redhat.java\ss_ws --stdio
java_class_path (initial): c:\Users\Admin\.vscode\extensions\redhat.java-1.28.1-win32-x64\server\plugins\org.eclipse.equinox.launcher_1.6.700.v20231214-2017.jar
Launcher Type: SUN_STANDARD

[Global flags]
    uintx AdaptiveSizePolicyWeight                 = 90                                        {product} {command line}
     intx CICompilerCount                          = 4                                         {product} {ergonomic}
    uintx GCTimeRatio                              = 4                                         {product} {command line}
   size_t InitialHeapSize                          = 104857600                                 {product} {command line}
   size_t MaxHeapSize                              = 1073741824                                {product} {command line}
   size_t MaxNewSize                               = 357564416                                 {product} {ergonomic}
   size_t MinHeapDeltaBytes                        = 524288                                    {product} {ergonomic}
   size_t MinHeapSize                              = 104857600                                 {product} {command line}
   size_t NewSize                                  = 34603008                                  {product} {ergonomic}
    uintx NonNMethodCodeHeapSize                   = 5839372                                {pd product} {ergonomic}
    uintx NonProfiledCodeHeapSize                  = 122909434                              {pd product} {ergonomic}
   size_t OldSize                                  = 70254592                                  {product} {ergonomic}
    uintx ProfiledCodeHeapSize                     = 122909434                              {pd product} {ergonomic}
    uintx ReservedCodeCacheSize                    = 251658240                              {pd product} {ergonomic}
     bool SegmentedCodeCache                       = true                                      {product} {ergonomic}
   size_t SoftMaxHeapSize                          = 1073741824                             {manageable} {ergonomic}
     bool UseCompressedClassPointers               = true                           {product lp64_product} {ergonomic}
     bool UseCompressedOops                        = true                           {product lp64_product} {ergonomic}
     bool UseLargePagesIndividualAllocation        = false                                  {pd product} {ergonomic}
     bool UseParallelGC                            = true                                      {product} {command line}

Logging:
Log output configuration:
 #0: stdout all=off uptime,level,tags
 #1: stderr all=off uptime,level,tags

Environment Variables:
JAVA_HOME=C:\Program Files\Java\jdk-19
PATH=C:\Program Files\Common Files\Oracle\Java\javapath;C:\Program Files (x86)\Common Files\Intel\Shared Libraries\redist\intel64\compiler;C:\Program Files\Eclipse Adoptium\jre-8.0.345.1-hotspot\bin;C:\Program Files\Eclipse Adoptium\jre-17.0.4.8-hotspot\bin;C:\Program Files\Eclipse Adoptium\jre-11.0.16.8-hotspot\bin;C:\Program Files (x86)\Eclipse Adoptium\jre-8.0.345.1-hotspot\bin;C:\Windows\system32;C:\Windows;C:\Windows\System32\Wbem;C:\Windows\System32\WindowsPowerShell\v1.0\;C:\Windows\System32\OpenSSH\;C:\Python3;C:\Python3\scripts;C:\Python3\lib;C:\Users\Admin\AppData\Local\Microsoft\WindowsApps;C:\Users\Admin\AppData\Local\Programs\Microsoft VS Code\bin;C:\adb;C:\Program Files\nodejs\;C:\Program Files\Git\cmd;C:\WINDOWS\system32;C:\WINDOWS;C:\WINDOWS\System32\Wbem;C:\WINDOWS\System32\WindowsPowerShell\v1.0\;C:\WINDOWS\System32\OpenSSH\;C:\Users\Admin\AppData\Local\Pub\Cache\bin;C:\Program Files\Microsoft SQL Server\150\Tools\Binn\;C:\ProgramData\chocolatey\bin;F:\xampp\php;C:\ProgramData\ComposerSetup\bin;F:\xampp_new\php;C:\Program Files\Java\jdk-19\bin;C:\Program Files\Java\jdk1.8.0_202\bin;C:\Program Files\Java\jdk-19\bin;C:\Program Files (x86)\Common Files\Oracle\Java\javapath;C:\Users\Admin\AppData\Local\Microsoft\WindowsApps;C:\Users\Admin\AppData\Local\Programs\Microsoft VS Code\bin;C:\Users\Admin\AppData\Roaming\npm;F:\flutter\bin;C:\Users\Admin\AppData\Local\Pub\Cache\bin;C:\tools\dart-sdk\bin;C:\Users\Admin\AppData\Roaming\Pub\Cache\bin;C:\Users\Admin\AppData\Roaming\Composer\vendor\bin;F:\xampp_new\php;
USERNAME=Admin
OS=Windows_NT
PROCESSOR_IDENTIFIER=AMD64 Family 25 Model 80 Stepping 0, AuthenticAMD
TMP=C:\Users\Admin\AppData\Local\Temp
TEMP=C:\Users\Admin\AppData\Local\Temp



Periodic native trim disabled


---------------  S Y S T E M  ---------------

OS:
 Windows 11 , 64 bit Build 22621 (10.0.22621.3085)
OS uptime: 0 days 2:17 hours

CPU: total 12 (initial active 12) (12 cores per cpu, 2 threads per core) family 25 model 80 stepping 0 microcode 0x0, cx8, cmov, fxsr, ht, mmx, 3dnowpref, sse, sse2, sse3, ssse3, sse4a, sse4.1, sse4.2, popcnt, lzcnt, tsc, tscinvbit, avx, avx2, aes, erms, clmul, bmi1, bmi2, adx, sha, fma, vzeroupper, clflush, clflushopt
Processor Information for all 12 processors :
  Max Mhz: 3901, Current Mhz: 3901, Mhz Limit: 3901

Memory: 4k page, system-wide physical 15741M (3958M free)
TotalPageFile size 17789M (AvailPageFile size 11M)
current process WorkingSet (physical memory assigned to process): 147M, peak: 147M
current process commit charge ("private bytes"): 261M, peak: 261M

vm_info: OpenJDK 64-Bit Server VM (17.0.10+7) for windows-amd64 JRE (17.0.10+7), built on Jan 16 2024 23:25:11 by "admin" with MS VC++ 16.10 / 16.11 (VS2019)

END.
